[ 2015-12-21T10:26:46+08:00 ] 127.0.0.1 /
INFO: [ app_init ] --START--
INFO: Run Behavior\BuildLiteBehavior [ RunTime:0.000045s ]
INFO: [ app_init ] --END-- [ RunTime:0.005347s ]
INFO: [ app_begin ] --START--
INFO: Run Behavior\ReadHtmlCacheBehavior [ RunTime:0.002936s ]
INFO: [ app_begin ] --END-- [ RunTime:0.003139s ]
INFO: [ view_parse ] --START--
INFO: [ template_filter ] --START--
INFO: Run Behavior\ContentReplaceBehavior [ RunTime:0.000487s ]
INFO: [ template_filter ] --END-- [ RunTime:0.000680s ]
INFO: Run Behavior\ParseTemplateBehavior [ RunTime:0.120097s ]
INFO: [ view_parse ] --END-- [ RunTime:0.120311s ]
INFO: [ view_filter ] --START--
INFO: Run Behavior\WriteHtmlCacheBehavior [ RunTime:0.004646s ]
INFO: [ view_filter ] --END-- [ RunTime:0.004822s ]
INFO: [ app_end ] --START--
INFO: Run Behavior\ShowPageTraceBehavior [ RunTime:0.002273s ]
INFO: [ app_end ] --END-- [ RunTime:0.002469s ]

[ 2015-12-21T10:34:31+08:00 ] 127.0.0.1 /
INFO: [ app_init ] --START--
INFO: Run Behavior\BuildLiteBehavior [ RunTime:0.000050s ]
INFO: [ app_init ] --END-- [ RunTime:0.001138s ]
INFO: [ app_begin ] --START--
INFO: Run Behavior\ReadHtmlCacheBehavior [ RunTime:0.002490s ]
INFO: [ app_begin ] --END-- [ RunTime:0.002790s ]
INFO: [ view_parse ] --START--
INFO: [ template_filter ] --START--
INFO: Run Behavior\ContentReplaceBehavior [ RunTime:0.009464s ]
INFO: [ template_filter ] --END-- [ RunTime:0.009684s ]
INFO: Run Behavior\ParseTemplateBehavior [ RunTime:0.133122s ]
INFO: [ view_parse ] --END-- [ RunTime:0.133333s ]
INFO: [ view_filter ] --START--
INFO: Run Behavior\WriteHtmlCacheBehavior [ RunTime:0.001156s ]
INFO: [ view_filter ] --END-- [ RunTime:0.001357s ]
INFO: [ app_end ] --START--
INFO: Run Behavior\ShowPageTraceBehavior [ RunTime:0.002227s ]
INFO: [ app_end ] --END-- [ RunTime:0.002435s ]

[ 2015-12-21T10:41:22+08:00 ] 127.0.0.1 /index.php/Home/User/login
INFO: [ app_init ] --START--
INFO: Run Behavior\BuildLiteBehavior [ RunTime:0.000043s ]
INFO: [ app_init ] --END-- [ RunTime:0.001792s ]
INFO: [ app_begin ] --START--
INFO: Run Behavior\ReadHtmlCacheBehavior [ RunTime:0.002021s ]
INFO: [ app_begin ] --END-- [ RunTime:0.002276s ]
INFO: [ view_parse ] --START--
INFO: [ template_filter ] --START--
INFO: Run Behavior\ContentReplaceBehavior [ RunTime:0.000165s ]
INFO: [ template_filter ] --END-- [ RunTime:0.001994s ]
INFO: Run Behavior\ParseTemplateBehavior [ RunTime:0.049277s ]
INFO: [ view_parse ] --END-- [ RunTime:0.049519s ]
INFO: [ view_filter ] --START--
INFO: Run Behavior\WriteHtmlCacheBehavior [ RunTime:0.001257s ]
INFO: [ view_filter ] --END-- [ RunTime:0.001465s ]
INFO: [ app_end ] --START--
INFO: Run Behavior\ShowPageTraceBehavior [ RunTime:0.001832s ]
INFO: [ app_end ] --END-- [ RunTime:0.002009s ]

[ 2015-12-21T10:41:28+08:00 ] 127.0.0.1 /index.php/Home/User/regist
INFO: [ app_init ] --START--
INFO: Run Behavior\BuildLiteBehavior [ RunTime:0.000361s ]
INFO: [ app_init ] --END-- [ RunTime:0.001552s ]
INFO: [ app_begin ] --START--
INFO: Run Behavior\ReadHtmlCacheBehavior [ RunTime:0.023389s ]
INFO: [ app_begin ] --END-- [ RunTime:0.023620s ]
INFO: [ view_parse ] --START--
INFO: [ template_filter ] --START--
INFO: Run Behavior\ContentReplaceBehavior [ RunTime:0.000155s ]
INFO: [ template_filter ] --END-- [ RunTime:0.000354s ]
INFO: Run Behavior\ParseTemplateBehavior [ RunTime:0.083775s ]
INFO: [ view_parse ] --END-- [ RunTime:0.083994s ]
INFO: [ view_filter ] --START--
INFO: Run Behavior\WriteHtmlCacheBehavior [ RunTime:0.001049s ]
INFO: [ view_filter ] --END-- [ RunTime:0.001214s ]
INFO: [ app_end ] --START--
INFO: Run Behavior\ShowPageTraceBehavior [ RunTime:0.003381s ]
INFO: [ app_end ] --END-- [ RunTime:0.003580s ]

[ 2015-12-21T10:42:20+08:00 ] 127.0.0.1 /index.php/Home/User/login
INFO: [ app_init ] --START--
INFO: Run Behavior\BuildLiteBehavior [ RunTime:0.000042s ]
INFO: [ app_init ] --END-- [ RunTime:0.001187s ]
INFO: [ app_begin ] --START--
INFO: Run Behavior\ReadHtmlCacheBehavior [ RunTime:0.001380s ]
INFO: [ app_begin ] --END-- [ RunTime:0.001567s ]
INFO: [ view_parse ] --START--
INFO: [ template_filter ] --START--
INFO: Run Behavior\ContentReplaceBehavior [ RunTime:0.000420s ]
INFO: [ template_filter ] --END-- [ RunTime:0.000608s ]
INFO: Run Behavior\ParseTemplateBehavior [ RunTime:0.024513s ]
INFO: [ view_parse ] --END-- [ RunTime:0.024704s ]
INFO: [ view_filter ] --START--
INFO: Run Behavior\WriteHtmlCacheBehavior [ RunTime:0.000915s ]
INFO: [ view_filter ] --END-- [ RunTime:0.001072s ]
INFO: [ app_end ] --START--
INFO: Run Behavior\ShowPageTraceBehavior [ RunTime:0.002588s ]
INFO: [ app_end ] --END-- [ RunTime:0.002769s ]

[ 2015-12-21T15:15:39+08:00 ] 127.0.0.1 /index.php/Home/User/login
INFO: [ app_init ] --START--
INFO: Run Behavior\BuildLiteBehavior [ RunTime:0.000067s ]
INFO: [ app_init ] --END-- [ RunTime:0.001553s ]
INFO: [ app_begin ] --START--
INFO: Run Behavior\ReadHtmlCacheBehavior [ RunTime:0.001931s ]
INFO: [ app_begin ] --END-- [ RunTime:0.002133s ]
INFO: [ view_parse ] --START--
INFO: [ template_filter ] --START--
INFO: Run Behavior\ContentReplaceBehavior [ RunTime:0.000139s ]
INFO: [ template_filter ] --END-- [ RunTime:0.000301s ]
INFO: Run Behavior\ParseTemplateBehavior [ RunTime:0.034101s ]
INFO: [ view_parse ] --END-- [ RunTime:0.034412s ]
INFO: [ view_filter ] --START--
INFO: Run Behavior\WriteHtmlCacheBehavior [ RunTime:0.001082s ]
INFO: [ view_filter ] --END-- [ RunTime:0.001308s ]
INFO: [ app_end ] --START--
INFO: Run Behavior\ShowPageTraceBehavior [ RunTime:0.001558s ]
INFO: [ app_end ] --END-- [ RunTime:0.001741s ]

[ 2015-12-21T15:15:51+08:00 ] 127.0.0.1 /index.php/Home/User/regist
INFO: [ app_init ] --START--
INFO: Run Behavior\BuildLiteBehavior [ RunTime:0.000042s ]
INFO: [ app_init ] --END-- [ RunTime:0.001144s ]
INFO: [ app_begin ] --START--
INFO: Run Behavior\ReadHtmlCacheBehavior [ RunTime:0.004161s ]
INFO: [ app_begin ] --END-- [ RunTime:0.004353s ]
INFO: [ view_parse ] --START--
INFO: [ template_filter ] --START--
INFO: Run Behavior\ContentReplaceBehavior [ RunTime:0.000181s ]
INFO: [ template_filter ] --END-- [ RunTime:0.014734s ]
INFO: Run Behavior\ParseTemplateBehavior [ RunTime:0.138577s ]
INFO: [ view_parse ] --END-- [ RunTime:0.138770s ]
INFO: [ view_filter ] --START--
INFO: Run Behavior\WriteHtmlCacheBehavior [ RunTime:0.000845s ]
INFO: [ view_filter ] --END-- [ RunTime:0.000988s ]
INFO: [ app_end ] --START--
INFO: Run Behavior\ShowPageTraceBehavior [ RunTime:0.001400s ]
INFO: [ app_end ] --END-- [ RunTime:0.001566s ]

[ 2015-12-21T15:18:49+08:00 ] 127.0.0.1 /index.php/Home/User/login
INFO: [ app_init ] --START--
INFO: Run Behavior\BuildLiteBehavior [ RunTime:0.000044s ]
INFO: [ app_init ] --END-- [ RunTime:0.001516s ]
INFO: [ app_begin ] --START--
INFO: Run Behavior\ReadHtmlCacheBehavior [ RunTime:0.002884s ]
INFO: [ app_begin ] --END-- [ RunTime:0.003146s ]
INFO: [ view_parse ] --START--
INFO: [ template_filter ] --START--
INFO: Run Behavior\ContentReplaceBehavior [ RunTime:0.000333s ]
INFO: [ template_filter ] --END-- [ RunTime:0.000512s ]
INFO: Run Behavior\ParseTemplateBehavior [ RunTime:0.028119s ]
INFO: [ view_parse ] --END-- [ RunTime:0.028450s ]
INFO: [ view_filter ] --START--
INFO: Run Behavior\WriteHtmlCacheBehavior [ RunTime:0.011030s ]
INFO: [ view_filter ] --END-- [ RunTime:0.011241s ]
INFO: [ app_end ] --START--
INFO: Run Behavior\ShowPageTraceBehavior [ RunTime:0.003661s ]
INFO: [ app_end ] --END-- [ RunTime:0.003842s ]

[ 2015-12-21T15:19:00+08:00 ] 127.0.0.1 /index.php/Home/User/regist
INFO: [ app_init ] --START--
INFO: Run Behavior\BuildLiteBehavior [ RunTime:0.000053s ]
INFO: [ app_init ] --END-- [ RunTime:0.002247s ]
INFO: [ app_begin ] --START--
INFO: Run Behavior\ReadHtmlCacheBehavior [ RunTime:0.001979s ]
INFO: [ app_begin ] --END-- [ RunTime:0.002182s ]
INFO: [ view_parse ] --START--
INFO: [ template_filter ] --START--
INFO: Run Behavior\ContentReplaceBehavior [ RunTime:0.000192s ]
INFO: [ template_filter ] --END-- [ RunTime:0.000391s ]
INFO: Run Behavior\ParseTemplateBehavior [ RunTime:0.038358s ]
INFO: [ view_parse ] --END-- [ RunTime:0.038578s ]
INFO: [ view_filter ] --START--
INFO: Run Behavior\WriteHtmlCacheBehavior [ RunTime:0.001074s ]
INFO: [ view_filter ] --END-- [ RunTime:0.001243s ]
INFO: [ app_end ] --START--
INFO: Run Behavior\ShowPageTraceBehavior [ RunTime:0.001734s ]
INFO: [ app_end ] --END-- [ RunTime:0.002071s ]

[ 2015-12-21T15:19:42+08:00 ] 127.0.0.1 /index.php/Home/User/regist
INFO: [ app_init ] --START--
INFO: Run Behavior\BuildLiteBehavior [ RunTime:0.000042s ]
INFO: [ app_init ] --END-- [ RunTime:0.001392s ]
INFO: [ app_begin ] --START--
INFO: Run Behavior\ReadHtmlCacheBehavior [ RunTime:0.001829s ]
INFO: [ app_begin ] --END-- [ RunTime:0.002060s ]
INFO: [ view_parse ] --START--
INFO: [ template_filter ] --START--
INFO: Run Behavior\ContentReplaceBehavior [ RunTime:0.000664s ]
INFO: [ template_filter ] --END-- [ RunTime:0.001510s ]
INFO: Run Behavior\ParseTemplateBehavior [ RunTime:0.051679s ]
INFO: [ view_parse ] --END-- [ RunTime:0.051897s ]
INFO: [ view_filter ] --START--
INFO: Run Behavior\WriteHtmlCacheBehavior [ RunTime:0.001084s ]
INFO: [ view_filter ] --END-- [ RunTime:0.001276s ]
INFO: [ app_end ] --START--
INFO: Run Behavior\ShowPageTraceBehavior [ RunTime:0.001620s ]
INFO: [ app_end ] --END-- [ RunTime:0.001832s ]

[ 2015-12-21T15:21:43+08:00 ] 127.0.0.1 /index.php/Home/User/login
INFO: [ app_init ] --START--
INFO: Run Behavior\BuildLiteBehavior [ RunTime:0.000038s ]
INFO: [ app_init ] --END-- [ RunTime:0.001089s ]
INFO: [ app_begin ] --START--
INFO: Run Behavior\ReadHtmlCacheBehavior [ RunTime:0.001974s ]
INFO: [ app_begin ] --END-- [ RunTime:0.002160s ]
INFO: [ view_parse ] --START--
INFO: [ template_filter ] --START--
INFO: Run Behavior\ContentReplaceBehavior [ RunTime:0.000171s ]
INFO: [ template_filter ] --END-- [ RunTime:0.000372s ]
INFO: Run Behavior\ParseTemplateBehavior [ RunTime:0.035930s ]
INFO: [ view_parse ] --END-- [ RunTime:0.036158s ]
INFO: [ view_filter ] --START--
INFO: Run Behavior\WriteHtmlCacheBehavior [ RunTime:0.001001s ]
INFO: [ view_filter ] --END-- [ RunTime:0.001154s ]
INFO: [ app_end ] --START--
INFO: Run Behavior\ShowPageTraceBehavior [ RunTime:0.001360s ]
INFO: [ app_end ] --END-- [ RunTime:0.001494s ]

[ 2015-12-21T15:22:31+08:00 ] 127.0.0.1 /index.php/Home/User/login
INFO: [ app_init ] --START--
INFO: Run Behavior\BuildLiteBehavior [ RunTime:0.000041s ]
INFO: [ app_init ] --END-- [ RunTime:0.001106s ]
INFO: [ app_begin ] --START--
INFO: Run Behavior\ReadHtmlCacheBehavior [ RunTime:0.001719s ]
INFO: [ app_begin ] --END-- [ RunTime:0.001912s ]
INFO: [ view_parse ] --START--
INFO: [ template_filter ] --START--
INFO: Run Behavior\ContentReplaceBehavior [ RunTime:0.000166s ]
INFO: [ template_filter ] --END-- [ RunTime:0.000362s ]
INFO: Run Behavior\ParseTemplateBehavior [ RunTime:0.041802s ]
INFO: [ view_parse ] --END-- [ RunTime:0.041994s ]
INFO: [ view_filter ] --START--
INFO: Run Behavior\WriteHtmlCacheBehavior [ RunTime:0.001107s ]
INFO: [ view_filter ] --END-- [ RunTime:0.001270s ]
INFO: [ app_end ] --START--
INFO: Run Behavior\ShowPageTraceBehavior [ RunTime:0.005756s ]
INFO: [ app_end ] --END-- [ RunTime:0.005947s ]

[ 2015-12-21T15:22:38+08:00 ] 127.0.0.1 /index.php/Home/User/regist
INFO: [ app_init ] --START--
INFO: Run Behavior\BuildLiteBehavior [ RunTime:0.000057s ]
INFO: [ app_init ] --END-- [ RunTime:0.003740s ]
INFO: [ app_begin ] --START--
INFO: Run Behavior\ReadHtmlCacheBehavior [ RunTime:0.002715s ]
INFO: [ app_begin ] --END-- [ RunTime:0.002931s ]
INFO: [ view_parse ] --START--
INFO: [ template_filter ] --START--
INFO: Run Behavior\ContentReplaceBehavior [ RunTime:0.000184s ]
INFO: [ template_filter ] --END-- [ RunTime:0.000391s ]
INFO: Run Behavior\ParseTemplateBehavior [ RunTime:0.022906s ]
INFO: [ view_parse ] --END-- [ RunTime:0.023101s ]
INFO: [ view_filter ] --START--
INFO: Run Behavior\WriteHtmlCacheBehavior [ RunTime:0.006596s ]
INFO: [ view_filter ] --END-- [ RunTime:0.006774s ]
INFO: [ app_end ] --START--
INFO: Run Behavior\ShowPageTraceBehavior [ RunTime:0.011673s ]
INFO: [ app_end ] --END-- [ RunTime:0.011862s ]

[ 2015-12-21T15:22:57+08:00 ] 127.0.0.1 /
INFO: [ app_init ] --START--
INFO: Run Behavior\BuildLiteBehavior [ RunTime:0.000041s ]
INFO: [ app_init ] --END-- [ RunTime:0.001718s ]
INFO: [ app_begin ] --START--
INFO: Run Behavior\ReadHtmlCacheBehavior [ RunTime:0.001412s ]
INFO: [ app_begin ] --END-- [ RunTime:0.001631s ]
INFO: [ view_parse ] --START--
INFO: [ template_filter ] --START--
INFO: Run Behavior\ContentReplaceBehavior [ RunTime:0.000510s ]
INFO: [ template_filter ] --END-- [ RunTime:0.000704s ]
INFO: Run Behavior\ParseTemplateBehavior [ RunTime:0.071237s ]
INFO: [ view_parse ] --END-- [ RunTime:0.071438s ]
INFO: [ view_filter ] --START--
INFO: Run Behavior\WriteHtmlCacheBehavior [ RunTime:0.001221s ]
INFO: [ view_filter ] --END-- [ RunTime:0.001836s ]
INFO: [ app_end ] --START--
INFO: Run Behavior\ShowPageTraceBehavior [ RunTime:0.001860s ]
INFO: [ app_end ] --END-- [ RunTime:0.002107s ]

[ 2015-12-21T15:24:03+08:00 ] 127.0.0.1 /
INFO: [ app_init ] --START--
INFO: Run Behavior\BuildLiteBehavior [ RunTime:0.000042s ]
INFO: [ app_init ] --END-- [ RunTime:0.002328s ]
INFO: [ app_begin ] --START--
INFO: Run Behavior\ReadHtmlCacheBehavior [ RunTime:0.002935s ]
INFO: [ app_begin ] --END-- [ RunTime:0.003132s ]
INFO: [ view_parse ] --START--
INFO: [ template_filter ] --START--
INFO: Run Behavior\ContentReplaceBehavior [ RunTime:0.000766s ]
INFO: [ template_filter ] --END-- [ RunTime:0.000986s ]
INFO: Run Behavior\ParseTemplateBehavior [ RunTime:0.112139s ]
INFO: [ view_parse ] --END-- [ RunTime:0.112338s ]
INFO: [ view_filter ] --START--
INFO: Run Behavior\WriteHtmlCacheBehavior [ RunTime:0.000754s ]
INFO: [ view_filter ] --END-- [ RunTime:0.000898s ]
INFO: [ app_end ] --START--
INFO: Run Behavior\ShowPageTraceBehavior [ RunTime:0.001384s ]
INFO: [ app_end ] --END-- [ RunTime:0.001553s ]

[ 2015-12-21T15:25:42+08:00 ] 127.0.0.1 /
INFO: [ app_init ] --START--
INFO: Run Behavior\BuildLiteBehavior [ RunTime:0.000045s ]
INFO: [ app_init ] --END-- [ RunTime:0.001610s ]
INFO: [ app_begin ] --START--
INFO: Run Behavior\ReadHtmlCacheBehavior [ RunTime:0.001756s ]
INFO: [ app_begin ] --END-- [ RunTime:0.001963s ]
INFO: [ view_parse ] --START--
NOTIC: [2] simplexml_load_string() [<a href='function.simplexml-load-string'>function.simplexml-load-string</a>]: Entity: line 2: parser error : StartTag: invalid element name E:\web\php41\ThinkPHP\Library\Think\Template.class.php 第 275 行.
NOTIC: [2] simplexml_load_string() [<a href='function.simplexml-load-string'>function.simplexml-load-string</a>]: &lt;!DOCTYPE html PUBLIC &quot;-//W3C//DTD XHTML 1.0 Transitional//EN&quot; &quot;http://www.w3.or E:\web\php41\ThinkPHP\Library\Think\Template.class.php 第 275 行.
NOTIC: [2] simplexml_load_string() [<a href='function.simplexml-load-string'>function.simplexml-load-string</a>]:  ^ E:\web\php41\ThinkPHP\Library\Think\Template.class.php 第 275 行.
NOTIC: [2] simplexml_load_string() [<a href='function.simplexml-load-string'>function.simplexml-load-string</a>]: Entity: line 17: parser error : Opening and ending tag mismatch: link line 12 and head E:\web\php41\ThinkPHP\Library\Think\Template.class.php 第 275 行.
NOTIC: [2] simplexml_load_string() [<a href='function.simplexml-load-string'>function.simplexml-load-string</a>]: &lt;/head&gt; E:\web\php41\ThinkPHP\Library\Think\Template.class.php 第 275 行.
NOTIC: [2] simplexml_load_string() [<a href='function.simplexml-load-string'>function.simplexml-load-string</a>]:        ^ E:\web\php41\ThinkPHP\Library\Think\Template.class.php 第 275 行.
NOTIC: [2] simplexml_load_string() [<a href='function.simplexml-load-string'>function.simplexml-load-string</a>]: Entity: line 45: parser error : Opening and ending tag mismatch: img line 45 and a E:\web\php41\ThinkPHP\Library\Think\Template.class.php 第 275 行.
NOTIC: [2] simplexml_load_string() [<a href='function.simplexml-load-string'>function.simplexml-load-string</a>]: =&quot;index.html&quot;&gt;&lt;img src=&quot;{$Think.config.IMG_URL}logo.png&quot; alt=&quot;京西商城&quot;&gt;&lt;/a&gt; E:\web\php41\ThinkPHP\Library\Think\Template.class.php 第 275 行.
NOTIC: [2] simplexml_load_string() [<a href='function.simplexml-load-string'>function.simplexml-load-string</a>]:                                                                                ^ E:\web\php41\ThinkPHP\Library\Think\Template.class.php 第 275 行.
NOTIC: [2] simplexml_load_string() [<a href='function.simplexml-load-string'>function.simplexml-load-string</a>]: Entity: line 45: parser error : Opening and ending tag mismatch: a line 45 and h1 E:\web\php41\ThinkPHP\Library\Think\Template.class.php 第 275 行.
NOTIC: [2] simplexml_load_string() [<a href='function.simplexml-load-string'>function.simplexml-load-string</a>]: dex.html&quot;&gt;&lt;img src=&quot;{$Think.config.IMG_URL}logo.png&quot; alt=&quot;京西商城&quot;&gt;&lt;/a&gt;&lt;/h1 E:\web\php41\ThinkPHP\Library\Think\Template.class.php 第 275 行.
NOTIC: [2] simplexml_load_string() [<a href='function.simplexml-load-string'>function.simplexml-load-string</a>]:                                                                                ^ E:\web\php41\ThinkPHP\Library\Think\Template.class.php 第 275 行.
NOTIC: [2] simplexml_load_string() [<a href='function.simplexml-load-string'>function.simplexml-load-string</a>]: Entity: line 51: parser error : Opening and ending tag mismatch: form line 50 and tpl E:\web\php41\ThinkPHP\Library\Think\Template.class.php 第 275 行.
NOTIC: [2] simplexml_load_string() [<a href='function.simplexml-load-string'>function.simplexml-load-string</a>]: 						&lt;input type=&quot;text&quot; class=&quot;txt&quot; value=&quot;请输入商品关键字&quot; /&gt;&lt;/tpl&gt; E:\web\php41\ThinkPHP\Library\Think\Template.class.php 第 275 行.
NOTIC: [2] simplexml_load_string() [<a href='function.simplexml-load-string'>function.simplexml-load-string</a>]: 						                                                                        ^ E:\web\php41\ThinkPHP\Library\Think\Template.class.php 第 275 行.
NOTIC: [2] simplexml_load_string() [<a href='function.simplexml-load-string'>function.simplexml-load-string</a>]: Entity: line 51: parser error : Premature end of data in tag div line 48 E:\web\php41\ThinkPHP\Library\Think\Template.class.php 第 275 行.
NOTIC: [2] simplexml_load_string() [<a href='function.simplexml-load-string'>function.simplexml-load-string</a>]: 						&lt;input type=&quot;text&quot; class=&quot;txt&quot; value=&quot;请输入商品关键字&quot; /&gt;&lt;/tpl&gt; E:\web\php41\ThinkPHP\Library\Think\Template.class.php 第 275 行.
NOTIC: [2] simplexml_load_string() [<a href='function.simplexml-load-string'>function.simplexml-load-string</a>]: 						                                                                        ^ E:\web\php41\ThinkPHP\Library\Think\Template.class.php 第 275 行.
NOTIC: [2] simplexml_load_string() [<a href='function.simplexml-load-string'>function.simplexml-load-string</a>]: Entity: line 51: parser error : Premature end of data in tag div line 47 E:\web\php41\ThinkPHP\Library\Think\Template.class.php 第 275 行.
NOTIC: [2] simplexml_load_string() [<a href='function.simplexml-load-string'>function.simplexml-load-string</a>]: 						&lt;input type=&quot;text&quot; class=&quot;txt&quot; value=&quot;请输入商品关键字&quot; /&gt;&lt;/tpl&gt; E:\web\php41\ThinkPHP\Library\Think\Template.class.php 第 275 行.
NOTIC: [2] simplexml_load_string() [<a href='function.simplexml-load-string'>function.simplexml-load-string</a>]: 						                                                                        ^ E:\web\php41\ThinkPHP\Library\Think\Template.class.php 第 275 行.
NOTIC: [2] simplexml_load_string() [<a href='function.simplexml-load-string'>function.simplexml-load-string</a>]: Entity: line 51: parser error : Premature end of data in tag h1 line 45 E:\web\php41\ThinkPHP\Library\Think\Template.class.php 第 275 行.
NOTIC: [2] simplexml_load_string() [<a href='function.simplexml-load-string'>function.simplexml-load-string</a>]: 						&lt;input type=&quot;text&quot; class=&quot;txt&quot; value=&quot;请输入商品关键字&quot; /&gt;&lt;/tpl&gt; E:\web\php41\ThinkPHP\Library\Think\Template.class.php 第 275 行.
NOTIC: [2] simplexml_load_string() [<a href='function.simplexml-load-string'>function.simplexml-load-string</a>]: 						                                                                        ^ E:\web\php41\ThinkPHP\Library\Think\Template.class.php 第 275 行.
NOTIC: [2] simplexml_load_string() [<a href='function.simplexml-load-string'>function.simplexml-load-string</a>]: Entity: line 51: parser error : Premature end of data in tag div line 44 E:\web\php41\ThinkPHP\Library\Think\Template.class.php 第 275 行.
NOTIC: [2] simplexml_load_string() [<a href='function.simplexml-load-string'>function.simplexml-load-string</a>]: 						&lt;input type=&quot;text&quot; class=&quot;txt&quot; value=&quot;请输入商品关键字&quot; /&gt;&lt;/tpl&gt; E:\web\php41\ThinkPHP\Library\Think\Template.class.php 第 275 行.
NOTIC: [2] simplexml_load_string() [<a href='function.simplexml-load-string'>function.simplexml-load-string</a>]: 						                                                                        ^ E:\web\php41\ThinkPHP\Library\Think\Template.class.php 第 275 行.
NOTIC: [2] simplexml_load_string() [<a href='function.simplexml-load-string'>function.simplexml-load-string</a>]: Entity: line 51: parser error : Premature end of data in tag div line 42 E:\web\php41\ThinkPHP\Library\Think\Template.class.php 第 275 行.
NOTIC: [2] simplexml_load_string() [<a href='function.simplexml-load-string'>function.simplexml-load-string</a>]: 						&lt;input type=&quot;text&quot; class=&quot;txt&quot; value=&quot;请输入商品关键字&quot; /&gt;&lt;/tpl&gt; E:\web\php41\ThinkPHP\Library\Think\Template.class.php 第 275 行.
NOTIC: [2] simplexml_load_string() [<a href='function.simplexml-load-string'>function.simplexml-load-string</a>]: 						                                                                        ^ E:\web\php41\ThinkPHP\Library\Think\Template.class.php 第 275 行.
NOTIC: [2] simplexml_load_string() [<a href='function.simplexml-load-string'>function.simplexml-load-string</a>]: Entity: line 51: parser error : Premature end of data in tag body line 18 E:\web\php41\ThinkPHP\Library\Think\Template.class.php 第 275 行.
NOTIC: [2] simplexml_load_string() [<a href='function.simplexml-load-string'>function.simplexml-load-string</a>]: 						&lt;input type=&quot;text&quot; class=&quot;txt&quot; value=&quot;请输入商品关键字&quot; /&gt;&lt;/tpl&gt; E:\web\php41\ThinkPHP\Library\Think\Template.class.php 第 275 行.
NOTIC: [2] simplexml_load_string() [<a href='function.simplexml-load-string'>function.simplexml-load-string</a>]: 						                                                                        ^ E:\web\php41\ThinkPHP\Library\Think\Template.class.php 第 275 行.
NOTIC: [2] simplexml_load_string() [<a href='function.simplexml-load-string'>function.simplexml-load-string</a>]: Entity: line 51: parser error : Premature end of data in tag link line 11 E:\web\php41\ThinkPHP\Library\Think\Template.class.php 第 275 行.
NOTIC: [2] simplexml_load_string() [<a href='function.simplexml-load-string'>function.simplexml-load-string</a>]: 						&lt;input type=&quot;text&quot; class=&quot;txt&quot; value=&quot;请输入商品关键字&quot; /&gt;&lt;/tpl&gt; E:\web\php41\ThinkPHP\Library\Think\Template.class.php 第 275 行.
NOTIC: [2] simplexml_load_string() [<a href='function.simplexml-load-string'>function.simplexml-load-string</a>]: 						                                                                        ^ E:\web\php41\ThinkPHP\Library\Think\Template.class.php 第 275 行.
NOTIC: [2] simplexml_load_string() [<a href='function.simplexml-load-string'>function.simplexml-load-string</a>]: Entity: line 51: parser error : Premature end of data in tag link line 10 E:\web\php41\ThinkPHP\Library\Think\Template.class.php 第 275 行.
NOTIC: [2] simplexml_load_string() [<a href='function.simplexml-load-string'>function.simplexml-load-string</a>]: 						&lt;input type=&quot;text&quot; class=&quot;txt&quot; value=&quot;请输入商品关键字&quot; /&gt;&lt;/tpl&gt; E:\web\php41\ThinkPHP\Library\Think\Template.class.php 第 275 行.
NOTIC: [2] simplexml_load_string() [<a href='function.simplexml-load-string'>function.simplexml-load-string</a>]: 						                                                                        ^ E:\web\php41\ThinkPHP\Library\Think\Template.class.php 第 275 行.
NOTIC: [2] simplexml_load_string() [<a href='function.simplexml-load-string'>function.simplexml-load-string</a>]: Entity: line 51: parser error : Premature end of data in tag link line 9 E:\web\php41\ThinkPHP\Library\Think\Template.class.php 第 275 行.
NOTIC: [2] simplexml_load_string() [<a href='function.simplexml-load-string'>function.simplexml-load-string</a>]: 						&lt;input type=&quot;text&quot; class=&quot;txt&quot; value=&quot;请输入商品关键字&quot; /&gt;&lt;/tpl&gt; E:\web\php41\ThinkPHP\Library\Think\Template.class.php 第 275 行.
NOTIC: [2] simplexml_load_string() [<a href='function.simplexml-load-string'>function.simplexml-load-string</a>]: 						                                                                        ^ E:\web\php41\ThinkPHP\Library\Think\Template.class.php 第 275 行.
NOTIC: [2] simplexml_load_string() [<a href='function.simplexml-load-string'>function.simplexml-load-string</a>]: Entity: line 51: parser error : Premature end of data in tag link line 8 E:\web\php41\ThinkPHP\Library\Think\Template.class.php 第 275 行.
NOTIC: [2] simplexml_load_string() [<a href='function.simplexml-load-string'>function.simplexml-load-string</a>]: 						&lt;input type=&quot;text&quot; class=&quot;txt&quot; value=&quot;请输入商品关键字&quot; /&gt;&lt;/tpl&gt; E:\web\php41\ThinkPHP\Library\Think\Template.class.php 第 275 行.
NOTIC: [2] simplexml_load_string() [<a href='function.simplexml-load-string'>function.simplexml-load-string</a>]: 						                                                                        ^ E:\web\php41\ThinkPHP\Library\Think\Template.class.php 第 275 行.
NOTIC: [2] simplexml_load_string() [<a href='function.simplexml-load-string'>function.simplexml-load-string</a>]: Entity: line 51: parser error : Premature end of data in tag link line 7 E:\web\php41\ThinkPHP\Library\Think\Template.class.php 第 275 行.
NOTIC: [2] simplexml_load_string() [<a href='function.simplexml-load-string'>function.simplexml-load-string</a>]: 						&lt;input type=&quot;text&quot; class=&quot;txt&quot; value=&quot;请输入商品关键字&quot; /&gt;&lt;/tpl&gt; E:\web\php41\ThinkPHP\Library\Think\Template.class.php 第 275 行.
NOTIC: [2] simplexml_load_string() [<a href='function.simplexml-load-string'>function.simplexml-load-string</a>]: 						                                                                        ^ E:\web\php41\ThinkPHP\Library\Think\Template.class.php 第 275 行.
NOTIC: [2] simplexml_load_string() [<a href='function.simplexml-load-string'>function.simplexml-load-string</a>]: Entity: line 51: parser error : Premature end of data in tag meta line 5 E:\web\php41\ThinkPHP\Library\Think\Template.class.php 第 275 行.
NOTIC: [2] simplexml_load_string() [<a href='function.simplexml-load-string'>function.simplexml-load-string</a>]: 						&lt;input type=&quot;text&quot; class=&quot;txt&quot; value=&quot;请输入商品关键字&quot; /&gt;&lt;/tpl&gt; E:\web\php41\ThinkPHP\Library\Think\Template.class.php 第 275 行.
NOTIC: [2] simplexml_load_string() [<a href='function.simplexml-load-string'>function.simplexml-load-string</a>]: 						                                                                        ^ E:\web\php41\ThinkPHP\Library\Think\Template.class.php 第 275 行.
NOTIC: [2] simplexml_load_string() [<a href='function.simplexml-load-string'>function.simplexml-load-string</a>]: Entity: line 51: parser error : Premature end of data in tag head line 4 E:\web\php41\ThinkPHP\Library\Think\Template.class.php 第 275 行.
NOTIC: [2] simplexml_load_string() [<a href='function.simplexml-load-string'>function.simplexml-load-string</a>]: 						&lt;input type=&quot;text&quot; class=&quot;txt&quot; value=&quot;请输入商品关键字&quot; /&gt;&lt;/tpl&gt; E:\web\php41\ThinkPHP\Library\Think\Template.class.php 第 275 行.
NOTIC: [2] simplexml_load_string() [<a href='function.simplexml-load-string'>function.simplexml-load-string</a>]: 						                                                                        ^ E:\web\php41\ThinkPHP\Library\Think\Template.class.php 第 275 行.
NOTIC: [2] simplexml_load_string() [<a href='function.simplexml-load-string'>function.simplexml-load-string</a>]: Entity: line 51: parser error : Premature end of data in tag html line 3 E:\web\php41\ThinkPHP\Library\Think\Template.class.php 第 275 行.
NOTIC: [2] simplexml_load_string() [<a href='function.simplexml-load-string'>function.simplexml-load-string</a>]: 						&lt;input type=&quot;text&quot; class=&quot;txt&quot; value=&quot;请输入商品关键字&quot; /&gt;&lt;/tpl&gt; E:\web\php41\ThinkPHP\Library\Think\Template.class.php 第 275 行.
NOTIC: [2] simplexml_load_string() [<a href='function.simplexml-load-string'>function.simplexml-load-string</a>]: 						                                                                        ^ E:\web\php41\ThinkPHP\Library\Think\Template.class.php 第 275 行.
NOTIC: [2] simplexml_load_string() [<a href='function.simplexml-load-string'>function.simplexml-load-string</a>]: Entity: line 51: parser error : Premature end of data in tag tag line 1 E:\web\php41\ThinkPHP\Library\Think\Template.class.php 第 275 行.
NOTIC: [2] simplexml_load_string() [<a href='function.simplexml-load-string'>function.simplexml-load-string</a>]: 						&lt;input type=&quot;text&quot; class=&quot;txt&quot; value=&quot;请输入商品关键字&quot; /&gt;&lt;/tpl&gt; E:\web\php41\ThinkPHP\Library\Think\Template.class.php 第 275 行.
NOTIC: [2] simplexml_load_string() [<a href='function.simplexml-load-string'>function.simplexml-load-string</a>]: 						                                                                        ^ E:\web\php41\ThinkPHP\Library\Think\Template.class.php 第 275 行.
NOTIC: [2] simplexml_load_string() [<a href='function.simplexml-load-string'>function.simplexml-load-string</a>]: Entity: line 51: parser error : Premature end of data in tag tpl line 1 E:\web\php41\ThinkPHP\Library\Think\Template.class.php 第 275 行.
NOTIC: [2] simplexml_load_string() [<a href='function.simplexml-load-string'>function.simplexml-load-string</a>]: 						&lt;input type=&quot;text&quot; class=&quot;txt&quot; value=&quot;请输入商品关键字&quot; /&gt;&lt;/tpl&gt; E:\web\php41\ThinkPHP\Library\Think\Template.class.php 第 275 行.
NOTIC: [2] simplexml_load_string() [<a href='function.simplexml-load-string'>function.simplexml-load-string</a>]: 						                                                                        ^ E:\web\php41\ThinkPHP\Library\Think\Template.class.php 第 275 行.
ERR: XML标签语法错误

[ 2015-12-21T15:26:02+08:00 ] 127.0.0.1 /
INFO: [ app_init ] --START--
INFO: Run Behavior\BuildLiteBehavior [ RunTime:0.000043s ]
INFO: [ app_init ] --END-- [ RunTime:0.001016s ]
INFO: [ app_begin ] --START--
INFO: Run Behavior\ReadHtmlCacheBehavior [ RunTime:0.001498s ]
INFO: [ app_begin ] --END-- [ RunTime:0.001681s ]
INFO: [ view_parse ] --START--
INFO: [ template_filter ] --START--
INFO: Run Behavior\ContentReplaceBehavior [ RunTime:0.002212s ]
INFO: [ template_filter ] --END-- [ RunTime:0.002451s ]
INFO: Run Behavior\ParseTemplateBehavior [ RunTime:0.077449s ]
INFO: [ view_parse ] --END-- [ RunTime:0.077649s ]
INFO: [ view_filter ] --START--
INFO: Run Behavior\WriteHtmlCacheBehavior [ RunTime:0.001064s ]
INFO: [ view_filter ] --END-- [ RunTime:0.001219s ]
INFO: [ app_end ] --START--
INFO: Run Behavior\ShowPageTraceBehavior [ RunTime:0.001722s ]
INFO: [ app_end ] --END-- [ RunTime:0.001910s ]

[ 2015-12-21T15:26:32+08:00 ] 127.0.0.1 /
INFO: [ app_init ] --START--
INFO: Run Behavior\BuildLiteBehavior [ RunTime:0.000040s ]
INFO: [ app_init ] --END-- [ RunTime:0.001301s ]
INFO: [ app_begin ] --START--
INFO: Run Behavior\ReadHtmlCacheBehavior [ RunTime:0.002082s ]
INFO: [ app_begin ] --END-- [ RunTime:0.002289s ]
INFO: [ view_parse ] --START--
INFO: [ template_filter ] --START--
INFO: Run Behavior\ContentReplaceBehavior [ RunTime:0.000503s ]
INFO: [ template_filter ] --END-- [ RunTime:0.000687s ]
INFO: Run Behavior\ParseTemplateBehavior [ RunTime:0.153173s ]
INFO: [ view_parse ] --END-- [ RunTime:0.153374s ]
INFO: [ view_filter ] --START--
INFO: Run Behavior\WriteHtmlCacheBehavior [ RunTime:0.001880s ]
INFO: [ view_filter ] --END-- [ RunTime:0.002049s ]
INFO: [ app_end ] --START--
INFO: Run Behavior\ShowPageTraceBehavior [ RunTime:0.007258s ]
INFO: [ app_end ] --END-- [ RunTime:0.007452s ]

[ 2015-12-21T15:28:06+08:00 ] 127.0.0.1 /
INFO: [ app_init ] --START--
INFO: Run Behavior\BuildLiteBehavior [ RunTime:0.000042s ]
INFO: [ app_init ] --END-- [ RunTime:0.001361s ]
INFO: [ app_begin ] --START--
INFO: Run Behavior\ReadHtmlCacheBehavior [ RunTime:0.008716s ]
INFO: [ app_begin ] --END-- [ RunTime:0.008954s ]
INFO: [ view_parse ] --START--
INFO: [ template_filter ] --START--
INFO: Run Behavior\ContentReplaceBehavior [ RunTime:0.000517s ]
INFO: [ template_filter ] --END-- [ RunTime:0.000773s ]
INFO: Run Behavior\ParseTemplateBehavior [ RunTime:0.125748s ]
INFO: [ view_parse ] --END-- [ RunTime:0.126083s ]
INFO: [ view_filter ] --START--
INFO: Run Behavior\WriteHtmlCacheBehavior [ RunTime:0.002155s ]
INFO: [ view_filter ] --END-- [ RunTime:0.002345s ]
INFO: [ app_end ] --START--
INFO: Run Behavior\ShowPageTraceBehavior [ RunTime:0.002002s ]
INFO: [ app_end ] --END-- [ RunTime:0.002225s ]

[ 2015-12-21T15:28:08+08:00 ] 127.0.0.1 /
INFO: [ app_init ] --START--
INFO: Run Behavior\BuildLiteBehavior [ RunTime:0.000040s ]
INFO: [ app_init ] --END-- [ RunTime:0.001335s ]
INFO: [ app_begin ] --START--
INFO: Run Behavior\ReadHtmlCacheBehavior [ RunTime:0.001859s ]
INFO: [ app_begin ] --END-- [ RunTime:0.002054s ]
INFO: [ view_parse ] --START--
INFO: [ template_filter ] --START--
INFO: Run Behavior\ContentReplaceBehavior [ RunTime:0.000521s ]
INFO: [ template_filter ] --END-- [ RunTime:0.000702s ]
INFO: Run Behavior\ParseTemplateBehavior [ RunTime:0.111310s ]
INFO: [ view_parse ] --END-- [ RunTime:0.111543s ]
INFO: [ view_filter ] --START--
INFO: Run Behavior\WriteHtmlCacheBehavior [ RunTime:0.001519s ]
INFO: [ view_filter ] --END-- [ RunTime:0.001710s ]
INFO: [ app_end ] --START--
INFO: Run Behavior\ShowPageTraceBehavior [ RunTime:0.002060s ]
INFO: [ app_end ] --END-- [ RunTime:0.002286s ]

[ 2015-12-21T15:28:10+08:00 ] 127.0.0.1 /
INFO: [ app_init ] --START--
INFO: Run Behavior\BuildLiteBehavior [ RunTime:0.000042s ]
INFO: [ app_init ] --END-- [ RunTime:0.001190s ]
INFO: [ app_begin ] --START--
INFO: Run Behavior\ReadHtmlCacheBehavior [ RunTime:0.002485s ]
INFO: [ app_begin ] --END-- [ RunTime:0.002711s ]
INFO: [ view_parse ] --START--
INFO: [ template_filter ] --START--
INFO: Run Behavior\ContentReplaceBehavior [ RunTime:0.000515s ]
INFO: [ template_filter ] --END-- [ RunTime:0.000883s ]
INFO: Run Behavior\ParseTemplateBehavior [ RunTime:0.173120s ]
INFO: [ view_parse ] --END-- [ RunTime:0.173339s ]
INFO: [ view_filter ] --START--
INFO: Run Behavior\WriteHtmlCacheBehavior [ RunTime:0.001273s ]
INFO: [ view_filter ] --END-- [ RunTime:0.001449s ]
INFO: [ app_end ] --START--
INFO: Run Behavior\ShowPageTraceBehavior [ RunTime:0.001770s ]
INFO: [ app_end ] --END-- [ RunTime:0.001966s ]

[ 2015-12-21T15:28:15+08:00 ] 127.0.0.1 /
INFO: [ app_init ] --START--
INFO: Run Behavior\BuildLiteBehavior [ RunTime:0.000049s ]
INFO: [ app_init ] --END-- [ RunTime:0.001205s ]
INFO: [ app_begin ] --START--
INFO: Run Behavior\ReadHtmlCacheBehavior [ RunTime:0.008421s ]
INFO: [ app_begin ] --END-- [ RunTime:0.008753s ]
INFO: [ view_parse ] --START--
INFO: [ template_filter ] --START--
INFO: Run Behavior\ContentReplaceBehavior [ RunTime:0.000503s ]
INFO: [ template_filter ] --END-- [ RunTime:0.000678s ]
INFO: Run Behavior\ParseTemplateBehavior [ RunTime:0.099709s ]
INFO: [ view_parse ] --END-- [ RunTime:0.099917s ]
INFO: [ view_filter ] --START--
INFO: Run Behavior\WriteHtmlCacheBehavior [ RunTime:0.001300s ]
INFO: [ view_filter ] --END-- [ RunTime:0.001473s ]
INFO: [ app_end ] --START--
INFO: Run Behavior\ShowPageTraceBehavior [ RunTime:0.002033s ]
INFO: [ app_end ] --END-- [ RunTime:0.002231s ]

