[ 2016-01-02T09:37:36+08:00 ] 127.0.0.1 /index.php/Home/Goods/style/goods.css
ERR: 非法操作:style

[ 2016-01-02T09:37:36+08:00 ] 127.0.0.1 /index.php/Home/Goods/style/jqzoom.css
ERR: 非法操作:style

[ 2016-01-02T09:37:36+08:00 ] 127.0.0.1 /index.php/Home/Goods/style/common.css
ERR: 非法操作:style

[ 2016-01-02T09:37:36+08:00 ] 127.0.0.1 /index.php/Home/Goods/js/goods.js
ERR: 非法操作:js

[ 2016-01-02T09:37:37+08:00 ] 127.0.0.1 /index.php/Home/Goods/js/jqzoom-core.js
ERR: 非法操作:js

[ 2016-01-02T09:37:37+08:00 ] 127.0.0.1 /index.php/Home/Goods/js/jqzoom-core.js
ERR: 非法操作:js

[ 2016-01-02T15:54:52+08:00 ] 127.0.0.1 /index.php/Home/Shop/addCart.html?goods_id=32
INFO: [ app_begin ] --START--
INFO: Run Behavior\ReadHtmlCacheBehavior [ RunTime:0.001710s ]
INFO: [ app_begin ] --END-- [ RunTime:0.003396s ]
SQL: SHOW COLUMNS FROM `php41_goods` [ RunTime:0.0114s ]
ERR: SQLSTATE[42S22]: Column not found: 1054 Unknown column '' in 'field list'

[ 2016-01-02T15:55:14+08:00 ] 127.0.0.1 /index.php/Home/Shop/addCart.html?goods_id=32
INFO: [ app_begin ] --START--
INFO: Run Behavior\ReadHtmlCacheBehavior [ RunTime:0.001344s ]
INFO: [ app_begin ] --END-- [ RunTime:0.002409s ]
SQL: SHOW COLUMNS FROM `php41_goods` [ RunTime:0.0147s ]
ERR: SQLSTATE[42S22]: Column not found: 1054 Unknown column '' in 'field list'

[ 2016-01-02T15:56:22+08:00 ] 127.0.0.1 /index.php/Home/Shop/addCart.html?goods_id=32
INFO: [ app_begin ] --START--
INFO: Run Behavior\ReadHtmlCacheBehavior [ RunTime:0.001701s ]
INFO: [ app_begin ] --END-- [ RunTime:0.003099s ]
SQL: SHOW COLUMNS FROM `php41_goods` [ RunTime:0.0148s ]
SQL: SELECT `goods_name`,`goods_shop_price` FROM `php41_goods` WHERE `goods_id` = 32 LIMIT 1   [ RunTime:0.0007s ]
INFO: [ app_end ] --START--
INFO: Run Behavior\ShowPageTraceBehavior [ RunTime:0.001527s ]
INFO: [ app_end ] --END-- [ RunTime:0.001704s ]

[ 2016-01-02T15:58:50+08:00 ] 127.0.0.1 /index.php/Home/Shop/addCart.html?goods_id=32
INFO: [ app_begin ] --START--
INFO: Run Behavior\ReadHtmlCacheBehavior [ RunTime:0.001719s ]
INFO: [ app_begin ] --END-- [ RunTime:0.003308s ]
SQL: SHOW COLUMNS FROM `php41_goods` [ RunTime:0.0088s ]
SQL: SELECT `goods_name`,`goods_shop_price` FROM `php41_goods` WHERE `goods_id` = 32 LIMIT 1   [ RunTime:0.0006s ]
INFO: [ app_end ] --START--
INFO: Run Behavior\ShowPageTraceBehavior [ RunTime:0.001540s ]
INFO: [ app_end ] --END-- [ RunTime:0.001697s ]

[ 2016-01-02T16:00:43+08:00 ] 127.0.0.1 /index.php/Home/Shop/addCart.html?goods_id=32
INFO: [ app_begin ] --START--
INFO: Run Behavior\ReadHtmlCacheBehavior [ RunTime:0.005026s ]
INFO: [ app_begin ] --END-- [ RunTime:0.007576s ]
SQL: SHOW COLUMNS FROM `php41_goods` [ RunTime:0.0118s ]
SQL: SELECT `goods_name`,`goods_shop_price` FROM `php41_goods` WHERE `goods_id` = 32 LIMIT 1   [ RunTime:0.0009s ]
INFO: [ app_end ] --START--
INFO: Run Behavior\ShowPageTraceBehavior [ RunTime:0.001375s ]
INFO: [ app_end ] --END-- [ RunTime:0.001598s ]

[ 2016-01-02T16:02:34+08:00 ] 127.0.0.1 /index.php/Home/Shop/addCart.html?goods_id=32
INFO: [ app_begin ] --START--
INFO: Run Behavior\ReadHtmlCacheBehavior [ RunTime:0.002550s ]
INFO: [ app_begin ] --END-- [ RunTime:0.003925s ]
SQL: SHOW COLUMNS FROM `php41_goods` [ RunTime:0.0098s ]
SQL: SELECT `goods_name`,`goods_shop_price` FROM `php41_goods` WHERE `goods_id` = 32 LIMIT 1   [ RunTime:0.0007s ]
INFO: [ app_end ] --START--
INFO: Run Behavior\ShowPageTraceBehavior [ RunTime:0.001710s ]
INFO: [ app_end ] --END-- [ RunTime:0.001938s ]

[ 2016-01-02T16:05:57+08:00 ] 127.0.0.1 /index.php/Home/Shop/addCart.html?goods_id=32
INFO: [ app_begin ] --START--
INFO: Run Behavior\ReadHtmlCacheBehavior [ RunTime:0.001370s ]
INFO: [ app_begin ] --END-- [ RunTime:0.002409s ]
SQL: SHOW COLUMNS FROM `php41_goods` [ RunTime:0.0106s ]
SQL: SELECT `goods_name`,`goods_shop_price` FROM `php41_goods` WHERE `goods_id` = 32 LIMIT 1   [ RunTime:0.0008s ]
INFO: [ app_end ] --START--
INFO: Run Behavior\ShowPageTraceBehavior [ RunTime:0.005189s ]
INFO: [ app_end ] --END-- [ RunTime:0.005395s ]

[ 2016-01-02T16:06:23+08:00 ] 127.0.0.1 /index.php/Home/Shop/addCart.html?goods_id=32
INFO: [ app_begin ] --START--
INFO: Run Behavior\ReadHtmlCacheBehavior [ RunTime:0.001404s ]
INFO: [ app_begin ] --END-- [ RunTime:0.002735s ]
SQL: SHOW COLUMNS FROM `php41_goods` [ RunTime:0.0104s ]
SQL: SELECT `goods_name`,`goods_shop_price` FROM `php41_goods` WHERE `goods_id` = 32 LIMIT 1   [ RunTime:0.0007s ]
INFO: [ app_end ] --START--
INFO: Run Behavior\ShowPageTraceBehavior [ RunTime:0.001493s ]
INFO: [ app_end ] --END-- [ RunTime:0.001770s ]

[ 2016-01-02T16:11:03+08:00 ] 127.0.0.1 /index.php/Home/Shop/addCart.html?goods_id=32
INFO: [ app_begin ] --START--
INFO: Run Behavior\ReadHtmlCacheBehavior [ RunTime:0.001619s ]
INFO: [ app_begin ] --END-- [ RunTime:0.002739s ]
SQL: SHOW COLUMNS FROM `php41_goods` [ RunTime:0.0117s ]
SQL: SELECT `goods_name`,`goods_shop_price` FROM `php41_goods` WHERE `goods_id` = 32 LIMIT 1   [ RunTime:0.0005s ]
INFO: [ app_end ] --START--
INFO: Run Behavior\ShowPageTraceBehavior [ RunTime:0.001509s ]
INFO: [ app_end ] --END-- [ RunTime:0.001647s ]

[ 2016-01-02T16:18:50+08:00 ] 127.0.0.1 /index.php/Home/Shop/addCart.html?goods_id=32
INFO: [ app_begin ] --START--
INFO: Run Behavior\ReadHtmlCacheBehavior [ RunTime:0.007695s ]
INFO: [ app_begin ] --END-- [ RunTime:0.009379s ]
SQL: SHOW COLUMNS FROM `php41_goods` [ RunTime:0.0104s ]
SQL: SELECT `goods_name`,`goods_shop_price` FROM `php41_goods` WHERE `goods_id` = 32 LIMIT 1   [ RunTime:0.0009s ]
INFO: [ app_end ] --START--
INFO: Run Behavior\ShowPageTraceBehavior [ RunTime:0.002155s ]
INFO: [ app_end ] --END-- [ RunTime:0.002352s ]

[ 2016-01-02T16:18:53+08:00 ] 127.0.0.1 /index.php/Home/Shop/addCart.html?goods_id=32
INFO: [ app_begin ] --START--
INFO: Run Behavior\ReadHtmlCacheBehavior [ RunTime:0.001715s ]
INFO: [ app_begin ] --END-- [ RunTime:0.003041s ]
SQL: SHOW COLUMNS FROM `php41_goods` [ RunTime:0.0119s ]
SQL: SELECT `goods_name`,`goods_shop_price` FROM `php41_goods` WHERE `goods_id` = 32 LIMIT 1   [ RunTime:0.0007s ]
INFO: [ app_end ] --START--
INFO: Run Behavior\ShowPageTraceBehavior [ RunTime:0.003428s ]
INFO: [ app_end ] --END-- [ RunTime:0.003685s ]

[ 2016-01-02T16:19:13+08:00 ] 127.0.0.1 /index.php/Home/Shop/addCart.html?goods_id=33
INFO: [ app_begin ] --START--
INFO: Run Behavior\ReadHtmlCacheBehavior [ RunTime:0.001053s ]
INFO: [ app_begin ] --END-- [ RunTime:0.001784s ]
SQL: SHOW COLUMNS FROM `php41_goods` [ RunTime:0.0105s ]
SQL: SELECT `goods_name`,`goods_shop_price` FROM `php41_goods` WHERE `goods_id` = 33 LIMIT 1   [ RunTime:0.0006s ]
INFO: [ app_end ] --START--
INFO: Run Behavior\ShowPageTraceBehavior [ RunTime:0.001413s ]
INFO: [ app_end ] --END-- [ RunTime:0.001609s ]

[ 2016-01-02T16:19:28+08:00 ] 127.0.0.1 /index.php/Home/Shop/addCart.html?goods_id=31
INFO: [ app_begin ] --START--
INFO: Run Behavior\ReadHtmlCacheBehavior [ RunTime:0.001637s ]
INFO: [ app_begin ] --END-- [ RunTime:0.002998s ]
SQL: SHOW COLUMNS FROM `php41_goods` [ RunTime:0.0109s ]
SQL: SELECT `goods_name`,`goods_shop_price` FROM `php41_goods` WHERE `goods_id` = 31 LIMIT 1   [ RunTime:0.0008s ]
INFO: [ app_end ] --START--
INFO: Run Behavior\ShowPageTraceBehavior [ RunTime:0.001635s ]
INFO: [ app_end ] --END-- [ RunTime:0.001856s ]

[ 2016-01-02T16:19:40+08:00 ] 127.0.0.1 /index.php/Home/Shop/addCart.html?goods_id=31
INFO: [ app_begin ] --START--
INFO: Run Behavior\ReadHtmlCacheBehavior [ RunTime:0.001575s ]
INFO: [ app_begin ] --END-- [ RunTime:0.002749s ]
SQL: SHOW COLUMNS FROM `php41_goods` [ RunTime:0.0117s ]
SQL: SELECT `goods_name`,`goods_shop_price` FROM `php41_goods` WHERE `goods_id` = 31 LIMIT 1   [ RunTime:0.0006s ]
INFO: [ app_end ] --START--
INFO: Run Behavior\ShowPageTraceBehavior [ RunTime:0.001435s ]
INFO: [ app_end ] --END-- [ RunTime:0.001615s ]

[ 2016-01-02T16:25:20+08:00 ] 127.0.0.1 /index.php/Home/Shop/style/cart.css
ERR: 非法操作:style

[ 2016-01-02T16:25:20+08:00 ] 127.0.0.1 /index.php/Home/Shop/style/footer.css
ERR: 非法操作:style

[ 2016-01-02T16:25:20+08:00 ] 127.0.0.1 /index.php/Home/Shop/style/header.css
ERR: 非法操作:style

[ 2016-01-02T16:25:20+08:00 ] 127.0.0.1 /index.php/Home/Shop/style/base.css
ERR: 非法操作:style

[ 2016-01-02T16:25:20+08:00 ] 127.0.0.1 /index.php/Home/Shop/style/global.css
ERR: 非法操作:style

[ 2016-01-02T16:25:20+08:00 ] 127.0.0.1 /index.php/Home/Shop/js/jquery-1.8.3.min.js
ERR: 非法操作:js

[ 2016-01-02T16:25:20+08:00 ] 127.0.0.1 /index.php/Home/Shop/js/cart1.js
ERR: 非法操作:js

[ 2016-01-02T16:25:20+08:00 ] 127.0.0.1 /index.php/Home/Shop/js/cart1.js
ERR: 非法操作:js

[ 2016-01-02T16:29:29+08:00 ] 127.0.0.1 /index.php/Home/Shop/style/cart.css
ERR: 非法操作:style

[ 2016-01-02T16:29:29+08:00 ] 127.0.0.1 /index.php/Home/Shop/js/cart1.js
ERR: 非法操作:js

[ 2016-01-02T17:11:08+08:00 ] 127.0.0.1 /index.php/Home/Shop/delCart.html?goods_id=31
INFO: [ app_begin ] --START--
INFO: Run Behavior\ReadHtmlCacheBehavior [ RunTime:0.001312s ]
INFO: [ app_begin ] --END-- [ RunTime:0.002279s ]
INFO: [ app_end ] --START--
INFO: Run Behavior\ShowPageTraceBehavior [ RunTime:0.001794s ]
INFO: [ app_end ] --END-- [ RunTime:0.001994s ]

[ 2016-01-02T17:11:17+08:00 ] 127.0.0.1 /index.php/Home/Shop/delCart.html?goods_id=33
INFO: [ app_begin ] --START--
INFO: Run Behavior\ReadHtmlCacheBehavior [ RunTime:0.001816s ]
INFO: [ app_begin ] --END-- [ RunTime:0.003037s ]
INFO: [ app_end ] --START--
INFO: Run Behavior\ShowPageTraceBehavior [ RunTime:0.001379s ]
INFO: [ app_end ] --END-- [ RunTime:0.001564s ]

[ 2016-01-02T17:11:56+08:00 ] 127.0.0.1 /index.php/Home/Shop/addCart.html?goods_id=32
INFO: [ app_begin ] --START--
INFO: Run Behavior\ReadHtmlCacheBehavior [ RunTime:0.001423s ]
INFO: [ app_begin ] --END-- [ RunTime:0.002515s ]
SQL: SHOW COLUMNS FROM `php41_goods` [ RunTime:0.0108s ]
SQL: SELECT `goods_name`,`goods_shop_price` FROM `php41_goods` WHERE `goods_id` = 32 LIMIT 1   [ RunTime:0.0007s ]
INFO: [ app_end ] --START--
INFO: Run Behavior\ShowPageTraceBehavior [ RunTime:0.001390s ]
INFO: [ app_end ] --END-- [ RunTime:0.001832s ]

[ 2016-01-02T17:12:04+08:00 ] 127.0.0.1 /index.php/Home/Shop/addCart.html?goods_id=30
INFO: [ app_begin ] --START--
INFO: Run Behavior\ReadHtmlCacheBehavior [ RunTime:0.001444s ]
INFO: [ app_begin ] --END-- [ RunTime:0.003024s ]
SQL: SHOW COLUMNS FROM `php41_goods` [ RunTime:0.0211s ]
SQL: SELECT `goods_name`,`goods_shop_price` FROM `php41_goods` WHERE `goods_id` = 30 LIMIT 1   [ RunTime:0.0007s ]
INFO: [ app_end ] --START--
INFO: Run Behavior\ShowPageTraceBehavior [ RunTime:0.001424s ]
INFO: [ app_end ] --END-- [ RunTime:0.001617s ]

[ 2016-01-02T17:12:12+08:00 ] 127.0.0.1 /index.php/Home/Shop/addCart.html?goods_id=29
INFO: [ app_begin ] --START--
INFO: Run Behavior\ReadHtmlCacheBehavior [ RunTime:0.002742s ]
INFO: [ app_begin ] --END-- [ RunTime:0.003943s ]
SQL: SHOW COLUMNS FROM `php41_goods` [ RunTime:0.0108s ]
SQL: SELECT `goods_name`,`goods_shop_price` FROM `php41_goods` WHERE `goods_id` = 29 LIMIT 1   [ RunTime:0.0009s ]
INFO: [ app_end ] --START--
INFO: Run Behavior\ShowPageTraceBehavior [ RunTime:0.002384s ]
INFO: [ app_end ] --END-- [ RunTime:0.002584s ]

[ 2016-01-02T17:16:21+08:00 ] 127.0.0.1 /index.php/Home/Shop/delCart.html?goods_id=30
INFO: [ app_begin ] --START--
INFO: Run Behavior\ReadHtmlCacheBehavior [ RunTime:0.001733s ]
INFO: [ app_begin ] --END-- [ RunTime:0.002966s ]
NOTIC: [2] json_encode() expects parameter 2 to be long, array given E:\web\php41\shop\Home\Controller\ShopController.class.php 第 55 行.
INFO: [ app_end ] --START--
INFO: Run Behavior\ShowPageTraceBehavior [ RunTime:0.002123s ]
INFO: [ app_end ] --END-- [ RunTime:0.002618s ]

[ 2016-01-02T17:16:57+08:00 ] 127.0.0.1 /index.php/Home/Shop/delCart.html?goods_id=29
INFO: [ app_begin ] --START--
INFO: Run Behavior\ReadHtmlCacheBehavior [ RunTime:0.001358s ]
INFO: [ app_begin ] --END-- [ RunTime:0.002554s ]
NOTIC: [2] json_encode() expects parameter 2 to be long, array given E:\web\php41\shop\Home\Controller\ShopController.class.php 第 55 行.
INFO: [ app_end ] --START--
INFO: Run Behavior\ShowPageTraceBehavior [ RunTime:0.001403s ]
INFO: [ app_end ] --END-- [ RunTime:0.001551s ]

[ 2016-01-02T17:17:24+08:00 ] 127.0.0.1 /index.php/Home/Shop/delCart.html?goods_id=32
INFO: [ app_begin ] --START--
INFO: Run Behavior\ReadHtmlCacheBehavior [ RunTime:0.032307s ]
INFO: [ app_begin ] --END-- [ RunTime:0.033627s ]
NOTIC: [2] json_encode() expects parameter 2 to be long, array given E:\web\php41\shop\Home\Controller\ShopController.class.php 第 55 行.
INFO: [ app_end ] --START--
INFO: Run Behavior\ShowPageTraceBehavior [ RunTime:0.006259s ]
INFO: [ app_end ] --END-- [ RunTime:0.006834s ]

[ 2016-01-02T17:17:50+08:00 ] 127.0.0.1 /index.php/Home/Shop/addCart.html?goods_id=29
INFO: [ app_begin ] --START--
INFO: Run Behavior\ReadHtmlCacheBehavior [ RunTime:0.003976s ]
INFO: [ app_begin ] --END-- [ RunTime:0.005993s ]
SQL: SHOW COLUMNS FROM `php41_goods` [ RunTime:0.0112s ]
SQL: SELECT `goods_name`,`goods_shop_price` FROM `php41_goods` WHERE `goods_id` = 29 LIMIT 1   [ RunTime:0.0007s ]
INFO: [ app_end ] --START--
INFO: Run Behavior\ShowPageTraceBehavior [ RunTime:0.001390s ]
INFO: [ app_end ] --END-- [ RunTime:0.001814s ]

[ 2016-01-02T17:17:58+08:00 ] 127.0.0.1 /index.php/Home/Shop/addCart.html?goods_id=32
INFO: [ app_begin ] --START--
INFO: Run Behavior\ReadHtmlCacheBehavior [ RunTime:0.001260s ]
INFO: [ app_begin ] --END-- [ RunTime:0.002327s ]
SQL: SHOW COLUMNS FROM `php41_goods` [ RunTime:0.0129s ]
SQL: SELECT `goods_name`,`goods_shop_price` FROM `php41_goods` WHERE `goods_id` = 32 LIMIT 1   [ RunTime:0.0008s ]
INFO: [ app_end ] --START--
INFO: Run Behavior\ShowPageTraceBehavior [ RunTime:0.001499s ]
INFO: [ app_end ] --END-- [ RunTime:0.001687s ]

[ 2016-01-02T17:18:07+08:00 ] 127.0.0.1 /index.php/Home/Shop/addCart.html?goods_id=26
INFO: [ app_begin ] --START--
INFO: Run Behavior\ReadHtmlCacheBehavior [ RunTime:0.001555s ]
INFO: [ app_begin ] --END-- [ RunTime:0.002587s ]
SQL: SHOW COLUMNS FROM `php41_goods` [ RunTime:0.0111s ]
SQL: SELECT `goods_name`,`goods_shop_price` FROM `php41_goods` WHERE `goods_id` = 26 LIMIT 1   [ RunTime:0.0006s ]
INFO: [ app_end ] --START--
INFO: Run Behavior\ShowPageTraceBehavior [ RunTime:0.002016s ]
INFO: [ app_end ] --END-- [ RunTime:0.002203s ]

[ 2016-01-02T17:18:18+08:00 ] 127.0.0.1 /index.php/Home/Shop/delCart.html?goods_id=32
INFO: [ app_begin ] --START--
INFO: Run Behavior\ReadHtmlCacheBehavior [ RunTime:0.012579s ]
INFO: [ app_begin ] --END-- [ RunTime:0.016288s ]
INFO: [ app_end ] --START--
INFO: Run Behavior\ShowPageTraceBehavior [ RunTime:0.001911s ]
INFO: [ app_end ] --END-- [ RunTime:0.002144s ]

[ 2016-01-02T17:18:40+08:00 ] 127.0.0.1 /index.php/Home/Shop/delCart.html?goods_id=26
INFO: [ app_begin ] --START--
INFO: Run Behavior\ReadHtmlCacheBehavior [ RunTime:0.001687s ]
INFO: [ app_begin ] --END-- [ RunTime:0.003518s ]
INFO: [ app_end ] --START--
INFO: Run Behavior\ShowPageTraceBehavior [ RunTime:0.009811s ]
INFO: [ app_end ] --END-- [ RunTime:0.010193s ]

[ 2016-01-02T17:18:43+08:00 ] 127.0.0.1 /index.php/Home/Shop/delCart.html?goods_id=29
INFO: [ app_begin ] --START--
INFO: Run Behavior\ReadHtmlCacheBehavior [ RunTime:0.001473s ]
INFO: [ app_begin ] --END-- [ RunTime:0.002693s ]
INFO: [ app_end ] --START--
INFO: Run Behavior\ShowPageTraceBehavior [ RunTime:0.001786s ]
INFO: [ app_end ] --END-- [ RunTime:0.001991s ]

[ 2016-01-02T17:19:24+08:00 ] 127.0.0.1 /index.php/Home/Shop/addCart.html?goods_id=26
INFO: [ app_begin ] --START--
INFO: Run Behavior\ReadHtmlCacheBehavior [ RunTime:0.002927s ]
INFO: [ app_begin ] --END-- [ RunTime:0.004190s ]
SQL: SHOW COLUMNS FROM `php41_goods` [ RunTime:0.0127s ]
SQL: SELECT `goods_name`,`goods_shop_price` FROM `php41_goods` WHERE `goods_id` = 26 LIMIT 1   [ RunTime:0.0006s ]
INFO: [ app_end ] --START--
INFO: Run Behavior\ShowPageTraceBehavior [ RunTime:0.002471s ]
INFO: [ app_end ] --END-- [ RunTime:0.002861s ]

[ 2016-01-02T17:19:31+08:00 ] 127.0.0.1 /index.php/Home/Shop/addCart.html?goods_id=28
INFO: [ app_begin ] --START--
INFO: Run Behavior\ReadHtmlCacheBehavior [ RunTime:0.001767s ]
INFO: [ app_begin ] --END-- [ RunTime:0.002776s ]
SQL: SHOW COLUMNS FROM `php41_goods` [ RunTime:0.0116s ]
SQL: SELECT `goods_name`,`goods_shop_price` FROM `php41_goods` WHERE `goods_id` = 28 LIMIT 1   [ RunTime:0.0007s ]
INFO: [ app_end ] --START--
INFO: Run Behavior\ShowPageTraceBehavior [ RunTime:0.001545s ]
INFO: [ app_end ] --END-- [ RunTime:0.001734s ]

[ 2016-01-02T17:19:38+08:00 ] 127.0.0.1 /index.php/Home/Shop/addCart.html?goods_id=23
INFO: [ app_begin ] --START--
INFO: Run Behavior\ReadHtmlCacheBehavior [ RunTime:0.001865s ]
INFO: [ app_begin ] --END-- [ RunTime:0.002941s ]
SQL: SHOW COLUMNS FROM `php41_goods` [ RunTime:0.0120s ]
SQL: SELECT `goods_name`,`goods_shop_price` FROM `php41_goods` WHERE `goods_id` = 23 LIMIT 1   [ RunTime:0.0006s ]
INFO: [ app_end ] --START--
INFO: Run Behavior\ShowPageTraceBehavior [ RunTime:0.004622s ]
INFO: [ app_end ] --END-- [ RunTime:0.004822s ]

[ 2016-01-02T17:19:50+08:00 ] 127.0.0.1 /index.php/Home/Shop/delCart.html?goods_id=28
INFO: [ app_begin ] --START--
INFO: Run Behavior\ReadHtmlCacheBehavior [ RunTime:0.001634s ]
INFO: [ app_begin ] --END-- [ RunTime:0.002781s ]
INFO: [ app_end ] --START--
INFO: Run Behavior\ShowPageTraceBehavior [ RunTime:0.002101s ]
INFO: [ app_end ] --END-- [ RunTime:0.002302s ]

[ 2016-01-02T17:19:55+08:00 ] 127.0.0.1 /index.php/Home/Shop/delCart.html?goods_id=23
INFO: [ app_begin ] --START--
INFO: Run Behavior\ReadHtmlCacheBehavior [ RunTime:0.004228s ]
INFO: [ app_begin ] --END-- [ RunTime:0.005956s ]
INFO: [ app_end ] --START--
INFO: Run Behavior\ShowPageTraceBehavior [ RunTime:0.001503s ]
INFO: [ app_end ] --END-- [ RunTime:0.001687s ]

[ 2016-01-02T17:34:14+08:00 ] 127.0.0.1 /index.php/Home/Shop/addCart.html?goods_id=23
INFO: [ app_begin ] --START--
INFO: Run Behavior\ReadHtmlCacheBehavior [ RunTime:0.001859s ]
INFO: [ app_begin ] --END-- [ RunTime:0.002998s ]
SQL: SHOW COLUMNS FROM `php41_goods` [ RunTime:0.0109s ]
SQL: SELECT `goods_name`,`goods_shop_price` FROM `php41_goods` WHERE `goods_id` = 23 LIMIT 1   [ RunTime:0.0006s ]
INFO: [ app_end ] --START--
INFO: Run Behavior\ShowPageTraceBehavior [ RunTime:0.001453s ]
INFO: [ app_end ] --END-- [ RunTime:0.001633s ]

[ 2016-01-02T17:34:23+08:00 ] 127.0.0.1 /index.php/Home/Shop/addCart.html?goods_id=21
INFO: [ app_begin ] --START--
INFO: Run Behavior\ReadHtmlCacheBehavior [ RunTime:0.001487s ]
INFO: [ app_begin ] --END-- [ RunTime:0.002471s ]
SQL: SHOW COLUMNS FROM `php41_goods` [ RunTime:0.0126s ]
SQL: SELECT `goods_name`,`goods_shop_price` FROM `php41_goods` WHERE `goods_id` = 21 LIMIT 1   [ RunTime:0.0007s ]
INFO: [ app_end ] --START--
INFO: Run Behavior\ShowPageTraceBehavior [ RunTime:0.001644s ]
INFO: [ app_end ] --END-- [ RunTime:0.001972s ]

[ 2016-01-02T17:34:31+08:00 ] 127.0.0.1 /index.php/Home/Shop/addCart.html?goods_id=20
INFO: [ app_begin ] --START--
INFO: Run Behavior\ReadHtmlCacheBehavior [ RunTime:0.001545s ]
INFO: [ app_begin ] --END-- [ RunTime:0.003140s ]
SQL: SHOW COLUMNS FROM `php41_goods` [ RunTime:0.0111s ]
SQL: SELECT `goods_name`,`goods_shop_price` FROM `php41_goods` WHERE `goods_id` = 20 LIMIT 1   [ RunTime:0.0006s ]
INFO: [ app_end ] --START--
INFO: Run Behavior\ShowPageTraceBehavior [ RunTime:0.002010s ]
INFO: [ app_end ] --END-- [ RunTime:0.002207s ]

[ 2016-01-02T17:34:57+08:00 ] 127.0.0.1 /index.php/Home/Shop/incrementNum.html?goods_id=23&after_num=NaN
INFO: [ app_begin ] --START--
INFO: Run Behavior\ReadHtmlCacheBehavior [ RunTime:0.001449s ]
INFO: [ app_begin ] --END-- [ RunTime:0.003222s ]
INFO: [ app_end ] --START--
INFO: Run Behavior\ShowPageTraceBehavior [ RunTime:0.001881s ]
INFO: [ app_end ] --END-- [ RunTime:0.002213s ]

[ 2016-01-02T17:36:11+08:00 ] 127.0.0.1 /index.php/Home/Shop/incrementNum.html?goods_id=21&after_num=NaN
INFO: [ app_begin ] --START--
INFO: Run Behavior\ReadHtmlCacheBehavior [ RunTime:0.002162s ]
INFO: [ app_begin ] --END-- [ RunTime:0.003519s ]
INFO: [ app_end ] --START--
INFO: Run Behavior\ShowPageTraceBehavior [ RunTime:0.001489s ]
INFO: [ app_end ] --END-- [ RunTime:0.001681s ]

[ 2016-01-02T17:36:35+08:00 ] 127.0.0.1 /index.php/Home/Shop/delCart.html?goods_id=23
INFO: [ app_begin ] --START--
INFO: Run Behavior\ReadHtmlCacheBehavior [ RunTime:0.001442s ]
INFO: [ app_begin ] --END-- [ RunTime:0.002543s ]
INFO: [ app_end ] --START--
INFO: Run Behavior\ShowPageTraceBehavior [ RunTime:0.001692s ]
INFO: [ app_end ] --END-- [ RunTime:0.001903s ]

[ 2016-01-02T17:36:37+08:00 ] 127.0.0.1 /index.php/Home/Shop/delCart.html?goods_id=21
INFO: [ app_begin ] --START--
INFO: Run Behavior\ReadHtmlCacheBehavior [ RunTime:0.001444s ]
INFO: [ app_begin ] --END-- [ RunTime:0.002877s ]
INFO: [ app_end ] --START--
INFO: Run Behavior\ShowPageTraceBehavior [ RunTime:0.002149s ]
INFO: [ app_end ] --END-- [ RunTime:0.002339s ]

[ 2016-01-02T17:36:44+08:00 ] 127.0.0.1 /index.php/Home/Shop/incrementNum.html?goods_id=20&after_num=3
INFO: [ app_begin ] --START--
INFO: Run Behavior\ReadHtmlCacheBehavior [ RunTime:0.001899s ]
INFO: [ app_begin ] --END-- [ RunTime:0.003144s ]
INFO: [ app_end ] --START--
INFO: Run Behavior\ShowPageTraceBehavior [ RunTime:0.002039s ]
INFO: [ app_end ] --END-- [ RunTime:0.002263s ]

[ 2016-01-02T17:37:07+08:00 ] 127.0.0.1 /index.php/Home/Shop/incrementNum.html?goods_id=20&after_num=5
INFO: [ app_begin ] --START--
INFO: Run Behavior\ReadHtmlCacheBehavior [ RunTime:0.004709s ]
INFO: [ app_begin ] --END-- [ RunTime:0.006128s ]
INFO: [ app_end ] --START--
INFO: Run Behavior\ShowPageTraceBehavior [ RunTime:0.003690s ]
INFO: [ app_end ] --END-- [ RunTime:0.003907s ]

[ 2016-01-02T17:38:09+08:00 ] 127.0.0.1 /index.php/Home/Shop/incrementNum.html?goods_id=26&after_num=3
INFO: [ app_begin ] --START--
INFO: Run Behavior\ReadHtmlCacheBehavior [ RunTime:0.001432s ]
INFO: [ app_begin ] --END-- [ RunTime:0.002653s ]
INFO: [ app_end ] --START--
INFO: Run Behavior\ShowPageTraceBehavior [ RunTime:0.004089s ]
INFO: [ app_end ] --END-- [ RunTime:0.004276s ]

[ 2016-01-02T17:38:44+08:00 ] 127.0.0.1 /index.php/Home/Shop/incrementNum.html?goods_id=26&after_num=5
INFO: [ app_begin ] --START--
INFO: Run Behavior\ReadHtmlCacheBehavior [ RunTime:0.001280s ]
INFO: [ app_begin ] --END-- [ RunTime:0.002398s ]
INFO: [ app_end ] --START--
INFO: Run Behavior\ShowPageTraceBehavior [ RunTime:0.001669s ]
INFO: [ app_end ] --END-- [ RunTime:0.001861s ]

[ 2016-01-02T17:41:45+08:00 ] 127.0.0.1 /index.php/Home/Shop/delCart.html?goods_id=26
INFO: [ app_begin ] --START--
INFO: Run Behavior\ReadHtmlCacheBehavior [ RunTime:0.001452s ]
INFO: [ app_begin ] --END-- [ RunTime:0.003110s ]
INFO: [ app_end ] --START--
INFO: Run Behavior\ShowPageTraceBehavior [ RunTime:0.001342s ]
INFO: [ app_end ] --END-- [ RunTime:0.001523s ]

[ 2016-01-02T17:41:47+08:00 ] 127.0.0.1 /index.php/Home/Shop/delCart.html?goods_id=20
INFO: [ app_begin ] --START--
INFO: Run Behavior\ReadHtmlCacheBehavior [ RunTime:0.001333s ]
INFO: [ app_begin ] --END-- [ RunTime:0.002308s ]
INFO: [ app_end ] --START--
INFO: Run Behavior\ShowPageTraceBehavior [ RunTime:0.001560s ]
INFO: [ app_end ] --END-- [ RunTime:0.001760s ]

[ 2016-01-02T17:41:49+08:00 ] 127.0.0.1 /index.php/Home/Shop/addCart.html?goods_id=20
INFO: [ app_begin ] --START--
INFO: Run Behavior\ReadHtmlCacheBehavior [ RunTime:0.001481s ]
INFO: [ app_begin ] --END-- [ RunTime:0.002544s ]
SQL: SHOW COLUMNS FROM `php41_goods` [ RunTime:0.0120s ]
SQL: SELECT `goods_name`,`goods_shop_price` FROM `php41_goods` WHERE `goods_id` = 20 LIMIT 1   [ RunTime:0.0028s ]
INFO: [ app_end ] --START--
INFO: Run Behavior\ShowPageTraceBehavior [ RunTime:0.001448s ]
INFO: [ app_end ] --END-- [ RunTime:0.001638s ]

[ 2016-01-02T17:42:01+08:00 ] 127.0.0.1 /index.php/Home/Shop/addCart.html?goods_id=21
INFO: [ app_begin ] --START--
INFO: Run Behavior\ReadHtmlCacheBehavior [ RunTime:0.001279s ]
INFO: [ app_begin ] --END-- [ RunTime:0.002428s ]
SQL: SHOW COLUMNS FROM `php41_goods` [ RunTime:0.0122s ]
SQL: SELECT `goods_name`,`goods_shop_price` FROM `php41_goods` WHERE `goods_id` = 21 LIMIT 1   [ RunTime:0.0007s ]
INFO: [ app_end ] --START--
INFO: Run Behavior\ShowPageTraceBehavior [ RunTime:0.001451s ]
INFO: [ app_end ] --END-- [ RunTime:0.001642s ]

[ 2016-01-02T17:42:17+08:00 ] 127.0.0.1 /index.php/Home/Shop/incrementNum.html?goods_id=20&after_num=2
INFO: [ app_begin ] --START--
INFO: Run Behavior\ReadHtmlCacheBehavior [ RunTime:0.002378s ]
INFO: [ app_begin ] --END-- [ RunTime:0.009513s ]
INFO: [ app_end ] --START--
INFO: Run Behavior\ShowPageTraceBehavior [ RunTime:0.005643s ]
INFO: [ app_end ] --END-- [ RunTime:0.005836s ]

[ 2016-01-02T17:43:55+08:00 ] 127.0.0.1 /index.php/Home/Shop/incrementNum.html?goods_id=20&after_num=3
INFO: [ app_begin ] --START--
INFO: Run Behavior\ReadHtmlCacheBehavior [ RunTime:0.001720s ]
INFO: [ app_begin ] --END-- [ RunTime:0.003162s ]
INFO: [ app_end ] --START--
INFO: Run Behavior\ShowPageTraceBehavior [ RunTime:0.001802s ]
INFO: [ app_end ] --END-- [ RunTime:0.002008s ]

[ 2016-01-02T17:44:09+08:00 ] 127.0.0.1 /index.php/Home/Shop/incrementNum.html?goods_id=20&after_num=4
INFO: [ app_begin ] --START--
INFO: Run Behavior\ReadHtmlCacheBehavior [ RunTime:0.001642s ]
INFO: [ app_begin ] --END-- [ RunTime:0.002886s ]
INFO: [ app_end ] --START--
INFO: Run Behavior\ShowPageTraceBehavior [ RunTime:0.001667s ]
INFO: [ app_end ] --END-- [ RunTime:0.001848s ]

[ 2016-01-02T17:44:26+08:00 ] 127.0.0.1 /index.php/Home/Shop/incrementNum.html?goods_id=20&after_num=5
INFO: [ app_begin ] --START--
INFO: Run Behavior\ReadHtmlCacheBehavior [ RunTime:0.001924s ]
INFO: [ app_begin ] --END-- [ RunTime:0.003183s ]
INFO: [ app_end ] --START--
INFO: Run Behavior\ShowPageTraceBehavior [ RunTime:0.002049s ]
INFO: [ app_end ] --END-- [ RunTime:0.002251s ]

[ 2016-01-02T17:44:27+08:00 ] 127.0.0.1 /index.php/Home/Shop/incrementNum.html?goods_id=20&after_num=6
INFO: [ app_begin ] --START--
INFO: Run Behavior\ReadHtmlCacheBehavior [ RunTime:0.002242s ]
INFO: [ app_begin ] --END-- [ RunTime:0.003603s ]
INFO: [ app_end ] --START--
INFO: Run Behavior\ShowPageTraceBehavior [ RunTime:0.002591s ]
INFO: [ app_end ] --END-- [ RunTime:0.002870s ]

[ 2016-01-02T17:44:27+08:00 ] 127.0.0.1 /index.php/Home/Shop/incrementNum.html?goods_id=20&after_num=7
INFO: [ app_begin ] --START--
INFO: Run Behavior\ReadHtmlCacheBehavior [ RunTime:0.001474s ]
INFO: [ app_begin ] --END-- [ RunTime:0.002679s ]
INFO: [ app_end ] --START--
INFO: Run Behavior\ShowPageTraceBehavior [ RunTime:0.002193s ]
INFO: [ app_end ] --END-- [ RunTime:0.002443s ]

[ 2016-01-02T17:44:28+08:00 ] 127.0.0.1 /index.php/Home/Shop/incrementNum.html?goods_id=20&after_num=8
INFO: [ app_begin ] --START--
INFO: Run Behavior\ReadHtmlCacheBehavior [ RunTime:0.001652s ]
INFO: [ app_begin ] --END-- [ RunTime:0.002782s ]
INFO: [ app_end ] --START--
INFO: Run Behavior\ShowPageTraceBehavior [ RunTime:0.002186s ]
INFO: [ app_end ] --END-- [ RunTime:0.002418s ]

[ 2016-01-02T17:45:46+08:00 ] 127.0.0.1 /index.php/Home/Shop/incrementNum.html?goods_id=21&after_num=2
INFO: [ app_begin ] --START--
INFO: Run Behavior\ReadHtmlCacheBehavior [ RunTime:0.002358s ]
INFO: [ app_begin ] --END-- [ RunTime:0.003631s ]
INFO: [ app_end ] --START--
INFO: Run Behavior\ShowPageTraceBehavior [ RunTime:0.001788s ]
INFO: [ app_end ] --END-- [ RunTime:0.002139s ]

[ 2016-01-02T17:45:46+08:00 ] 127.0.0.1 /index.php/Home/Shop/incrementNum.html?goods_id=21&after_num=3
INFO: [ app_begin ] --START--
INFO: Run Behavior\ReadHtmlCacheBehavior [ RunTime:0.001846s ]
INFO: [ app_begin ] --END-- [ RunTime:0.002836s ]
INFO: [ app_end ] --START--
INFO: Run Behavior\ShowPageTraceBehavior [ RunTime:0.001380s ]
INFO: [ app_end ] --END-- [ RunTime:0.001562s ]

[ 2016-01-02T17:45:47+08:00 ] 127.0.0.1 /index.php/Home/Shop/incrementNum.html?goods_id=21&after_num=4
INFO: [ app_begin ] --START--
INFO: Run Behavior\ReadHtmlCacheBehavior [ RunTime:0.001345s ]
INFO: [ app_begin ] --END-- [ RunTime:0.002699s ]
INFO: [ app_end ] --START--
INFO: Run Behavior\ShowPageTraceBehavior [ RunTime:0.001260s ]
INFO: [ app_end ] --END-- [ RunTime:0.001419s ]

[ 2016-01-02T17:45:48+08:00 ] 127.0.0.1 /index.php/Home/Shop/incrementNum.html?goods_id=21&after_num=5
INFO: [ app_begin ] --START--
INFO: Run Behavior\ReadHtmlCacheBehavior [ RunTime:0.001459s ]
INFO: [ app_begin ] --END-- [ RunTime:0.002475s ]
INFO: [ app_end ] --START--
INFO: Run Behavior\ShowPageTraceBehavior [ RunTime:0.001519s ]
INFO: [ app_end ] --END-- [ RunTime:0.001712s ]

[ 2016-01-02T17:45:48+08:00 ] 127.0.0.1 /index.php/Home/Shop/incrementNum.html?goods_id=21&after_num=6
INFO: [ app_begin ] --START--
INFO: Run Behavior\ReadHtmlCacheBehavior [ RunTime:0.002115s ]
INFO: [ app_begin ] --END-- [ RunTime:0.003712s ]
INFO: [ app_end ] --START--
INFO: Run Behavior\ShowPageTraceBehavior [ RunTime:0.007693s ]
INFO: [ app_end ] --END-- [ RunTime:0.007884s ]

[ 2016-01-02T17:45:49+08:00 ] 127.0.0.1 /index.php/Home/Shop/incrementNum.html?goods_id=21&after_num=7
INFO: [ app_begin ] --START--
INFO: Run Behavior\ReadHtmlCacheBehavior [ RunTime:0.001711s ]
INFO: [ app_begin ] --END-- [ RunTime:0.003015s ]
INFO: [ app_end ] --START--
INFO: Run Behavior\ShowPageTraceBehavior [ RunTime:0.001744s ]
INFO: [ app_end ] --END-- [ RunTime:0.001963s ]

[ 2016-01-02T17:45:50+08:00 ] 127.0.0.1 /index.php/Home/Shop/incrementNum.html?goods_id=20&after_num=9
INFO: [ app_begin ] --START--
INFO: Run Behavior\ReadHtmlCacheBehavior [ RunTime:0.001174s ]
INFO: [ app_begin ] --END-- [ RunTime:0.002045s ]
INFO: [ app_end ] --START--
INFO: Run Behavior\ShowPageTraceBehavior [ RunTime:0.001376s ]
INFO: [ app_end ] --END-- [ RunTime:0.001547s ]

[ 2016-01-02T17:45:50+08:00 ] 127.0.0.1 /index.php/Home/Shop/incrementNum.html?goods_id=20&after_num=10
INFO: [ app_begin ] --START--
INFO: Run Behavior\ReadHtmlCacheBehavior [ RunTime:0.002358s ]
INFO: [ app_begin ] --END-- [ RunTime:0.003424s ]
INFO: [ app_end ] --START--
INFO: Run Behavior\ShowPageTraceBehavior [ RunTime:0.001466s ]
INFO: [ app_end ] --END-- [ RunTime:0.001673s ]

[ 2016-01-02T17:45:51+08:00 ] 127.0.0.1 /index.php/Home/Shop/incrementNum.html?goods_id=20&after_num=11
INFO: [ app_begin ] --START--
INFO: Run Behavior\ReadHtmlCacheBehavior [ RunTime:0.001989s ]
INFO: [ app_begin ] --END-- [ RunTime:0.002953s ]
INFO: [ app_end ] --START--
INFO: Run Behavior\ShowPageTraceBehavior [ RunTime:0.001470s ]
INFO: [ app_end ] --END-- [ RunTime:0.001668s ]

[ 2016-01-02T17:45:51+08:00 ] 127.0.0.1 /index.php/Home/Shop/incrementNum.html?goods_id=20&after_num=12
INFO: [ app_begin ] --START--
INFO: Run Behavior\ReadHtmlCacheBehavior [ RunTime:0.001466s ]
INFO: [ app_begin ] --END-- [ RunTime:0.003068s ]
INFO: [ app_end ] --START--
INFO: Run Behavior\ShowPageTraceBehavior [ RunTime:0.001495s ]
INFO: [ app_end ] --END-- [ RunTime:0.001788s ]

