[ 2015-12-27T08:46:08+08:00 ] 127.0.0.1 /index.php/Back/Admin/checkCode.html?code=wek5
INFO: [ app_begin ] --START--
INFO: Run Behavior\ReadHtmlCacheBehavior [ RunTime:0.001603s ]
INFO: [ app_begin ] --END-- [ RunTime:0.002672s ]
INFO: [ app_end ] --START--
INFO: Run Behavior\ShowPageTraceBehavior [ RunTime:0.001643s ]
INFO: [ app_end ] --END-- [ RunTime:0.001813s ]

[ 2015-12-27T08:46:18+08:00 ] 127.0.0.1 /index.php/Back/Goods/getAttributeByType.html?type_id=1
INFO: [ app_begin ] --START--
INFO: Run Behavior\ReadHtmlCacheBehavior [ RunTime:0.001529s ]
INFO: [ app_begin ] --END-- [ RunTime:0.002654s ]
SQL: SHOW COLUMNS FROM `php41_manager` [ RunTime:0.0075s ]
SQL: SELECT r.role_auth_ac FROM php41_manager m INNER JOIN php41_role r on m.mg_role_id=r.role_id  WHERE `mg_id` = '3' LIMIT 1   [ RunTime:0.0006s ]
SQL: SHOW COLUMNS FROM `php41_attribute` [ RunTime:0.0089s ]
SQL: SELECT * FROM `php41_attribute` WHERE `type_id` = 1  [ RunTime:0.0008s ]
INFO: [ app_end ] --START--
INFO: Run Behavior\ShowPageTraceBehavior [ RunTime:0.001509s ]
INFO: [ app_end ] --END-- [ RunTime:0.001664s ]

[ 2015-12-27T09:11:27+08:00 ] 127.0.0.1 /index.php/Back/Goods/getAttributeByType.html?type_id=2
INFO: [ app_begin ] --START--
INFO: Run Behavior\ReadHtmlCacheBehavior [ RunTime:0.001781s ]
INFO: [ app_begin ] --END-- [ RunTime:0.003067s ]
SQL: SHOW COLUMNS FROM `php41_manager` [ RunTime:0.0106s ]
SQL: SELECT r.role_auth_ac FROM php41_manager m INNER JOIN php41_role r on m.mg_role_id=r.role_id  WHERE `mg_id` = '3' LIMIT 1   [ RunTime:0.0008s ]
SQL: SHOW COLUMNS FROM `php41_attribute` [ RunTime:0.0119s ]
SQL: SELECT * FROM `php41_attribute` WHERE `type_id` = 2  [ RunTime:0.0006s ]
INFO: [ app_end ] --START--
INFO: Run Behavior\ShowPageTraceBehavior [ RunTime:0.001704s ]
INFO: [ app_end ] --END-- [ RunTime:0.001860s ]

[ 2015-12-27T09:11:28+08:00 ] 127.0.0.1 /index.php/Back/Goods/getAttributeByType.html?type_id=4
INFO: [ app_begin ] --START--
INFO: Run Behavior\ReadHtmlCacheBehavior [ RunTime:0.001439s ]
INFO: [ app_begin ] --END-- [ RunTime:0.002437s ]
SQL: SHOW COLUMNS FROM `php41_manager` [ RunTime:0.0099s ]
SQL: SELECT r.role_auth_ac FROM php41_manager m INNER JOIN php41_role r on m.mg_role_id=r.role_id  WHERE `mg_id` = '3' LIMIT 1   [ RunTime:0.0007s ]
SQL: SHOW COLUMNS FROM `php41_attribute` [ RunTime:0.0105s ]
SQL: SELECT * FROM `php41_attribute` WHERE `type_id` = 4  [ RunTime:0.0007s ]
INFO: [ app_end ] --START--
INFO: Run Behavior\ShowPageTraceBehavior [ RunTime:0.001479s ]
INFO: [ app_end ] --END-- [ RunTime:0.001635s ]

[ 2015-12-27T09:11:30+08:00 ] 127.0.0.1 /index.php/Back/Goods/getAttributeByType.html?type_id=1
INFO: [ app_begin ] --START--
INFO: Run Behavior\ReadHtmlCacheBehavior [ RunTime:0.002066s ]
INFO: [ app_begin ] --END-- [ RunTime:0.003834s ]
SQL: SHOW COLUMNS FROM `php41_manager` [ RunTime:0.0135s ]
SQL: SELECT r.role_auth_ac FROM php41_manager m INNER JOIN php41_role r on m.mg_role_id=r.role_id  WHERE `mg_id` = '3' LIMIT 1   [ RunTime:0.0008s ]
SQL: SHOW COLUMNS FROM `php41_attribute` [ RunTime:0.0125s ]
SQL: SELECT * FROM `php41_attribute` WHERE `type_id` = 1  [ RunTime:0.0010s ]
INFO: [ app_end ] --START--
INFO: Run Behavior\ShowPageTraceBehavior [ RunTime:0.001651s ]
INFO: [ app_end ] --END-- [ RunTime:0.001838s ]

[ 2015-12-27T09:16:09+08:00 ] 127.0.0.1 /index.php/Back/Goods/getAttributeByType.html?type_id=1
INFO: [ app_begin ] --START--
INFO: Run Behavior\ReadHtmlCacheBehavior [ RunTime:0.001392s ]
INFO: [ app_begin ] --END-- [ RunTime:0.002505s ]
SQL: SHOW COLUMNS FROM `php41_manager` [ RunTime:0.0104s ]
SQL: SELECT r.role_auth_ac FROM php41_manager m INNER JOIN php41_role r on m.mg_role_id=r.role_id  WHERE `mg_id` = '3' LIMIT 1   [ RunTime:0.0007s ]
SQL: SHOW COLUMNS FROM `php41_attribute` [ RunTime:0.0103s ]
SQL: SELECT * FROM `php41_attribute` WHERE `type_id` = 1  [ RunTime:0.0008s ]
INFO: [ app_end ] --START--
INFO: Run Behavior\ShowPageTraceBehavior [ RunTime:0.002366s ]
INFO: [ app_end ] --END-- [ RunTime:0.002586s ]

[ 2015-12-27T09:16:13+08:00 ] 127.0.0.1 /index.php/Back/Goods/getAttributeByType.html?type_id=4
INFO: [ app_begin ] --START--
INFO: Run Behavior\ReadHtmlCacheBehavior [ RunTime:0.001564s ]
INFO: [ app_begin ] --END-- [ RunTime:0.002724s ]
SQL: SHOW COLUMNS FROM `php41_manager` [ RunTime:0.0213s ]
SQL: SELECT r.role_auth_ac FROM php41_manager m INNER JOIN php41_role r on m.mg_role_id=r.role_id  WHERE `mg_id` = '3' LIMIT 1   [ RunTime:0.0007s ]
SQL: SHOW COLUMNS FROM `php41_attribute` [ RunTime:0.0105s ]
SQL: SELECT * FROM `php41_attribute` WHERE `type_id` = 4  [ RunTime:0.0009s ]
INFO: [ app_end ] --START--
INFO: Run Behavior\ShowPageTraceBehavior [ RunTime:0.001778s ]
INFO: [ app_end ] --END-- [ RunTime:0.001943s ]

[ 2015-12-27T09:20:02+08:00 ] 127.0.0.1 /index.php/Back/Goods/getAttributeByType.html?type_id=1
INFO: [ app_begin ] --START--
INFO: Run Behavior\ReadHtmlCacheBehavior [ RunTime:0.001388s ]
INFO: [ app_begin ] --END-- [ RunTime:0.002681s ]
SQL: SHOW COLUMNS FROM `php41_manager` [ RunTime:0.0098s ]
SQL: SELECT r.role_auth_ac FROM php41_manager m INNER JOIN php41_role r on m.mg_role_id=r.role_id  WHERE `mg_id` = '3' LIMIT 1   [ RunTime:0.0006s ]
SQL: SHOW COLUMNS FROM `php41_attribute` [ RunTime:0.0110s ]
SQL: SELECT * FROM `php41_attribute` WHERE `type_id` = 1  [ RunTime:0.0017s ]
INFO: [ app_end ] --START--
INFO: Run Behavior\ShowPageTraceBehavior [ RunTime:0.001922s ]
INFO: [ app_end ] --END-- [ RunTime:0.002097s ]

[ 2015-12-27T09:20:25+08:00 ] 127.0.0.1 /index.php/Back/Goods/getAttributeByType.html?type_id=1
INFO: [ app_begin ] --START--
INFO: Run Behavior\ReadHtmlCacheBehavior [ RunTime:0.001509s ]
INFO: [ app_begin ] --END-- [ RunTime:0.002694s ]
SQL: SHOW COLUMNS FROM `php41_manager` [ RunTime:0.0108s ]
SQL: SELECT r.role_auth_ac FROM php41_manager m INNER JOIN php41_role r on m.mg_role_id=r.role_id  WHERE `mg_id` = '3' LIMIT 1   [ RunTime:0.0007s ]
SQL: SHOW COLUMNS FROM `php41_attribute` [ RunTime:0.0108s ]
SQL: SELECT * FROM `php41_attribute` WHERE `type_id` = 1  [ RunTime:0.0013s ]
INFO: [ app_end ] --START--
INFO: Run Behavior\ShowPageTraceBehavior [ RunTime:0.001862s ]
INFO: [ app_end ] --END-- [ RunTime:0.002039s ]

[ 2015-12-27T09:21:02+08:00 ] 127.0.0.1 /index.php/Back/Goods/getAttributeByType.html?type_id=1
INFO: [ app_begin ] --START--
INFO: Run Behavior\ReadHtmlCacheBehavior [ RunTime:0.001589s ]
INFO: [ app_begin ] --END-- [ RunTime:0.004060s ]
SQL: SHOW COLUMNS FROM `php41_manager` [ RunTime:0.0110s ]
SQL: SELECT r.role_auth_ac FROM php41_manager m INNER JOIN php41_role r on m.mg_role_id=r.role_id  WHERE `mg_id` = '3' LIMIT 1   [ RunTime:0.0008s ]
SQL: SHOW COLUMNS FROM `php41_attribute` [ RunTime:0.0106s ]
SQL: SELECT * FROM `php41_attribute` WHERE `type_id` = 1  [ RunTime:0.0011s ]
INFO: [ app_end ] --START--
INFO: Run Behavior\ShowPageTraceBehavior [ RunTime:0.001810s ]
INFO: [ app_end ] --END-- [ RunTime:0.002137s ]

[ 2015-12-27T09:23:48+08:00 ] 127.0.0.1 /index.php/Back/Goods/getAttributeByType.html?type_id=1
INFO: [ app_begin ] --START--
INFO: Run Behavior\ReadHtmlCacheBehavior [ RunTime:0.001742s ]
INFO: [ app_begin ] --END-- [ RunTime:0.002804s ]
SQL: SHOW COLUMNS FROM `php41_manager` [ RunTime:0.0168s ]
SQL: SELECT r.role_auth_ac FROM php41_manager m INNER JOIN php41_role r on m.mg_role_id=r.role_id  WHERE `mg_id` = '3' LIMIT 1   [ RunTime:0.0012s ]
SQL: SHOW COLUMNS FROM `php41_attribute` [ RunTime:0.0125s ]
SQL: SELECT * FROM `php41_attribute` WHERE `type_id` = 1  [ RunTime:0.0008s ]
INFO: [ app_end ] --START--
INFO: Run Behavior\ShowPageTraceBehavior [ RunTime:0.002456s ]
INFO: [ app_end ] --END-- [ RunTime:0.002636s ]

[ 2015-12-27T09:27:41+08:00 ] 127.0.0.1 /index.php/Back/Goods/getAttributeByType.html?type_id=1
INFO: [ app_begin ] --START--
INFO: Run Behavior\ReadHtmlCacheBehavior [ RunTime:0.001500s ]
INFO: [ app_begin ] --END-- [ RunTime:0.002623s ]
SQL: SHOW COLUMNS FROM `php41_manager` [ RunTime:0.0099s ]
SQL: SELECT r.role_auth_ac FROM php41_manager m INNER JOIN php41_role r on m.mg_role_id=r.role_id  WHERE `mg_id` = '3' LIMIT 1   [ RunTime:0.0007s ]
SQL: SHOW COLUMNS FROM `php41_attribute` [ RunTime:0.0092s ]
SQL: SELECT * FROM `php41_attribute` WHERE `type_id` = 1  [ RunTime:0.0310s ]
INFO: [ app_end ] --START--
INFO: Run Behavior\ShowPageTraceBehavior [ RunTime:0.001563s ]
INFO: [ app_end ] --END-- [ RunTime:0.001863s ]

[ 2015-12-27T09:28:01+08:00 ] 127.0.0.1 /index.php/Back/Goods/getAttributeByType.html?type_id=1
INFO: [ app_begin ] --START--
INFO: Run Behavior\ReadHtmlCacheBehavior [ RunTime:0.001412s ]
INFO: [ app_begin ] --END-- [ RunTime:0.002497s ]
SQL: SHOW COLUMNS FROM `php41_manager` [ RunTime:0.0172s ]
SQL: SELECT r.role_auth_ac FROM php41_manager m INNER JOIN php41_role r on m.mg_role_id=r.role_id  WHERE `mg_id` = '3' LIMIT 1   [ RunTime:0.0006s ]
SQL: SHOW COLUMNS FROM `php41_attribute` [ RunTime:0.0105s ]
SQL: SELECT * FROM `php41_attribute` WHERE `type_id` = 1  [ RunTime:0.0008s ]
INFO: [ app_end ] --START--
INFO: Run Behavior\ShowPageTraceBehavior [ RunTime:0.001600s ]
INFO: [ app_end ] --END-- [ RunTime:0.001818s ]

[ 2015-12-27T09:28:25+08:00 ] 127.0.0.1 /index.php/Back/Goods/getAttributeByType.html?type_id=1
INFO: [ app_begin ] --START--
INFO: Run Behavior\ReadHtmlCacheBehavior [ RunTime:0.001695s ]
INFO: [ app_begin ] --END-- [ RunTime:0.003207s ]
SQL: SHOW COLUMNS FROM `php41_manager` [ RunTime:0.0096s ]
SQL: SELECT r.role_auth_ac FROM php41_manager m INNER JOIN php41_role r on m.mg_role_id=r.role_id  WHERE `mg_id` = '3' LIMIT 1   [ RunTime:0.0006s ]
SQL: SHOW COLUMNS FROM `php41_attribute` [ RunTime:0.0100s ]
SQL: SELECT * FROM `php41_attribute` WHERE `type_id` = 1  [ RunTime:0.0016s ]
INFO: [ app_end ] --START--
INFO: Run Behavior\ShowPageTraceBehavior [ RunTime:0.001971s ]
INFO: [ app_end ] --END-- [ RunTime:0.002193s ]

[ 2015-12-27T09:32:55+08:00 ] 127.0.0.1 /index.php/Back/Goods/getAttributeByType.html?type_id=1
INFO: [ app_begin ] --START--
INFO: Run Behavior\ReadHtmlCacheBehavior [ RunTime:0.001891s ]
INFO: [ app_begin ] --END-- [ RunTime:0.003015s ]
SQL: SHOW COLUMNS FROM `php41_manager` [ RunTime:0.0104s ]
SQL: SELECT r.role_auth_ac FROM php41_manager m INNER JOIN php41_role r on m.mg_role_id=r.role_id  WHERE `mg_id` = '3' LIMIT 1   [ RunTime:0.0006s ]
SQL: SHOW COLUMNS FROM `php41_attribute` [ RunTime:0.0120s ]
SQL: SELECT * FROM `php41_attribute` WHERE `type_id` = 1  [ RunTime:0.0009s ]
INFO: [ app_end ] --START--
INFO: Run Behavior\ShowPageTraceBehavior [ RunTime:0.001681s ]
INFO: [ app_end ] --END-- [ RunTime:0.001892s ]

[ 2015-12-27T09:34:19+08:00 ] 127.0.0.1 /index.php/Back/Goods/getAttributeByType.html?type_id=1
INFO: [ app_begin ] --START--
INFO: Run Behavior\ReadHtmlCacheBehavior [ RunTime:0.001436s ]
INFO: [ app_begin ] --END-- [ RunTime:0.002580s ]
SQL: SHOW COLUMNS FROM `php41_manager` [ RunTime:0.0109s ]
SQL: SELECT r.role_auth_ac FROM php41_manager m INNER JOIN php41_role r on m.mg_role_id=r.role_id  WHERE `mg_id` = '3' LIMIT 1   [ RunTime:0.0008s ]
SQL: SHOW COLUMNS FROM `php41_attribute` [ RunTime:0.0123s ]
SQL: SELECT * FROM `php41_attribute` WHERE `type_id` = 1  [ RunTime:0.0008s ]
INFO: [ app_end ] --START--
INFO: Run Behavior\ShowPageTraceBehavior [ RunTime:0.001559s ]
INFO: [ app_end ] --END-- [ RunTime:0.001722s ]

[ 2015-12-27T09:37:33+08:00 ] 127.0.0.1 /index.php/Back/Goods/getAttributeByType.html?type_id=4
INFO: [ app_begin ] --START--
INFO: Run Behavior\ReadHtmlCacheBehavior [ RunTime:0.001472s ]
INFO: [ app_begin ] --END-- [ RunTime:0.002484s ]
SQL: SHOW COLUMNS FROM `php41_manager` [ RunTime:0.0100s ]
SQL: SELECT r.role_auth_ac FROM php41_manager m INNER JOIN php41_role r on m.mg_role_id=r.role_id  WHERE `mg_id` = '3' LIMIT 1   [ RunTime:0.0006s ]
SQL: SHOW COLUMNS FROM `php41_attribute` [ RunTime:0.0102s ]
SQL: SELECT * FROM `php41_attribute` WHERE `type_id` = 4  [ RunTime:0.0007s ]
INFO: [ app_end ] --START--
INFO: Run Behavior\ShowPageTraceBehavior [ RunTime:0.001659s ]
INFO: [ app_end ] --END-- [ RunTime:0.001946s ]

[ 2015-12-27T09:49:04+08:00 ] 127.0.0.1 /index.php/Back/Goods/getAttributeByType.html?type_id=1
INFO: [ app_begin ] --START--
INFO: Run Behavior\ReadHtmlCacheBehavior [ RunTime:0.001571s ]
INFO: [ app_begin ] --END-- [ RunTime:0.003059s ]
SQL: SHOW COLUMNS FROM `php41_manager` [ RunTime:0.0097s ]
SQL: SELECT r.role_auth_ac FROM php41_manager m INNER JOIN php41_role r on m.mg_role_id=r.role_id  WHERE `mg_id` = '3' LIMIT 1   [ RunTime:0.0006s ]
SQL: SHOW COLUMNS FROM `php41_attribute` [ RunTime:0.0104s ]
SQL: SELECT * FROM `php41_attribute` WHERE `type_id` = 1  [ RunTime:0.0009s ]
INFO: [ app_end ] --START--
INFO: Run Behavior\ShowPageTraceBehavior [ RunTime:0.002197s ]
INFO: [ app_end ] --END-- [ RunTime:0.002405s ]

[ 2015-12-27T09:50:21+08:00 ] 127.0.0.1 /index.php/Back/Goods/getAttributeByType.html?type_id=0
INFO: [ app_begin ] --START--
INFO: Run Behavior\ReadHtmlCacheBehavior [ RunTime:0.002509s ]
INFO: [ app_begin ] --END-- [ RunTime:0.003757s ]
SQL: SHOW COLUMNS FROM `php41_manager` [ RunTime:0.0128s ]
SQL: SELECT r.role_auth_ac FROM php41_manager m INNER JOIN php41_role r on m.mg_role_id=r.role_id  WHERE `mg_id` = '3' LIMIT 1   [ RunTime:0.0009s ]
SQL: SHOW COLUMNS FROM `php41_attribute` [ RunTime:0.0110s ]
SQL: SELECT * FROM `php41_attribute` WHERE `type_id` = 0  [ RunTime:0.0008s ]
INFO: [ app_end ] --START--
INFO: Run Behavior\ShowPageTraceBehavior [ RunTime:0.002293s ]
INFO: [ app_end ] --END-- [ RunTime:0.002473s ]

[ 2015-12-27T09:50:22+08:00 ] 127.0.0.1 /index.php/Back/Goods/getAttributeByType.html?type_id=1
INFO: [ app_begin ] --START--
INFO: Run Behavior\ReadHtmlCacheBehavior [ RunTime:0.001403s ]
INFO: [ app_begin ] --END-- [ RunTime:0.002609s ]
SQL: SHOW COLUMNS FROM `php41_manager` [ RunTime:0.0102s ]
SQL: SELECT r.role_auth_ac FROM php41_manager m INNER JOIN php41_role r on m.mg_role_id=r.role_id  WHERE `mg_id` = '3' LIMIT 1   [ RunTime:0.0008s ]
SQL: SHOW COLUMNS FROM `php41_attribute` [ RunTime:0.0099s ]
SQL: SELECT * FROM `php41_attribute` WHERE `type_id` = 1  [ RunTime:0.0009s ]
INFO: [ app_end ] --START--
INFO: Run Behavior\ShowPageTraceBehavior [ RunTime:0.001867s ]
INFO: [ app_end ] --END-- [ RunTime:0.002026s ]

[ 2015-12-27T09:51:45+08:00 ] 127.0.0.1 /index.php/Back/Goods/getAttributeByType.html?type_id=1
INFO: [ app_begin ] --START--
INFO: Run Behavior\ReadHtmlCacheBehavior [ RunTime:0.001394s ]
INFO: [ app_begin ] --END-- [ RunTime:0.002681s ]
SQL: SHOW COLUMNS FROM `php41_manager` [ RunTime:0.0102s ]
SQL: SELECT r.role_auth_ac FROM php41_manager m INNER JOIN php41_role r on m.mg_role_id=r.role_id  WHERE `mg_id` = '3' LIMIT 1   [ RunTime:0.0009s ]
SQL: SHOW COLUMNS FROM `php41_attribute` [ RunTime:0.0103s ]
SQL: SELECT * FROM `php41_attribute` WHERE `type_id` = 1  [ RunTime:0.0008s ]
INFO: [ app_end ] --START--
INFO: Run Behavior\ShowPageTraceBehavior [ RunTime:0.002259s ]
INFO: [ app_end ] --END-- [ RunTime:0.002437s ]

[ 2015-12-27T09:52:44+08:00 ] 127.0.0.1 /index.php/Back/Goods/getAttributeByType.html?type_id=1
INFO: [ app_begin ] --START--
INFO: Run Behavior\ReadHtmlCacheBehavior [ RunTime:0.001369s ]
INFO: [ app_begin ] --END-- [ RunTime:0.002505s ]
SQL: SHOW COLUMNS FROM `php41_manager` [ RunTime:0.0101s ]
SQL: SELECT r.role_auth_ac FROM php41_manager m INNER JOIN php41_role r on m.mg_role_id=r.role_id  WHERE `mg_id` = '3' LIMIT 1   [ RunTime:0.0009s ]
SQL: SHOW COLUMNS FROM `php41_attribute` [ RunTime:0.0120s ]
SQL: SELECT * FROM `php41_attribute` WHERE `type_id` = 1  [ RunTime:0.0007s ]
INFO: [ app_end ] --START--
INFO: Run Behavior\ShowPageTraceBehavior [ RunTime:0.001807s ]
INFO: [ app_end ] --END-- [ RunTime:0.001976s ]

[ 2015-12-27T09:57:04+08:00 ] 127.0.0.1 /index.php/Back/Goods/getAttributeByType.html?type_id=4
INFO: [ app_begin ] --START--
INFO: Run Behavior\ReadHtmlCacheBehavior [ RunTime:0.001888s ]
INFO: [ app_begin ] --END-- [ RunTime:0.003484s ]
SQL: SHOW COLUMNS FROM `php41_manager` [ RunTime:0.0103s ]
SQL: SELECT r.role_auth_ac FROM php41_manager m INNER JOIN php41_role r on m.mg_role_id=r.role_id  WHERE `mg_id` = '3' LIMIT 1   [ RunTime:0.0006s ]
SQL: SHOW COLUMNS FROM `php41_attribute` [ RunTime:0.0307s ]
SQL: SELECT * FROM `php41_attribute` WHERE `type_id` = 4  [ RunTime:0.0011s ]
INFO: [ app_end ] --START--
INFO: Run Behavior\ShowPageTraceBehavior [ RunTime:0.002587s ]
INFO: [ app_end ] --END-- [ RunTime:0.002768s ]

[ 2015-12-27T09:57:06+08:00 ] 127.0.0.1 /index.php/Back/Goods/getAttributeByType.html?type_id=1
INFO: [ app_begin ] --START--
INFO: Run Behavior\ReadHtmlCacheBehavior [ RunTime:0.001422s ]
INFO: [ app_begin ] --END-- [ RunTime:0.002627s ]
SQL: SHOW COLUMNS FROM `php41_manager` [ RunTime:0.0111s ]
SQL: SELECT r.role_auth_ac FROM php41_manager m INNER JOIN php41_role r on m.mg_role_id=r.role_id  WHERE `mg_id` = '3' LIMIT 1   [ RunTime:0.0010s ]
SQL: SHOW COLUMNS FROM `php41_attribute` [ RunTime:0.0107s ]
SQL: SELECT * FROM `php41_attribute` WHERE `type_id` = 1  [ RunTime:0.0008s ]
INFO: [ app_end ] --START--
INFO: Run Behavior\ShowPageTraceBehavior [ RunTime:0.001877s ]
INFO: [ app_end ] --END-- [ RunTime:0.002045s ]

[ 2015-12-27T09:57:40+08:00 ] 127.0.0.1 /index.php/Back/Goods/getAttributeByType.html?type_id=1
INFO: [ app_begin ] --START--
INFO: Run Behavior\ReadHtmlCacheBehavior [ RunTime:0.001538s ]
INFO: [ app_begin ] --END-- [ RunTime:0.002963s ]
SQL: SHOW COLUMNS FROM `php41_manager` [ RunTime:0.0121s ]
SQL: SELECT r.role_auth_ac FROM php41_manager m INNER JOIN php41_role r on m.mg_role_id=r.role_id  WHERE `mg_id` = '3' LIMIT 1   [ RunTime:0.0009s ]
SQL: SHOW COLUMNS FROM `php41_attribute` [ RunTime:0.0181s ]
SQL: SELECT * FROM `php41_attribute` WHERE `type_id` = 1  [ RunTime:0.0015s ]
INFO: [ app_end ] --START--
INFO: Run Behavior\ShowPageTraceBehavior [ RunTime:0.001902s ]
INFO: [ app_end ] --END-- [ RunTime:0.002058s ]

[ 2015-12-27T09:59:02+08:00 ] 127.0.0.1 /index.php/Back/Goods/getAttributeByType.html?type_id=1
INFO: [ app_begin ] --START--
INFO: Run Behavior\ReadHtmlCacheBehavior [ RunTime:0.001400s ]
INFO: [ app_begin ] --END-- [ RunTime:0.002599s ]
SQL: SHOW COLUMNS FROM `php41_manager` [ RunTime:0.0139s ]
SQL: SELECT r.role_auth_ac FROM php41_manager m INNER JOIN php41_role r on m.mg_role_id=r.role_id  WHERE `mg_id` = '3' LIMIT 1   [ RunTime:0.0014s ]
SQL: SHOW COLUMNS FROM `php41_attribute` [ RunTime:0.0129s ]
SQL: SELECT * FROM `php41_attribute` WHERE `type_id` = 1  [ RunTime:0.0009s ]
INFO: [ app_end ] --START--
INFO: Run Behavior\ShowPageTraceBehavior [ RunTime:0.001862s ]
INFO: [ app_end ] --END-- [ RunTime:0.002029s ]

[ 2015-12-27T10:26:18+08:00 ] 127.0.0.1 /index.php/Back/Goods/getAttributeByType.html?type_id=1
INFO: [ app_begin ] --START--
INFO: Run Behavior\ReadHtmlCacheBehavior [ RunTime:0.001415s ]
INFO: [ app_begin ] --END-- [ RunTime:0.002577s ]
SQL: SHOW COLUMNS FROM `php41_manager` [ RunTime:0.0101s ]
SQL: SELECT r.role_auth_ac FROM php41_manager m INNER JOIN php41_role r on m.mg_role_id=r.role_id  WHERE `mg_id` = '3' LIMIT 1   [ RunTime:0.0006s ]
SQL: SHOW COLUMNS FROM `php41_attribute` [ RunTime:0.0103s ]
SQL: SELECT * FROM `php41_attribute` WHERE `type_id` = 1  [ RunTime:0.0011s ]
INFO: [ app_end ] --START--
INFO: Run Behavior\ShowPageTraceBehavior [ RunTime:0.001622s ]
INFO: [ app_end ] --END-- [ RunTime:0.001775s ]

[ 2015-12-27T10:30:34+08:00 ] 127.0.0.1 /index.php/Back/Goods/getAttributeByType.html?type_id=1
INFO: [ app_begin ] --START--
INFO: Run Behavior\ReadHtmlCacheBehavior [ RunTime:0.001969s ]
INFO: [ app_begin ] --END-- [ RunTime:0.003618s ]
SQL: SHOW COLUMNS FROM `php41_manager` [ RunTime:0.0150s ]
SQL: SELECT r.role_auth_ac FROM php41_manager m INNER JOIN php41_role r on m.mg_role_id=r.role_id  WHERE `mg_id` = '3' LIMIT 1   [ RunTime:0.0007s ]
SQL: SHOW COLUMNS FROM `php41_attribute` [ RunTime:0.0121s ]
SQL: SELECT * FROM `php41_attribute` WHERE `type_id` = 1  [ RunTime:0.0169s ]
INFO: [ app_end ] --START--
INFO: Run Behavior\ShowPageTraceBehavior [ RunTime:0.002045s ]
INFO: [ app_end ] --END-- [ RunTime:0.002251s ]

[ 2015-12-27T10:48:39+08:00 ] 127.0.0.1 /index.php/Back/Goods/getAttributeByTypeUpd.html?goods_id=29
INFO: [ app_begin ] --START--
INFO: Run Behavior\ReadHtmlCacheBehavior [ RunTime:0.001633s ]
INFO: [ app_begin ] --END-- [ RunTime:0.002734s ]
SQL: SHOW COLUMNS FROM `php41_manager` [ RunTime:0.0103s ]
SQL: SELECT r.role_auth_ac FROM php41_manager m INNER JOIN php41_role r on m.mg_role_id=r.role_id  WHERE `mg_id` = '3' LIMIT 1   [ RunTime:0.0007s ]
INFO: [ app_end ] --START--
INFO: Run Behavior\ShowPageTraceBehavior [ RunTime:0.001942s ]
INFO: [ app_end ] --END-- [ RunTime:0.002095s ]

[ 2015-12-27T10:49:41+08:00 ] 127.0.0.1 /index.php/Back/Goods/getAttributeByTypeUpd.html?goods_id=29
INFO: [ app_begin ] --START--
INFO: Run Behavior\ReadHtmlCacheBehavior [ RunTime:0.001964s ]
INFO: [ app_begin ] --END-- [ RunTime:0.003148s ]
SQL: SHOW COLUMNS FROM `php41_manager` [ RunTime:0.0111s ]
SQL: SELECT r.role_auth_ac FROM php41_manager m INNER JOIN php41_role r on m.mg_role_id=r.role_id  WHERE `mg_id` = '3' LIMIT 1   [ RunTime:0.0007s ]
INFO: [ app_end ] --START--
INFO: Run Behavior\ShowPageTraceBehavior [ RunTime:0.001933s ]
INFO: [ app_end ] --END-- [ RunTime:0.002095s ]

[ 2015-12-27T10:50:34+08:00 ] 127.0.0.1 /index.php/Back/Goods/getAttributeByTypeUpd.html?type_id=1&goods_id=29
INFO: [ app_begin ] --START--
INFO: Run Behavior\ReadHtmlCacheBehavior [ RunTime:0.002343s ]
INFO: [ app_begin ] --END-- [ RunTime:0.003440s ]
SQL: SHOW COLUMNS FROM `php41_manager` [ RunTime:0.0407s ]
SQL: SELECT r.role_auth_ac FROM php41_manager m INNER JOIN php41_role r on m.mg_role_id=r.role_id  WHERE `mg_id` = '3' LIMIT 1   [ RunTime:0.0007s ]
INFO: [ app_end ] --START--
INFO: Run Behavior\ShowPageTraceBehavior [ RunTime:0.002098s ]
INFO: [ app_end ] --END-- [ RunTime:0.002270s ]

[ 2015-12-27T11:28:17+08:00 ] 127.0.0.1 /index.php/Back/Goods/getAttributeByTypeUpd.html?type_id=1&goods_id=29
INFO: [ app_begin ] --START--
INFO: Run Behavior\ReadHtmlCacheBehavior [ RunTime:0.001638s ]
INFO: [ app_begin ] --END-- [ RunTime:0.003260s ]
SQL: SHOW COLUMNS FROM `php41_manager` [ RunTime:0.0108s ]
SQL: SELECT r.role_auth_ac FROM php41_manager m INNER JOIN php41_role r on m.mg_role_id=r.role_id  WHERE `mg_id` = '3' LIMIT 1   [ RunTime:0.0009s ]
SQL: SHOW COLUMNS FROM `php41_goods_attr` [ RunTime:0.0108s ]
SQL: SELECT g.attr_id,g.attr_value,a.attr_name,a.attr_is_sel,a.attr_sel_opt FROM php41_goods_attr g INNER JOIN php41_attribute a on g.attr_id=a.attr_id  WHERE `goods_id` = '29'  [ RunTime:0.0011s ]
INFO: [ app_end ] --START--
INFO: Run Behavior\ShowPageTraceBehavior [ RunTime:0.001466s ]
INFO: [ app_end ] --END-- [ RunTime:0.001627s ]

[ 2015-12-27T11:33:39+08:00 ] 127.0.0.1 /index.php/Back/Goods/getAttributeByTypeUpd.html?type_id=1&goods_id=29
INFO: [ app_begin ] --START--
INFO: Run Behavior\ReadHtmlCacheBehavior [ RunTime:0.001772s ]
INFO: [ app_begin ] --END-- [ RunTime:0.003110s ]
SQL: SHOW COLUMNS FROM `php41_manager` [ RunTime:0.0102s ]
SQL: SELECT r.role_auth_ac FROM php41_manager m INNER JOIN php41_role r on m.mg_role_id=r.role_id  WHERE `mg_id` = '3' LIMIT 1   [ RunTime:0.0006s ]
SQL: SHOW COLUMNS FROM `php41_goods_attr` [ RunTime:0.0124s ]
SQL: SELECT g.attr_id,g.attr_value,a.attr_name,a.attr_is_sel,a.attr_sel_opt FROM php41_goods_attr g INNER JOIN php41_attribute a on g.attr_id=a.attr_id  WHERE `goods_id` = '29'  [ RunTime:0.0033s ]
INFO: [ app_end ] --START--
INFO: Run Behavior\ShowPageTraceBehavior [ RunTime:0.001683s ]
INFO: [ app_end ] --END-- [ RunTime:0.001877s ]

[ 2015-12-27T11:37:46+08:00 ] 127.0.0.1 /index.php/Back/Goods/getAttributeByTypeUpd.html?type_id=1&goods_id=29
INFO: [ app_begin ] --START--
INFO: Run Behavior\ReadHtmlCacheBehavior [ RunTime:0.002831s ]
INFO: [ app_begin ] --END-- [ RunTime:0.013445s ]
SQL: SHOW COLUMNS FROM `php41_manager` [ RunTime:0.0106s ]
SQL: SELECT r.role_auth_ac FROM php41_manager m INNER JOIN php41_role r on m.mg_role_id=r.role_id  WHERE `mg_id` = '3' LIMIT 1   [ RunTime:0.0006s ]
SQL: SHOW COLUMNS FROM `php41_goods_attr` [ RunTime:0.0129s ]
SQL: SELECT g.attr_id,g.attr_value,a.attr_name,a.attr_is_sel,a.attr_sel_opt FROM php41_goods_attr g INNER JOIN php41_attribute a on g.attr_id=a.attr_id  WHERE `goods_id` = '29'  [ RunTime:0.0010s ]
INFO: [ app_end ] --START--
INFO: Run Behavior\ShowPageTraceBehavior [ RunTime:0.001880s ]
INFO: [ app_end ] --END-- [ RunTime:0.002035s ]

[ 2015-12-27T11:40:38+08:00 ] 127.0.0.1 /index.php/Back/Goods/getAttributeByTypeUpd.html?type_id=1&goods_id=29
INFO: [ app_begin ] --START--
INFO: Run Behavior\ReadHtmlCacheBehavior [ RunTime:0.001845s ]
INFO: [ app_begin ] --END-- [ RunTime:0.003036s ]
SQL: SHOW COLUMNS FROM `php41_manager` [ RunTime:0.0102s ]
SQL: SELECT r.role_auth_ac FROM php41_manager m INNER JOIN php41_role r on m.mg_role_id=r.role_id  WHERE `mg_id` = '3' LIMIT 1   [ RunTime:0.0181s ]
SQL: SHOW COLUMNS FROM `php41_goods_attr` [ RunTime:0.0471s ]
SQL: SELECT g.attr_id,g.attr_value,a.attr_name,a.attr_is_sel,a.attr_sel_opt FROM php41_goods_attr g INNER JOIN php41_attribute a on g.attr_id=a.attr_id  WHERE `goods_id` = '29'  [ RunTime:0.0220s ]
INFO: [ app_end ] --START--
INFO: Run Behavior\ShowPageTraceBehavior [ RunTime:0.001840s ]
INFO: [ app_end ] --END-- [ RunTime:0.002004s ]

[ 2015-12-27T11:42:05+08:00 ] 127.0.0.1 /index.php/Back/Goods/getAttributeByTypeUpd.html?type_id=1&goods_id=29
INFO: [ app_begin ] --START--
INFO: Run Behavior\ReadHtmlCacheBehavior [ RunTime:0.001853s ]
INFO: [ app_begin ] --END-- [ RunTime:0.004419s ]
SQL: SHOW COLUMNS FROM `php41_manager` [ RunTime:0.0116s ]
SQL: SELECT r.role_auth_ac FROM php41_manager m INNER JOIN php41_role r on m.mg_role_id=r.role_id  WHERE `mg_id` = '3' LIMIT 1   [ RunTime:0.0007s ]
SQL: SHOW COLUMNS FROM `php41_goods_attr` [ RunTime:0.0115s ]
SQL: SELECT g.attr_id,g.attr_value,a.attr_name,a.attr_is_sel,a.attr_sel_opt FROM php41_goods_attr g INNER JOIN php41_attribute a on g.attr_id=a.attr_id  WHERE `goods_id` = '29'  [ RunTime:0.0017s ]
INFO: [ app_end ] --START--
INFO: Run Behavior\ShowPageTraceBehavior [ RunTime:0.003016s ]
INFO: [ app_end ] --END-- [ RunTime:0.003183s ]

[ 2015-12-27T11:42:41+08:00 ] 127.0.0.1 /index.php/Back/Goods/getAttributeByTypeUpd.html?type_id=1&goods_id=29
INFO: [ app_begin ] --START--
INFO: Run Behavior\ReadHtmlCacheBehavior [ RunTime:0.001955s ]
INFO: [ app_begin ] --END-- [ RunTime:0.003136s ]
SQL: SHOW COLUMNS FROM `php41_manager` [ RunTime:0.0120s ]
SQL: SELECT r.role_auth_ac FROM php41_manager m INNER JOIN php41_role r on m.mg_role_id=r.role_id  WHERE `mg_id` = '3' LIMIT 1   [ RunTime:0.0008s ]
SQL: SHOW COLUMNS FROM `php41_goods_attr` [ RunTime:0.0136s ]
SQL: SELECT g.attr_id,g.attr_value,a.attr_name,a.attr_is_sel,a.attr_sel_opt FROM php41_goods_attr g INNER JOIN php41_attribute a on g.attr_id=a.attr_id  WHERE `goods_id` = '29'  [ RunTime:0.0019s ]
INFO: [ app_end ] --START--
INFO: Run Behavior\ShowPageTraceBehavior [ RunTime:0.002623s ]
INFO: [ app_end ] --END-- [ RunTime:0.002807s ]

[ 2015-12-27T11:43:06+08:00 ] 127.0.0.1 /index.php/Back/Goods/getAttributeByTypeUpd.html?type_id=1&goods_id=29
INFO: [ app_begin ] --START--
INFO: Run Behavior\ReadHtmlCacheBehavior [ RunTime:0.001834s ]
INFO: [ app_begin ] --END-- [ RunTime:0.002990s ]
SQL: SHOW COLUMNS FROM `php41_manager` [ RunTime:0.0104s ]
SQL: SELECT r.role_auth_ac FROM php41_manager m INNER JOIN php41_role r on m.mg_role_id=r.role_id  WHERE `mg_id` = '3' LIMIT 1   [ RunTime:0.0007s ]
SQL: SHOW COLUMNS FROM `php41_goods_attr` [ RunTime:0.0104s ]
SQL: SELECT g.attr_id,g.attr_value,a.attr_name,a.attr_is_sel,a.attr_sel_opt FROM php41_goods_attr g INNER JOIN php41_attribute a on g.attr_id=a.attr_id  WHERE `goods_id` = '29'  [ RunTime:0.0016s ]
INFO: [ app_end ] --START--
INFO: Run Behavior\ShowPageTraceBehavior [ RunTime:0.002807s ]
INFO: [ app_end ] --END-- [ RunTime:0.003096s ]

[ 2015-12-27T11:44:44+08:00 ] 127.0.0.1 /index.php/Back/Goods/getAttributeByTypeUpd.html?type_id=1&goods_id=29
INFO: [ app_begin ] --START--
INFO: Run Behavior\ReadHtmlCacheBehavior [ RunTime:0.003951s ]
INFO: [ app_begin ] --END-- [ RunTime:0.007237s ]
SQL: SHOW COLUMNS FROM `php41_manager` [ RunTime:0.0126s ]
SQL: SELECT r.role_auth_ac FROM php41_manager m INNER JOIN php41_role r on m.mg_role_id=r.role_id  WHERE `mg_id` = '3' LIMIT 1   [ RunTime:0.0008s ]
SQL: SHOW COLUMNS FROM `php41_goods_attr` [ RunTime:0.0110s ]
SQL: SELECT g.attr_id,g.attr_value,a.attr_name,a.attr_is_sel,a.attr_sel_opt FROM php41_goods_attr g INNER JOIN php41_attribute a on g.attr_id=a.attr_id  WHERE `goods_id` = '29'  [ RunTime:0.0011s ]
INFO: [ app_end ] --START--
INFO: Run Behavior\ShowPageTraceBehavior [ RunTime:0.001814s ]
INFO: [ app_end ] --END-- [ RunTime:0.002040s ]

[ 2015-12-27T11:46:45+08:00 ] 127.0.0.1 /index.php/Back/Goods/getAttributeByTypeUpd.html?type_id=1&goods_id=29
INFO: [ app_begin ] --START--
INFO: Run Behavior\ReadHtmlCacheBehavior [ RunTime:0.001243s ]
INFO: [ app_begin ] --END-- [ RunTime:0.002222s ]
SQL: SHOW COLUMNS FROM `php41_manager` [ RunTime:0.0289s ]
SQL: SELECT r.role_auth_ac FROM php41_manager m INNER JOIN php41_role r on m.mg_role_id=r.role_id  WHERE `mg_id` = '3' LIMIT 1   [ RunTime:0.0009s ]
SQL: SHOW COLUMNS FROM `php41_goods_attr` [ RunTime:0.0122s ]
SQL: SELECT g.attr_id,g.attr_value,a.attr_name,a.attr_is_sel,a.attr_sel_opt FROM php41_goods_attr g INNER JOIN php41_attribute a on g.attr_id=a.attr_id  WHERE `goods_id` = '29'  [ RunTime:0.0012s ]
INFO: [ app_end ] --START--
INFO: Run Behavior\ShowPageTraceBehavior [ RunTime:0.002189s ]
INFO: [ app_end ] --END-- [ RunTime:0.002362s ]

[ 2015-12-27T11:47:00+08:00 ] 127.0.0.1 /index.php/Back/Goods/getAttributeByTypeUpd.html?type_id=1&goods_id=29
INFO: [ app_begin ] --START--
INFO: Run Behavior\ReadHtmlCacheBehavior [ RunTime:0.001433s ]
INFO: [ app_begin ] --END-- [ RunTime:0.002425s ]
SQL: SHOW COLUMNS FROM `php41_manager` [ RunTime:0.0106s ]
SQL: SELECT r.role_auth_ac FROM php41_manager m INNER JOIN php41_role r on m.mg_role_id=r.role_id  WHERE `mg_id` = '3' LIMIT 1   [ RunTime:0.0011s ]
SQL: SHOW COLUMNS FROM `php41_goods_attr` [ RunTime:0.0127s ]
SQL: SELECT g.attr_id,g.attr_value,a.attr_name,a.attr_is_sel,a.attr_sel_opt FROM php41_goods_attr g INNER JOIN php41_attribute a on g.attr_id=a.attr_id  WHERE `goods_id` = '29'  [ RunTime:0.0011s ]
INFO: [ app_end ] --START--
INFO: Run Behavior\ShowPageTraceBehavior [ RunTime:0.001722s ]
INFO: [ app_end ] --END-- [ RunTime:0.001893s ]

[ 2015-12-27T11:47:35+08:00 ] 127.0.0.1 /index.php/Back/Goods/getAttributeByTypeUpd.html?type_id=1&goods_id=29
INFO: [ app_begin ] --START--
INFO: Run Behavior\ReadHtmlCacheBehavior [ RunTime:0.004180s ]
INFO: [ app_begin ] --END-- [ RunTime:0.005592s ]
SQL: SHOW COLUMNS FROM `php41_manager` [ RunTime:0.0162s ]
SQL: SELECT r.role_auth_ac FROM php41_manager m INNER JOIN php41_role r on m.mg_role_id=r.role_id  WHERE `mg_id` = '3' LIMIT 1   [ RunTime:0.0007s ]
SQL: SHOW COLUMNS FROM `php41_goods_attr` [ RunTime:0.0110s ]
SQL: SELECT g.attr_id,g.attr_value,a.attr_name,a.attr_is_sel,a.attr_sel_opt FROM php41_goods_attr g INNER JOIN php41_attribute a on g.attr_id=a.attr_id  WHERE `goods_id` = '29'  [ RunTime:0.0014s ]
INFO: [ app_end ] --START--
INFO: Run Behavior\ShowPageTraceBehavior [ RunTime:0.002703s ]
INFO: [ app_end ] --END-- [ RunTime:0.002879s ]

[ 2015-12-27T11:47:52+08:00 ] 127.0.0.1 /index.php/Back/Goods/getAttributeByTypeUpd.html?type_id=1&goods_id=29
INFO: [ app_begin ] --START--
INFO: Run Behavior\ReadHtmlCacheBehavior [ RunTime:0.001779s ]
INFO: [ app_begin ] --END-- [ RunTime:0.003281s ]
SQL: SHOW COLUMNS FROM `php41_manager` [ RunTime:0.0105s ]
SQL: SELECT r.role_auth_ac FROM php41_manager m INNER JOIN php41_role r on m.mg_role_id=r.role_id  WHERE `mg_id` = '3' LIMIT 1   [ RunTime:0.0031s ]
SQL: SHOW COLUMNS FROM `php41_goods_attr` [ RunTime:0.0107s ]
SQL: SELECT g.attr_id,g.attr_value,a.attr_name,a.attr_is_sel,a.attr_sel_opt FROM php41_goods_attr g INNER JOIN php41_attribute a on g.attr_id=a.attr_id  WHERE `goods_id` = '29'  [ RunTime:0.0016s ]
INFO: [ app_end ] --START--
INFO: Run Behavior\ShowPageTraceBehavior [ RunTime:0.004040s ]
INFO: [ app_end ] --END-- [ RunTime:0.004220s ]

[ 2015-12-27T11:48:48+08:00 ] 127.0.0.1 /index.php/Back/Goods/getAttributeByTypeUpd.html?type_id=1&goods_id=29
INFO: [ app_begin ] --START--
INFO: Run Behavior\ReadHtmlCacheBehavior [ RunTime:0.001629s ]
INFO: [ app_begin ] --END-- [ RunTime:0.003426s ]
SQL: SHOW COLUMNS FROM `php41_manager` [ RunTime:0.0109s ]
SQL: SELECT r.role_auth_ac FROM php41_manager m INNER JOIN php41_role r on m.mg_role_id=r.role_id  WHERE `mg_id` = '3' LIMIT 1   [ RunTime:0.0007s ]
SQL: SHOW COLUMNS FROM `php41_goods_attr` [ RunTime:0.0108s ]
SQL: SELECT g.attr_id,g.attr_value,a.attr_name,a.attr_is_sel,a.attr_sel_opt FROM php41_goods_attr g INNER JOIN php41_attribute a on g.attr_id=a.attr_id  WHERE `goods_id` = '29'  [ RunTime:0.0012s ]
INFO: [ app_end ] --START--
INFO: Run Behavior\ShowPageTraceBehavior [ RunTime:0.001701s ]
INFO: [ app_end ] --END-- [ RunTime:0.001859s ]

[ 2015-12-27T11:49:09+08:00 ] 127.0.0.1 /index.php/Back/Goods/getAttributeByTypeUpd.html?type_id=1&goods_id=29
INFO: [ app_begin ] --START--
INFO: Run Behavior\ReadHtmlCacheBehavior [ RunTime:0.002388s ]
INFO: [ app_begin ] --END-- [ RunTime:0.034052s ]
SQL: SHOW COLUMNS FROM `php41_manager` [ RunTime:0.0137s ]
SQL: SELECT r.role_auth_ac FROM php41_manager m INNER JOIN php41_role r on m.mg_role_id=r.role_id  WHERE `mg_id` = '3' LIMIT 1   [ RunTime:0.0007s ]
SQL: SHOW COLUMNS FROM `php41_goods_attr` [ RunTime:0.0116s ]
SQL: SELECT g.attr_id,g.attr_value,a.attr_name,a.attr_is_sel,a.attr_sel_opt FROM php41_goods_attr g INNER JOIN php41_attribute a on g.attr_id=a.attr_id  WHERE `goods_id` = '29'  [ RunTime:0.0015s ]
INFO: [ app_end ] --START--
INFO: Run Behavior\ShowPageTraceBehavior [ RunTime:0.002155s ]
INFO: [ app_end ] --END-- [ RunTime:0.002323s ]

[ 2015-12-27T11:50:09+08:00 ] 127.0.0.1 /index.php/Back/Goods/getAttributeByTypeUpd.html?type_id=1&goods_id=29
INFO: [ app_begin ] --START--
INFO: Run Behavior\ReadHtmlCacheBehavior [ RunTime:0.002071s ]
INFO: [ app_begin ] --END-- [ RunTime:0.003165s ]
SQL: SHOW COLUMNS FROM `php41_manager` [ RunTime:0.0105s ]
SQL: SELECT r.role_auth_ac FROM php41_manager m INNER JOIN php41_role r on m.mg_role_id=r.role_id  WHERE `mg_id` = '3' LIMIT 1   [ RunTime:0.0007s ]
SQL: SHOW COLUMNS FROM `php41_goods_attr` [ RunTime:0.0104s ]
SQL: SELECT g.attr_id,g.attr_value,a.attr_name,a.attr_is_sel,a.attr_sel_opt FROM php41_goods_attr g INNER JOIN php41_attribute a on g.attr_id=a.attr_id  WHERE `goods_id` = '29'  [ RunTime:0.0012s ]
INFO: [ app_end ] --START--
INFO: Run Behavior\ShowPageTraceBehavior [ RunTime:0.003118s ]
INFO: [ app_end ] --END-- [ RunTime:0.003302s ]

[ 2015-12-27T11:50:35+08:00 ] 127.0.0.1 /index.php/Back/Goods/getAttributeByTypeUpd.html?type_id=4&goods_id=29
INFO: [ app_begin ] --START--
INFO: Run Behavior\ReadHtmlCacheBehavior [ RunTime:0.001446s ]
INFO: [ app_begin ] --END-- [ RunTime:0.002457s ]
SQL: SHOW COLUMNS FROM `php41_manager` [ RunTime:0.0117s ]
SQL: SELECT r.role_auth_ac FROM php41_manager m INNER JOIN php41_role r on m.mg_role_id=r.role_id  WHERE `mg_id` = '3' LIMIT 1   [ RunTime:0.0010s ]
SQL: SHOW COLUMNS FROM `php41_goods_attr` [ RunTime:0.0109s ]
SQL: SELECT g.attr_id,g.attr_value,a.attr_name,a.attr_is_sel,a.attr_sel_opt FROM php41_goods_attr g INNER JOIN php41_attribute a on g.attr_id=a.attr_id  WHERE `goods_id` = '29'  [ RunTime:0.0011s ]
INFO: [ app_end ] --START--
INFO: Run Behavior\ShowPageTraceBehavior [ RunTime:0.002201s ]
INFO: [ app_end ] --END-- [ RunTime:0.002379s ]

[ 2015-12-27T11:50:47+08:00 ] 127.0.0.1 /index.php/Back/Goods/getAttributeByTypeUpd.html?type_id=1&goods_id=29
INFO: [ app_begin ] --START--
INFO: Run Behavior\ReadHtmlCacheBehavior [ RunTime:0.001948s ]
INFO: [ app_begin ] --END-- [ RunTime:0.010254s ]
SQL: SHOW COLUMNS FROM `php41_manager` [ RunTime:0.0104s ]
SQL: SELECT r.role_auth_ac FROM php41_manager m INNER JOIN php41_role r on m.mg_role_id=r.role_id  WHERE `mg_id` = '3' LIMIT 1   [ RunTime:0.0009s ]
SQL: SHOW COLUMNS FROM `php41_goods_attr` [ RunTime:0.0117s ]
SQL: SELECT g.attr_id,g.attr_value,a.attr_name,a.attr_is_sel,a.attr_sel_opt FROM php41_goods_attr g INNER JOIN php41_attribute a on g.attr_id=a.attr_id  WHERE `goods_id` = '29'  [ RunTime:0.0017s ]
INFO: [ app_end ] --START--
INFO: Run Behavior\ShowPageTraceBehavior [ RunTime:0.001978s ]
INFO: [ app_end ] --END-- [ RunTime:0.002150s ]

[ 2015-12-27T11:51:44+08:00 ] 127.0.0.1 /index.php/Back/Goods/getAttributeByTypeUpd.html?type_id=1&goods_id=29
INFO: [ app_begin ] --START--
INFO: Run Behavior\ReadHtmlCacheBehavior [ RunTime:0.002288s ]
INFO: [ app_begin ] --END-- [ RunTime:0.003472s ]
SQL: SHOW COLUMNS FROM `php41_manager` [ RunTime:0.0099s ]
SQL: SELECT r.role_auth_ac FROM php41_manager m INNER JOIN php41_role r on m.mg_role_id=r.role_id  WHERE `mg_id` = '3' LIMIT 1   [ RunTime:0.0006s ]
SQL: SHOW COLUMNS FROM `php41_goods_attr` [ RunTime:0.0100s ]
SQL: SELECT g.attr_id,g.attr_value,a.attr_name,a.attr_is_sel,a.attr_sel_opt FROM php41_goods_attr g INNER JOIN php41_attribute a on g.attr_id=a.attr_id  WHERE `goods_id` = '29'  [ RunTime:0.0012s ]
INFO: [ app_end ] --START--
INFO: Run Behavior\ShowPageTraceBehavior [ RunTime:0.002290s ]
INFO: [ app_end ] --END-- [ RunTime:0.002468s ]

[ 2015-12-27T11:51:51+08:00 ] 127.0.0.1 /index.php/Back/Goods/getAttributeByTypeUpd.html?type_id=4&goods_id=29
INFO: [ app_begin ] --START--
INFO: Run Behavior\ReadHtmlCacheBehavior [ RunTime:0.001384s ]
INFO: [ app_begin ] --END-- [ RunTime:0.002408s ]
SQL: SHOW COLUMNS FROM `php41_manager` [ RunTime:0.0121s ]
SQL: SELECT r.role_auth_ac FROM php41_manager m INNER JOIN php41_role r on m.mg_role_id=r.role_id  WHERE `mg_id` = '3' LIMIT 1   [ RunTime:0.0008s ]
SQL: SHOW COLUMNS FROM `php41_goods_attr` [ RunTime:0.0117s ]
SQL: SELECT g.attr_id,g.attr_value,a.attr_name,a.attr_is_sel,a.attr_sel_opt FROM php41_goods_attr g INNER JOIN php41_attribute a on g.attr_id=a.attr_id  WHERE `goods_id` = '29'  [ RunTime:0.0012s ]
INFO: [ app_end ] --START--
INFO: Run Behavior\ShowPageTraceBehavior [ RunTime:0.001618s ]
INFO: [ app_end ] --END-- [ RunTime:0.001818s ]

[ 2015-12-27T11:54:41+08:00 ] 127.0.0.1 /index.php/Back/Goods/getAttributeByTypeUpd.html?type_id=1&goods_id=29
INFO: [ app_begin ] --START--
INFO: Run Behavior\ReadHtmlCacheBehavior [ RunTime:0.001406s ]
INFO: [ app_begin ] --END-- [ RunTime:0.002468s ]
SQL: SHOW COLUMNS FROM `php41_manager` [ RunTime:0.0108s ]
SQL: SELECT r.role_auth_ac FROM php41_manager m INNER JOIN php41_role r on m.mg_role_id=r.role_id  WHERE `mg_id` = '3' LIMIT 1   [ RunTime:0.0007s ]
SQL: SHOW COLUMNS FROM `php41_goods` [ RunTime:0.0119s ]
SQL: SELECT * FROM `php41_goods` WHERE `goods_id` = 29 LIMIT 1   [ RunTime:0.0012s ]
SQL: SHOW COLUMNS FROM `php41_goods_attr` [ RunTime:0.0253s ]
SQL: SELECT g.attr_id,g.attr_value,a.attr_name,a.attr_is_sel,a.attr_sel_opt FROM php41_goods_attr g INNER JOIN php41_attribute a on g.attr_id=a.attr_id  WHERE `goods_id` = '29'  [ RunTime:0.0038s ]
INFO: [ app_end ] --START--
INFO: Run Behavior\ShowPageTraceBehavior [ RunTime:0.001654s ]
INFO: [ app_end ] --END-- [ RunTime:0.001830s ]

[ 2015-12-27T11:54:44+08:00 ] 127.0.0.1 /index.php/Back/Goods/getAttributeByTypeUpd.html?type_id=4&goods_id=29
INFO: [ app_begin ] --START--
INFO: Run Behavior\ReadHtmlCacheBehavior [ RunTime:0.001817s ]
INFO: [ app_begin ] --END-- [ RunTime:0.002944s ]
SQL: SHOW COLUMNS FROM `php41_manager` [ RunTime:0.0102s ]
SQL: SELECT r.role_auth_ac FROM php41_manager m INNER JOIN php41_role r on m.mg_role_id=r.role_id  WHERE `mg_id` = '3' LIMIT 1   [ RunTime:0.0014s ]
SQL: SHOW COLUMNS FROM `php41_goods` [ RunTime:0.0120s ]
SQL: SELECT * FROM `php41_goods` WHERE `goods_id` = 29 LIMIT 1   [ RunTime:0.0015s ]
SQL: SHOW COLUMNS FROM `php41_attribute` [ RunTime:0.0109s ]
SQL: SELECT * FROM `php41_attribute` WHERE `type_id` = 4  [ RunTime:0.0009s ]
INFO: [ app_end ] --START--
INFO: Run Behavior\ShowPageTraceBehavior [ RunTime:0.002138s ]
INFO: [ app_end ] --END-- [ RunTime:0.002364s ]

[ 2015-12-27T12:03:18+08:00 ] 127.0.0.1 /index.php/Back/Goods/getAttributeByTypeUpd.html?type_id=5&goods_id=29
INFO: [ app_begin ] --START--
INFO: Run Behavior\ReadHtmlCacheBehavior [ RunTime:0.002632s ]
INFO: [ app_begin ] --END-- [ RunTime:0.003794s ]
SQL: SHOW COLUMNS FROM `php41_manager` [ RunTime:0.0111s ]
SQL: SELECT r.role_auth_ac FROM php41_manager m INNER JOIN php41_role r on m.mg_role_id=r.role_id  WHERE `mg_id` = '3' LIMIT 1   [ RunTime:0.0007s ]
SQL: SHOW COLUMNS FROM `php41_goods` [ RunTime:0.0214s ]
SQL: SELECT * FROM `php41_goods` WHERE `goods_id` = 29 LIMIT 1   [ RunTime:0.0008s ]
SQL: SHOW COLUMNS FROM `php41_attribute` [ RunTime:0.0114s ]
SQL: SELECT * FROM `php41_attribute` WHERE `type_id` = 5  [ RunTime:0.0005s ]
INFO: [ app_end ] --START--
INFO: Run Behavior\ShowPageTraceBehavior [ RunTime:0.001803s ]
INFO: [ app_end ] --END-- [ RunTime:0.001962s ]

[ 2015-12-27T12:03:22+08:00 ] 127.0.0.1 /index.php/Back/Goods/getAttributeByTypeUpd.html?type_id=1&goods_id=29
INFO: [ app_begin ] --START--
INFO: Run Behavior\ReadHtmlCacheBehavior [ RunTime:0.006127s ]
INFO: [ app_begin ] --END-- [ RunTime:0.007479s ]
SQL: SHOW COLUMNS FROM `php41_manager` [ RunTime:0.0102s ]
SQL: SELECT r.role_auth_ac FROM php41_manager m INNER JOIN php41_role r on m.mg_role_id=r.role_id  WHERE `mg_id` = '3' LIMIT 1   [ RunTime:0.0006s ]
SQL: SHOW COLUMNS FROM `php41_goods` [ RunTime:0.0111s ]
SQL: SELECT * FROM `php41_goods` WHERE `goods_id` = 29 LIMIT 1   [ RunTime:0.0009s ]
SQL: SHOW COLUMNS FROM `php41_goods_attr` [ RunTime:0.0119s ]
SQL: SELECT g.attr_id,g.attr_value,a.attr_name,a.attr_is_sel,a.attr_sel_opt FROM php41_goods_attr g INNER JOIN php41_attribute a on g.attr_id=a.attr_id  WHERE `goods_id` = '29'  [ RunTime:0.0010s ]
INFO: [ app_end ] --START--
INFO: Run Behavior\ShowPageTraceBehavior [ RunTime:0.001953s ]
INFO: [ app_end ] --END-- [ RunTime:0.002127s ]

[ 2015-12-27T12:03:24+08:00 ] 127.0.0.1 /index.php/Back/Goods/getAttributeByTypeUpd.html?type_id=4&goods_id=29
INFO: [ app_begin ] --START--
INFO: Run Behavior\ReadHtmlCacheBehavior [ RunTime:0.001774s ]
INFO: [ app_begin ] --END-- [ RunTime:0.002965s ]
SQL: SHOW COLUMNS FROM `php41_manager` [ RunTime:0.0103s ]
SQL: SELECT r.role_auth_ac FROM php41_manager m INNER JOIN php41_role r on m.mg_role_id=r.role_id  WHERE `mg_id` = '3' LIMIT 1   [ RunTime:0.0007s ]
SQL: SHOW COLUMNS FROM `php41_goods` [ RunTime:0.0118s ]
SQL: SELECT * FROM `php41_goods` WHERE `goods_id` = 29 LIMIT 1   [ RunTime:0.0009s ]
SQL: SHOW COLUMNS FROM `php41_attribute` [ RunTime:0.0101s ]
SQL: SELECT * FROM `php41_attribute` WHERE `type_id` = 4  [ RunTime:0.0006s ]
INFO: [ app_end ] --START--
INFO: Run Behavior\ShowPageTraceBehavior [ RunTime:0.001972s ]
INFO: [ app_end ] --END-- [ RunTime:0.002161s ]

[ 2015-12-27T14:33:38+08:00 ] 127.0.0.1 /index.php/Back/Goods/getAttributeByTypeUpd.html?type_id=4&goods_id=29
INFO: [ app_begin ] --START--
INFO: Run Behavior\ReadHtmlCacheBehavior [ RunTime:0.003156s ]
INFO: [ app_begin ] --END-- [ RunTime:0.004768s ]
SQL: SHOW COLUMNS FROM `php41_manager` [ RunTime:0.0119s ]
SQL: SELECT r.role_auth_ac FROM php41_manager m INNER JOIN php41_role r on m.mg_role_id=r.role_id  WHERE `mg_id` = '3' LIMIT 1   [ RunTime:0.0013s ]
SQL: SHOW COLUMNS FROM `php41_goods` [ RunTime:0.0128s ]
SQL: SELECT * FROM `php41_goods` WHERE `goods_id` = 29 LIMIT 1   [ RunTime:0.0008s ]
SQL: SHOW COLUMNS FROM `php41_attribute` [ RunTime:0.0125s ]
SQL: SELECT * FROM `php41_attribute` WHERE `type_id` = 4  [ RunTime:0.0007s ]
INFO: [ app_end ] --START--
INFO: Run Behavior\ShowPageTraceBehavior [ RunTime:0.002036s ]
INFO: [ app_end ] --END-- [ RunTime:0.002191s ]

[ 2015-12-27T14:33:44+08:00 ] 127.0.0.1 /index.php/Back/Goods/getAttributeByTypeUpd.html?type_id=1&goods_id=29
INFO: [ app_begin ] --START--
INFO: Run Behavior\ReadHtmlCacheBehavior [ RunTime:0.001605s ]
INFO: [ app_begin ] --END-- [ RunTime:0.002676s ]
SQL: SHOW COLUMNS FROM `php41_manager` [ RunTime:0.0113s ]
SQL: SELECT r.role_auth_ac FROM php41_manager m INNER JOIN php41_role r on m.mg_role_id=r.role_id  WHERE `mg_id` = '3' LIMIT 1   [ RunTime:0.0007s ]
SQL: SHOW COLUMNS FROM `php41_goods` [ RunTime:0.0101s ]
SQL: SELECT * FROM `php41_goods` WHERE `goods_id` = 29 LIMIT 1   [ RunTime:0.0008s ]
SQL: SHOW COLUMNS FROM `php41_goods_attr` [ RunTime:0.0125s ]
SQL: SELECT g.attr_id,g.attr_value,a.attr_name,a.attr_is_sel,a.attr_sel_opt FROM php41_goods_attr g INNER JOIN php41_attribute a on g.attr_id=a.attr_id  WHERE `goods_id` = '29'  [ RunTime:0.0069s ]
INFO: [ app_end ] --START--
INFO: Run Behavior\ShowPageTraceBehavior [ RunTime:0.002297s ]
INFO: [ app_end ] --END-- [ RunTime:0.002460s ]

[ 2015-12-27T14:33:47+08:00 ] 127.0.0.1 /index.php/Back/Goods/getAttributeByTypeUpd.html?type_id=1&goods_id=29
INFO: [ app_begin ] --START--
INFO: Run Behavior\ReadHtmlCacheBehavior [ RunTime:0.001732s ]
INFO: [ app_begin ] --END-- [ RunTime:0.003273s ]
SQL: SHOW COLUMNS FROM `php41_manager` [ RunTime:0.0110s ]
SQL: SELECT r.role_auth_ac FROM php41_manager m INNER JOIN php41_role r on m.mg_role_id=r.role_id  WHERE `mg_id` = '3' LIMIT 1   [ RunTime:0.0010s ]
SQL: SHOW COLUMNS FROM `php41_goods` [ RunTime:0.0136s ]
SQL: SELECT * FROM `php41_goods` WHERE `goods_id` = 29 LIMIT 1   [ RunTime:0.0009s ]
SQL: SHOW COLUMNS FROM `php41_goods_attr` [ RunTime:0.0149s ]
SQL: SELECT g.attr_id,g.attr_value,a.attr_name,a.attr_is_sel,a.attr_sel_opt FROM php41_goods_attr g INNER JOIN php41_attribute a on g.attr_id=a.attr_id  WHERE `goods_id` = '29'  [ RunTime:0.0009s ]
INFO: [ app_end ] --START--
INFO: Run Behavior\ShowPageTraceBehavior [ RunTime:0.001743s ]
INFO: [ app_end ] --END-- [ RunTime:0.001897s ]

[ 2015-12-27T14:33:54+08:00 ] 127.0.0.1 /index.php/Back/Goods/getAttributeByTypeUpd.html?type_id=4&goods_id=29
INFO: [ app_begin ] --START--
INFO: Run Behavior\ReadHtmlCacheBehavior [ RunTime:0.001735s ]
INFO: [ app_begin ] --END-- [ RunTime:0.002882s ]
SQL: SHOW COLUMNS FROM `php41_manager` [ RunTime:0.0101s ]
SQL: SELECT r.role_auth_ac FROM php41_manager m INNER JOIN php41_role r on m.mg_role_id=r.role_id  WHERE `mg_id` = '3' LIMIT 1   [ RunTime:0.0006s ]
SQL: SHOW COLUMNS FROM `php41_goods` [ RunTime:0.0215s ]
SQL: SELECT * FROM `php41_goods` WHERE `goods_id` = 29 LIMIT 1   [ RunTime:0.0009s ]
SQL: SHOW COLUMNS FROM `php41_attribute` [ RunTime:0.0114s ]
SQL: SELECT * FROM `php41_attribute` WHERE `type_id` = 4  [ RunTime:0.0046s ]
INFO: [ app_end ] --START--
INFO: Run Behavior\ShowPageTraceBehavior [ RunTime:0.001861s ]
INFO: [ app_end ] --END-- [ RunTime:0.002041s ]

[ 2015-12-27T14:34:13+08:00 ] 127.0.0.1 /index.php/Back/Goods/getAttributeByTypeUpd.html?type_id=1&goods_id=29
INFO: [ app_begin ] --START--
INFO: Run Behavior\ReadHtmlCacheBehavior [ RunTime:0.001919s ]
INFO: [ app_begin ] --END-- [ RunTime:0.003068s ]
SQL: SHOW COLUMNS FROM `php41_manager` [ RunTime:0.0102s ]
SQL: SELECT r.role_auth_ac FROM php41_manager m INNER JOIN php41_role r on m.mg_role_id=r.role_id  WHERE `mg_id` = '3' LIMIT 1   [ RunTime:0.0006s ]
SQL: SHOW COLUMNS FROM `php41_goods` [ RunTime:0.0114s ]
SQL: SELECT * FROM `php41_goods` WHERE `goods_id` = 29 LIMIT 1   [ RunTime:0.0008s ]
SQL: SHOW COLUMNS FROM `php41_goods_attr` [ RunTime:0.0105s ]
SQL: SELECT g.attr_id,g.attr_value,a.attr_name,a.attr_is_sel,a.attr_sel_opt FROM php41_goods_attr g INNER JOIN php41_attribute a on g.attr_id=a.attr_id  WHERE `goods_id` = '29'  [ RunTime:0.0013s ]
INFO: [ app_end ] --START--
INFO: Run Behavior\ShowPageTraceBehavior [ RunTime:0.001959s ]
INFO: [ app_end ] --END-- [ RunTime:0.002156s ]

[ 2015-12-27T14:34:22+08:00 ] 127.0.0.1 /index.php/Back/Goods/getAttributeByTypeUpd.html?type_id=1&goods_id=29
INFO: [ app_begin ] --START--
INFO: Run Behavior\ReadHtmlCacheBehavior [ RunTime:0.001785s ]
INFO: [ app_begin ] --END-- [ RunTime:0.003419s ]
SQL: SHOW COLUMNS FROM `php41_manager` [ RunTime:0.0111s ]
SQL: SELECT r.role_auth_ac FROM php41_manager m INNER JOIN php41_role r on m.mg_role_id=r.role_id  WHERE `mg_id` = '3' LIMIT 1   [ RunTime:0.0009s ]
SQL: SHOW COLUMNS FROM `php41_goods` [ RunTime:0.0112s ]
SQL: SELECT * FROM `php41_goods` WHERE `goods_id` = 29 LIMIT 1   [ RunTime:0.0009s ]
SQL: SHOW COLUMNS FROM `php41_goods_attr` [ RunTime:0.0093s ]
SQL: SELECT g.attr_id,g.attr_value,a.attr_name,a.attr_is_sel,a.attr_sel_opt FROM php41_goods_attr g INNER JOIN php41_attribute a on g.attr_id=a.attr_id  WHERE `goods_id` = '29'  [ RunTime:0.0010s ]
INFO: [ app_end ] --START--
INFO: Run Behavior\ShowPageTraceBehavior [ RunTime:0.002381s ]
INFO: [ app_end ] --END-- [ RunTime:0.002559s ]

[ 2015-12-27T14:34:34+08:00 ] 127.0.0.1 /index.php/Back/Goods/getAttributeByTypeUpd.html?type_id=4&goods_id=29
INFO: [ app_begin ] --START--
INFO: Run Behavior\ReadHtmlCacheBehavior [ RunTime:0.001552s ]
INFO: [ app_begin ] --END-- [ RunTime:0.002624s ]
SQL: SHOW COLUMNS FROM `php41_manager` [ RunTime:0.0108s ]
SQL: SELECT r.role_auth_ac FROM php41_manager m INNER JOIN php41_role r on m.mg_role_id=r.role_id  WHERE `mg_id` = '3' LIMIT 1   [ RunTime:0.0009s ]
SQL: SHOW COLUMNS FROM `php41_goods` [ RunTime:0.0327s ]
SQL: SELECT * FROM `php41_goods` WHERE `goods_id` = 29 LIMIT 1   [ RunTime:0.0010s ]
SQL: SHOW COLUMNS FROM `php41_attribute` [ RunTime:0.0108s ]
SQL: SELECT * FROM `php41_attribute` WHERE `type_id` = 4  [ RunTime:0.0008s ]
INFO: [ app_end ] --START--
INFO: Run Behavior\ShowPageTraceBehavior [ RunTime:0.016091s ]
INFO: [ app_end ] --END-- [ RunTime:0.016311s ]

[ 2015-12-27T14:35:59+08:00 ] 127.0.0.1 /index.php/Back/Goods/getAttributeByTypeUpd.html?type_id=1&goods_id=29
INFO: [ app_begin ] --START--
INFO: Run Behavior\ReadHtmlCacheBehavior [ RunTime:0.001873s ]
INFO: [ app_begin ] --END-- [ RunTime:0.002920s ]
SQL: SHOW COLUMNS FROM `php41_manager` [ RunTime:0.0120s ]
SQL: SELECT r.role_auth_ac FROM php41_manager m INNER JOIN php41_role r on m.mg_role_id=r.role_id  WHERE `mg_id` = '3' LIMIT 1   [ RunTime:0.0008s ]
SQL: SHOW COLUMNS FROM `php41_goods` [ RunTime:0.0118s ]
SQL: SELECT * FROM `php41_goods` WHERE `goods_id` = 29 LIMIT 1   [ RunTime:0.0011s ]
SQL: SHOW COLUMNS FROM `php41_goods_attr` [ RunTime:0.0095s ]
SQL: SELECT g.attr_id,g.attr_value,a.attr_name,a.attr_is_sel,a.attr_sel_opt FROM php41_goods_attr g INNER JOIN php41_attribute a on g.attr_id=a.attr_id  WHERE `goods_id` = '29'  [ RunTime:0.0159s ]
INFO: [ app_end ] --START--
INFO: Run Behavior\ShowPageTraceBehavior [ RunTime:0.001708s ]
INFO: [ app_end ] --END-- [ RunTime:0.001902s ]

[ 2015-12-27T14:36:05+08:00 ] 127.0.0.1 /index.php/Back/Goods/getAttributeByTypeUpd.html?type_id=2&goods_id=29
INFO: [ app_begin ] --START--
INFO: Run Behavior\ReadHtmlCacheBehavior [ RunTime:0.001382s ]
INFO: [ app_begin ] --END-- [ RunTime:0.002429s ]
SQL: SHOW COLUMNS FROM `php41_manager` [ RunTime:0.0110s ]
SQL: SELECT r.role_auth_ac FROM php41_manager m INNER JOIN php41_role r on m.mg_role_id=r.role_id  WHERE `mg_id` = '3' LIMIT 1   [ RunTime:0.0006s ]
SQL: SHOW COLUMNS FROM `php41_goods` [ RunTime:0.0116s ]
SQL: SELECT * FROM `php41_goods` WHERE `goods_id` = 29 LIMIT 1   [ RunTime:0.0010s ]
SQL: SHOW COLUMNS FROM `php41_attribute` [ RunTime:0.0115s ]
SQL: SELECT * FROM `php41_attribute` WHERE `type_id` = 2  [ RunTime:0.0008s ]
INFO: [ app_end ] --START--
INFO: Run Behavior\ShowPageTraceBehavior [ RunTime:0.001444s ]
INFO: [ app_end ] --END-- [ RunTime:0.001597s ]

[ 2015-12-27T14:36:07+08:00 ] 127.0.0.1 /index.php/Back/Goods/getAttributeByTypeUpd.html?type_id=3&goods_id=29
INFO: [ app_begin ] --START--
INFO: Run Behavior\ReadHtmlCacheBehavior [ RunTime:0.001764s ]
INFO: [ app_begin ] --END-- [ RunTime:0.002847s ]
SQL: SHOW COLUMNS FROM `php41_manager` [ RunTime:0.0098s ]
SQL: SELECT r.role_auth_ac FROM php41_manager m INNER JOIN php41_role r on m.mg_role_id=r.role_id  WHERE `mg_id` = '3' LIMIT 1   [ RunTime:0.0008s ]
SQL: SHOW COLUMNS FROM `php41_goods` [ RunTime:0.0146s ]
SQL: SELECT * FROM `php41_goods` WHERE `goods_id` = 29 LIMIT 1   [ RunTime:0.0008s ]
SQL: SHOW COLUMNS FROM `php41_attribute` [ RunTime:0.0123s ]
SQL: SELECT * FROM `php41_attribute` WHERE `type_id` = 3  [ RunTime:0.0009s ]
INFO: [ app_end ] --START--
INFO: Run Behavior\ShowPageTraceBehavior [ RunTime:0.001984s ]
INFO: [ app_end ] --END-- [ RunTime:0.002176s ]

[ 2015-12-27T14:36:13+08:00 ] 127.0.0.1 /index.php/Back/Goods/getAttributeByTypeUpd.html?type_id=4&goods_id=29
INFO: [ app_begin ] --START--
INFO: Run Behavior\ReadHtmlCacheBehavior [ RunTime:0.001381s ]
INFO: [ app_begin ] --END-- [ RunTime:0.002414s ]
SQL: SHOW COLUMNS FROM `php41_manager` [ RunTime:0.0112s ]
SQL: SELECT r.role_auth_ac FROM php41_manager m INNER JOIN php41_role r on m.mg_role_id=r.role_id  WHERE `mg_id` = '3' LIMIT 1   [ RunTime:0.0007s ]
SQL: SHOW COLUMNS FROM `php41_goods` [ RunTime:0.0145s ]
SQL: SELECT * FROM `php41_goods` WHERE `goods_id` = 29 LIMIT 1   [ RunTime:0.0063s ]
SQL: SHOW COLUMNS FROM `php41_attribute` [ RunTime:0.0109s ]
SQL: SELECT * FROM `php41_attribute` WHERE `type_id` = 4  [ RunTime:0.0007s ]
INFO: [ app_end ] --START--
INFO: Run Behavior\ShowPageTraceBehavior [ RunTime:0.001614s ]
INFO: [ app_end ] --END-- [ RunTime:0.001790s ]

[ 2015-12-27T14:36:14+08:00 ] 127.0.0.1 /index.php/Back/Goods/getAttributeByTypeUpd.html?type_id=1&goods_id=29
INFO: [ app_begin ] --START--
INFO: Run Behavior\ReadHtmlCacheBehavior [ RunTime:0.001412s ]
INFO: [ app_begin ] --END-- [ RunTime:0.002482s ]
SQL: SHOW COLUMNS FROM `php41_manager` [ RunTime:0.0098s ]
SQL: SELECT r.role_auth_ac FROM php41_manager m INNER JOIN php41_role r on m.mg_role_id=r.role_id  WHERE `mg_id` = '3' LIMIT 1   [ RunTime:0.0007s ]
SQL: SHOW COLUMNS FROM `php41_goods` [ RunTime:0.0110s ]
SQL: SELECT * FROM `php41_goods` WHERE `goods_id` = 29 LIMIT 1   [ RunTime:0.0009s ]
SQL: SHOW COLUMNS FROM `php41_goods_attr` [ RunTime:0.0100s ]
SQL: SELECT g.attr_id,g.attr_value,a.attr_name,a.attr_is_sel,a.attr_sel_opt FROM php41_goods_attr g INNER JOIN php41_attribute a on g.attr_id=a.attr_id  WHERE `goods_id` = '29'  [ RunTime:0.0011s ]
INFO: [ app_end ] --START--
INFO: Run Behavior\ShowPageTraceBehavior [ RunTime:0.001476s ]
INFO: [ app_end ] --END-- [ RunTime:0.001646s ]

[ 2015-12-27T14:46:25+08:00 ] 127.0.0.1 /index.php/Back/Goods/getAttributeByTypeUpd.html?type_id=1&goods_id=29
INFO: [ app_begin ] --START--
INFO: Run Behavior\ReadHtmlCacheBehavior [ RunTime:0.001943s ]
INFO: [ app_begin ] --END-- [ RunTime:0.003209s ]
SQL: SHOW COLUMNS FROM `php41_manager` [ RunTime:0.0110s ]
SQL: SELECT r.role_auth_ac FROM php41_manager m INNER JOIN php41_role r on m.mg_role_id=r.role_id  WHERE `mg_id` = '3' LIMIT 1   [ RunTime:0.0006s ]
SQL: SHOW COLUMNS FROM `php41_goods` [ RunTime:0.0121s ]
SQL: SELECT * FROM `php41_goods` WHERE `goods_id` = 29 LIMIT 1   [ RunTime:0.0009s ]
SQL: SHOW COLUMNS FROM `php41_goods_attr` [ RunTime:0.0120s ]
SQL: SELECT g.attr_id,g.attr_value,a.attr_name,a.attr_is_sel,a.attr_sel_opt FROM php41_goods_attr g INNER JOIN php41_attribute a on g.attr_id=a.attr_id  WHERE `goods_id` = '29'  [ RunTime:0.0012s ]
INFO: [ app_end ] --START--
INFO: Run Behavior\ShowPageTraceBehavior [ RunTime:0.001887s ]
INFO: [ app_end ] --END-- [ RunTime:0.002277s ]

[ 2015-12-27T14:46:29+08:00 ] 127.0.0.1 /index.php/Back/Goods/getAttributeByTypeUpd.html?type_id=1&goods_id=29
INFO: [ app_begin ] --START--
INFO: Run Behavior\ReadHtmlCacheBehavior [ RunTime:0.001539s ]
INFO: [ app_begin ] --END-- [ RunTime:0.003390s ]
SQL: SHOW COLUMNS FROM `php41_manager` [ RunTime:0.0097s ]
SQL: SELECT r.role_auth_ac FROM php41_manager m INNER JOIN php41_role r on m.mg_role_id=r.role_id  WHERE `mg_id` = '3' LIMIT 1   [ RunTime:0.0006s ]
SQL: SHOW COLUMNS FROM `php41_goods` [ RunTime:0.0113s ]
SQL: SELECT * FROM `php41_goods` WHERE `goods_id` = 29 LIMIT 1   [ RunTime:0.0009s ]
SQL: SHOW COLUMNS FROM `php41_goods_attr` [ RunTime:0.0101s ]
SQL: SELECT g.attr_id,g.attr_value,a.attr_name,a.attr_is_sel,a.attr_sel_opt FROM php41_goods_attr g INNER JOIN php41_attribute a on g.attr_id=a.attr_id  WHERE `goods_id` = '29'  [ RunTime:0.0010s ]
INFO: [ app_end ] --START--
INFO: Run Behavior\ShowPageTraceBehavior [ RunTime:0.001861s ]
INFO: [ app_end ] --END-- [ RunTime:0.002060s ]

[ 2015-12-27T14:46:36+08:00 ] 127.0.0.1 /index.php/Back/Goods/getAttributeByTypeUpd.html?type_id=4&goods_id=29
INFO: [ app_begin ] --START--
INFO: Run Behavior\ReadHtmlCacheBehavior [ RunTime:0.002083s ]
INFO: [ app_begin ] --END-- [ RunTime:0.003471s ]
SQL: SHOW COLUMNS FROM `php41_manager` [ RunTime:0.0099s ]
SQL: SELECT r.role_auth_ac FROM php41_manager m INNER JOIN php41_role r on m.mg_role_id=r.role_id  WHERE `mg_id` = '3' LIMIT 1   [ RunTime:0.0011s ]
SQL: SHOW COLUMNS FROM `php41_goods` [ RunTime:0.0114s ]
SQL: SELECT * FROM `php41_goods` WHERE `goods_id` = 29 LIMIT 1   [ RunTime:0.0008s ]
SQL: SHOW COLUMNS FROM `php41_attribute` [ RunTime:0.0112s ]
SQL: SELECT * FROM `php41_attribute` WHERE `type_id` = 4  [ RunTime:0.0026s ]
INFO: [ app_end ] --START--
INFO: Run Behavior\ShowPageTraceBehavior [ RunTime:0.001750s ]
INFO: [ app_end ] --END-- [ RunTime:0.001951s ]

[ 2015-12-27T14:46:45+08:00 ] 127.0.0.1 /index.php/Back/Goods/getAttributeByTypeUpd.html?type_id=1&goods_id=29
INFO: [ app_begin ] --START--
INFO: Run Behavior\ReadHtmlCacheBehavior [ RunTime:0.001562s ]
INFO: [ app_begin ] --END-- [ RunTime:0.002659s ]
SQL: SHOW COLUMNS FROM `php41_manager` [ RunTime:0.0108s ]
SQL: SELECT r.role_auth_ac FROM php41_manager m INNER JOIN php41_role r on m.mg_role_id=r.role_id  WHERE `mg_id` = '3' LIMIT 1   [ RunTime:0.0008s ]
SQL: SHOW COLUMNS FROM `php41_goods` [ RunTime:0.0114s ]
SQL: SELECT * FROM `php41_goods` WHERE `goods_id` = 29 LIMIT 1   [ RunTime:0.0012s ]
SQL: SHOW COLUMNS FROM `php41_goods_attr` [ RunTime:0.0108s ]
SQL: SELECT g.attr_id,g.attr_value,a.attr_name,a.attr_is_sel,a.attr_sel_opt FROM php41_goods_attr g INNER JOIN php41_attribute a on g.attr_id=a.attr_id  WHERE `goods_id` = '29'  [ RunTime:0.0023s ]
INFO: [ app_end ] --START--
INFO: Run Behavior\ShowPageTraceBehavior [ RunTime:0.001484s ]
INFO: [ app_end ] --END-- [ RunTime:0.001737s ]

[ 2015-12-27T14:46:50+08:00 ] 127.0.0.1 /index.php/Back/Goods/getAttributeByTypeUpd.html?type_id=2&goods_id=29
INFO: [ app_begin ] --START--
INFO: Run Behavior\ReadHtmlCacheBehavior [ RunTime:0.001422s ]
INFO: [ app_begin ] --END-- [ RunTime:0.002554s ]
SQL: SHOW COLUMNS FROM `php41_manager` [ RunTime:0.0115s ]
SQL: SELECT r.role_auth_ac FROM php41_manager m INNER JOIN php41_role r on m.mg_role_id=r.role_id  WHERE `mg_id` = '3' LIMIT 1   [ RunTime:0.0144s ]
SQL: SHOW COLUMNS FROM `php41_goods` [ RunTime:0.0113s ]
SQL: SELECT * FROM `php41_goods` WHERE `goods_id` = 29 LIMIT 1   [ RunTime:0.0011s ]
SQL: SHOW COLUMNS FROM `php41_attribute` [ RunTime:0.0108s ]
SQL: SELECT * FROM `php41_attribute` WHERE `type_id` = 2  [ RunTime:0.0007s ]
INFO: [ app_end ] --START--
INFO: Run Behavior\ShowPageTraceBehavior [ RunTime:0.001496s ]
INFO: [ app_end ] --END-- [ RunTime:0.001657s ]

[ 2015-12-27T14:46:53+08:00 ] 127.0.0.1 /index.php/Back/Goods/getAttributeByTypeUpd.html?type_id=4&goods_id=29
INFO: [ app_begin ] --START--
INFO: Run Behavior\ReadHtmlCacheBehavior [ RunTime:0.001392s ]
INFO: [ app_begin ] --END-- [ RunTime:0.002440s ]
SQL: SHOW COLUMNS FROM `php41_manager` [ RunTime:0.0105s ]
SQL: SELECT r.role_auth_ac FROM php41_manager m INNER JOIN php41_role r on m.mg_role_id=r.role_id  WHERE `mg_id` = '3' LIMIT 1   [ RunTime:0.0007s ]
SQL: SHOW COLUMNS FROM `php41_goods` [ RunTime:0.0109s ]
SQL: SELECT * FROM `php41_goods` WHERE `goods_id` = 29 LIMIT 1   [ RunTime:0.0011s ]
SQL: SHOW COLUMNS FROM `php41_attribute` [ RunTime:0.0104s ]
SQL: SELECT * FROM `php41_attribute` WHERE `type_id` = 4  [ RunTime:0.0008s ]
INFO: [ app_end ] --START--
INFO: Run Behavior\ShowPageTraceBehavior [ RunTime:0.001532s ]
INFO: [ app_end ] --END-- [ RunTime:0.001726s ]

[ 2015-12-27T14:59:39+08:00 ] 127.0.0.1 /index.php/Back/Goods/getAttributeByTypeUpd.html?type_id=2&goods_id=29
INFO: [ app_begin ] --START--
INFO: Run Behavior\ReadHtmlCacheBehavior [ RunTime:0.001753s ]
INFO: [ app_begin ] --END-- [ RunTime:0.003039s ]
SQL: SHOW COLUMNS FROM `php41_manager` [ RunTime:0.0105s ]
SQL: SELECT r.role_auth_ac FROM php41_manager m INNER JOIN php41_role r on m.mg_role_id=r.role_id  WHERE `mg_id` = '3' LIMIT 1   [ RunTime:0.0009s ]
SQL: SHOW COLUMNS FROM `php41_goods` [ RunTime:0.0131s ]
SQL: SELECT * FROM `php41_goods` WHERE `goods_id` = 29 LIMIT 1   [ RunTime:0.0010s ]
SQL: SHOW COLUMNS FROM `php41_attribute` [ RunTime:0.0122s ]
SQL: SELECT * FROM `php41_attribute` WHERE `type_id` = 2  [ RunTime:0.0008s ]
INFO: [ app_end ] --START--
INFO: Run Behavior\ShowPageTraceBehavior [ RunTime:0.001760s ]
INFO: [ app_end ] --END-- [ RunTime:0.001930s ]

[ 2015-12-27T14:59:41+08:00 ] 127.0.0.1 /index.php/Back/Goods/getAttributeByTypeUpd.html?type_id=6&goods_id=29
INFO: [ app_begin ] --START--
INFO: Run Behavior\ReadHtmlCacheBehavior [ RunTime:0.001280s ]
INFO: [ app_begin ] --END-- [ RunTime:0.002333s ]
SQL: SHOW COLUMNS FROM `php41_manager` [ RunTime:0.0105s ]
SQL: SELECT r.role_auth_ac FROM php41_manager m INNER JOIN php41_role r on m.mg_role_id=r.role_id  WHERE `mg_id` = '3' LIMIT 1   [ RunTime:0.0074s ]
SQL: SHOW COLUMNS FROM `php41_goods` [ RunTime:0.0116s ]
SQL: SELECT * FROM `php41_goods` WHERE `goods_id` = 29 LIMIT 1   [ RunTime:0.0010s ]
SQL: SHOW COLUMNS FROM `php41_attribute` [ RunTime:0.0108s ]
SQL: SELECT * FROM `php41_attribute` WHERE `type_id` = 6  [ RunTime:0.0006s ]
INFO: [ app_end ] --START--
INFO: Run Behavior\ShowPageTraceBehavior [ RunTime:0.001555s ]
INFO: [ app_end ] --END-- [ RunTime:0.001709s ]

[ 2015-12-27T15:00:27+08:00 ] 127.0.0.1 /index.php/Back/Goods/getAttributeByTypeUpd.html?type_id=4&goods_id=29
INFO: [ app_begin ] --START--
INFO: Run Behavior\ReadHtmlCacheBehavior [ RunTime:0.001380s ]
INFO: [ app_begin ] --END-- [ RunTime:0.002389s ]
SQL: SHOW COLUMNS FROM `php41_manager` [ RunTime:0.0106s ]
SQL: SELECT r.role_auth_ac FROM php41_manager m INNER JOIN php41_role r on m.mg_role_id=r.role_id  WHERE `mg_id` = '3' LIMIT 1   [ RunTime:0.0007s ]
SQL: SHOW COLUMNS FROM `php41_goods` [ RunTime:0.0115s ]
SQL: SELECT * FROM `php41_goods` WHERE `goods_id` = 29 LIMIT 1   [ RunTime:0.0009s ]
SQL: SHOW COLUMNS FROM `php41_attribute` [ RunTime:0.0111s ]
SQL: SELECT * FROM `php41_attribute` WHERE `type_id` = 4  [ RunTime:0.0110s ]
INFO: [ app_end ] --START--
INFO: Run Behavior\ShowPageTraceBehavior [ RunTime:0.001443s ]
INFO: [ app_end ] --END-- [ RunTime:0.001600s ]

[ 2015-12-27T15:07:45+08:00 ] 127.0.0.1 /index.php/Back/Goods/getAttributeByType.html?type_id=1
INFO: [ app_begin ] --START--
INFO: Run Behavior\ReadHtmlCacheBehavior [ RunTime:0.002407s ]
INFO: [ app_begin ] --END-- [ RunTime:0.003435s ]
SQL: SHOW COLUMNS FROM `php41_manager` [ RunTime:0.0120s ]
SQL: SELECT r.role_auth_ac FROM php41_manager m INNER JOIN php41_role r on m.mg_role_id=r.role_id  WHERE `mg_id` = '3' LIMIT 1   [ RunTime:0.0025s ]
SQL: SHOW COLUMNS FROM `php41_attribute` [ RunTime:0.0128s ]
SQL: SELECT * FROM `php41_attribute` WHERE `type_id` = 1  [ RunTime:0.0017s ]
INFO: [ app_end ] --START--
INFO: Run Behavior\ShowPageTraceBehavior [ RunTime:0.001926s ]
INFO: [ app_end ] --END-- [ RunTime:0.002102s ]

[ 2015-12-27T15:08:16+08:00 ] 127.0.0.1 /index.php/Back/Goods/getAttributeByTypeUpd.html?type_id=1&goods_id=31
INFO: [ app_begin ] --START--
INFO: Run Behavior\ReadHtmlCacheBehavior [ RunTime:0.001718s ]
INFO: [ app_begin ] --END-- [ RunTime:0.002708s ]
SQL: SHOW COLUMNS FROM `php41_manager` [ RunTime:0.0123s ]
SQL: SELECT r.role_auth_ac FROM php41_manager m INNER JOIN php41_role r on m.mg_role_id=r.role_id  WHERE `mg_id` = '3' LIMIT 1   [ RunTime:0.0007s ]
SQL: SHOW COLUMNS FROM `php41_goods` [ RunTime:0.0119s ]
SQL: SELECT * FROM `php41_goods` WHERE `goods_id` = 31 LIMIT 1   [ RunTime:0.0022s ]
SQL: SHOW COLUMNS FROM `php41_goods_attr` [ RunTime:0.0198s ]
SQL: SELECT g.attr_id,g.attr_value,a.attr_name,a.attr_is_sel,a.attr_sel_opt FROM php41_goods_attr g INNER JOIN php41_attribute a on g.attr_id=a.attr_id  WHERE `goods_id` = '31'  [ RunTime:0.0010s ]
INFO: [ app_end ] --START--
INFO: Run Behavior\ShowPageTraceBehavior [ RunTime:0.001653s ]
INFO: [ app_end ] --END-- [ RunTime:0.001821s ]

[ 2015-12-27T15:10:12+08:00 ] 127.0.0.1 /index.php/Back/Goods/getAttributeByTypeUpd.html?type_id=1&goods_id=31
INFO: [ app_begin ] --START--
INFO: Run Behavior\ReadHtmlCacheBehavior [ RunTime:0.001398s ]
INFO: [ app_begin ] --END-- [ RunTime:0.002480s ]
SQL: SHOW COLUMNS FROM `php41_manager` [ RunTime:0.0335s ]
SQL: SELECT r.role_auth_ac FROM php41_manager m INNER JOIN php41_role r on m.mg_role_id=r.role_id  WHERE `mg_id` = '3' LIMIT 1   [ RunTime:0.0271s ]
SQL: SHOW COLUMNS FROM `php41_goods` [ RunTime:0.0170s ]
SQL: SELECT * FROM `php41_goods` WHERE `goods_id` = 31 LIMIT 1   [ RunTime:0.0352s ]
SQL: SHOW COLUMNS FROM `php41_goods_attr` [ RunTime:0.0155s ]
SQL: SELECT g.attr_id,g.attr_value,a.attr_name,a.attr_is_sel,a.attr_sel_opt FROM php41_goods_attr g INNER JOIN php41_attribute a on g.attr_id=a.attr_id  WHERE `goods_id` = '31'  [ RunTime:0.0220s ]
INFO: [ app_end ] --START--
INFO: Run Behavior\ShowPageTraceBehavior [ RunTime:0.001599s ]
INFO: [ app_end ] --END-- [ RunTime:0.001766s ]

[ 2015-12-27T15:10:37+08:00 ] 127.0.0.1 /index.php/Back/Goods/getAttributeByTypeUpd.html?type_id=1&goods_id=31
INFO: [ app_begin ] --START--
INFO: Run Behavior\ReadHtmlCacheBehavior [ RunTime:0.001507s ]
INFO: [ app_begin ] --END-- [ RunTime:0.002561s ]
SQL: SHOW COLUMNS FROM `php41_manager` [ RunTime:0.0113s ]
SQL: SELECT r.role_auth_ac FROM php41_manager m INNER JOIN php41_role r on m.mg_role_id=r.role_id  WHERE `mg_id` = '3' LIMIT 1   [ RunTime:0.0125s ]
SQL: SHOW COLUMNS FROM `php41_goods` [ RunTime:0.0145s ]
SQL: SELECT * FROM `php41_goods` WHERE `goods_id` = 31 LIMIT 1   [ RunTime:0.0023s ]
SQL: SHOW COLUMNS FROM `php41_goods_attr` [ RunTime:0.1194s ]
SQL: SELECT g.attr_id,g.attr_value,a.attr_name,a.attr_is_sel,a.attr_sel_opt FROM php41_goods_attr g INNER JOIN php41_attribute a on g.attr_id=a.attr_id  WHERE `goods_id` = '31'  [ RunTime:0.0013s ]

[ 2015-12-27T15:11:47+08:00 ] 127.0.0.1 /index.php/Back/Goods/getAttributeByTypeUpd.html?type_id=1&goods_id=31
INFO: [ app_begin ] --START--
INFO: Run Behavior\ReadHtmlCacheBehavior [ RunTime:0.001879s ]
INFO: [ app_begin ] --END-- [ RunTime:0.002961s ]
SQL: SHOW COLUMNS FROM `php41_manager` [ RunTime:0.0109s ]
SQL: SELECT r.role_auth_ac FROM php41_manager m INNER JOIN php41_role r on m.mg_role_id=r.role_id  WHERE `mg_id` = '3' LIMIT 1   [ RunTime:0.0008s ]
SQL: SHOW COLUMNS FROM `php41_goods` [ RunTime:0.0178s ]
SQL: SELECT * FROM `php41_goods` WHERE `goods_id` = 31 LIMIT 1   [ RunTime:0.0014s ]
SQL: SHOW COLUMNS FROM `php41_goods_attr` [ RunTime:0.0112s ]
SQL: SELECT g.attr_id,g.attr_value,a.attr_name,a.attr_is_sel,a.attr_sel_opt FROM php41_goods_attr g INNER JOIN php41_attribute a on g.attr_id=a.attr_id  WHERE `goods_id` = '31'  [ RunTime:0.0022s ]
INFO: [ app_end ] --START--
INFO: Run Behavior\ShowPageTraceBehavior [ RunTime:0.001935s ]
INFO: [ app_end ] --END-- [ RunTime:0.002115s ]

[ 2015-12-27T15:12:07+08:00 ] 127.0.0.1 /index.php/Back/Goods/getAttributeByTypeUpd.html?type_id=1&goods_id=31
INFO: [ app_begin ] --START--
INFO: Run Behavior\ReadHtmlCacheBehavior [ RunTime:0.030927s ]
INFO: [ app_begin ] --END-- [ RunTime:0.032225s ]
SQL: SHOW COLUMNS FROM `php41_manager` [ RunTime:0.0105s ]
SQL: SELECT r.role_auth_ac FROM php41_manager m INNER JOIN php41_role r on m.mg_role_id=r.role_id  WHERE `mg_id` = '3' LIMIT 1   [ RunTime:0.0008s ]
SQL: SHOW COLUMNS FROM `php41_goods` [ RunTime:0.0186s ]
SQL: SELECT * FROM `php41_goods` WHERE `goods_id` = 31 LIMIT 1   [ RunTime:0.0011s ]
SQL: SHOW COLUMNS FROM `php41_goods_attr` [ RunTime:0.0148s ]
SQL: SELECT g.attr_id,g.attr_value,a.attr_name,a.attr_is_sel,a.attr_sel_opt FROM php41_goods_attr g INNER JOIN php41_attribute a on g.attr_id=a.attr_id  WHERE `goods_id` = '31'  [ RunTime:0.0012s ]
INFO: [ app_end ] --START--
INFO: Run Behavior\ShowPageTraceBehavior [ RunTime:0.001538s ]
INFO: [ app_end ] --END-- [ RunTime:0.001705s ]

[ 2015-12-27T15:13:21+08:00 ] 127.0.0.1 /index.php/Back/Goods/getAttributeByTypeUpd.html?type_id=1&goods_id=31
INFO: [ app_begin ] --START--
INFO: Run Behavior\ReadHtmlCacheBehavior [ RunTime:0.001736s ]
INFO: [ app_begin ] --END-- [ RunTime:0.002986s ]
SQL: SHOW COLUMNS FROM `php41_manager` [ RunTime:0.0105s ]
SQL: SELECT r.role_auth_ac FROM php41_manager m INNER JOIN php41_role r on m.mg_role_id=r.role_id  WHERE `mg_id` = '3' LIMIT 1   [ RunTime:0.0007s ]
SQL: SHOW COLUMNS FROM `php41_goods` [ RunTime:0.0120s ]
SQL: SELECT * FROM `php41_goods` WHERE `goods_id` = 31 LIMIT 1   [ RunTime:0.0009s ]
SQL: SHOW COLUMNS FROM `php41_goods_attr` [ RunTime:0.0101s ]
SQL: SELECT g.attr_id,g.attr_value,a.attr_name,a.attr_is_sel,a.attr_sel_opt FROM php41_goods_attr g INNER JOIN php41_attribute a on g.attr_id=a.attr_id  WHERE `goods_id` = '31'  [ RunTime:0.0013s ]
INFO: [ app_end ] --START--
INFO: Run Behavior\ShowPageTraceBehavior [ RunTime:0.001674s ]
INFO: [ app_end ] --END-- [ RunTime:0.001835s ]

[ 2015-12-27T15:13:28+08:00 ] 127.0.0.1 /index.php/Back/Goods/getAttributeByTypeUpd.html?type_id=0&goods_id=31
INFO: [ app_begin ] --START--
INFO: Run Behavior\ReadHtmlCacheBehavior [ RunTime:0.002128s ]
INFO: [ app_begin ] --END-- [ RunTime:0.003264s ]
SQL: SHOW COLUMNS FROM `php41_manager` [ RunTime:0.0171s ]
SQL: SELECT r.role_auth_ac FROM php41_manager m INNER JOIN php41_role r on m.mg_role_id=r.role_id  WHERE `mg_id` = '3' LIMIT 1   [ RunTime:0.0006s ]
SQL: SHOW COLUMNS FROM `php41_goods` [ RunTime:0.0198s ]
SQL: SELECT * FROM `php41_goods` WHERE `goods_id` = 31 LIMIT 1   [ RunTime:0.0010s ]
SQL: SHOW COLUMNS FROM `php41_attribute` [ RunTime:0.0111s ]
SQL: SELECT * FROM `php41_attribute` WHERE `type_id` = 0  [ RunTime:0.0005s ]
INFO: [ app_end ] --START--
INFO: Run Behavior\ShowPageTraceBehavior [ RunTime:0.001825s ]
INFO: [ app_end ] --END-- [ RunTime:0.001986s ]

[ 2015-12-27T15:13:40+08:00 ] 127.0.0.1 /index.php/Back/Goods/getAttributeByTypeUpd.html?type_id=0&goods_id=31
INFO: [ app_begin ] --START--
INFO: Run Behavior\ReadHtmlCacheBehavior [ RunTime:0.008306s ]
INFO: [ app_begin ] --END-- [ RunTime:0.019335s ]
SQL: SHOW COLUMNS FROM `php41_manager` [ RunTime:0.0109s ]
SQL: SELECT r.role_auth_ac FROM php41_manager m INNER JOIN php41_role r on m.mg_role_id=r.role_id  WHERE `mg_id` = '3' LIMIT 1   [ RunTime:0.0006s ]
SQL: SHOW COLUMNS FROM `php41_goods` [ RunTime:0.0129s ]
SQL: SELECT * FROM `php41_goods` WHERE `goods_id` = 31 LIMIT 1   [ RunTime:0.0009s ]
SQL: SHOW COLUMNS FROM `php41_goods_attr` [ RunTime:0.0156s ]
SQL: SELECT g.attr_id,g.attr_value,a.attr_name,a.attr_is_sel,a.attr_sel_opt FROM php41_goods_attr g INNER JOIN php41_attribute a on g.attr_id=a.attr_id  WHERE `goods_id` = '31'  [ RunTime:0.0007s ]
INFO: [ app_end ] --START--
INFO: Run Behavior\ShowPageTraceBehavior [ RunTime:0.001823s ]
INFO: [ app_end ] --END-- [ RunTime:0.001989s ]

[ 2015-12-27T15:13:52+08:00 ] 127.0.0.1 /index.php/Back/Goods/getAttributeByTypeUpd.html?type_id=4&goods_id=31
INFO: [ app_begin ] --START--
INFO: Run Behavior\ReadHtmlCacheBehavior [ RunTime:0.001956s ]
INFO: [ app_begin ] --END-- [ RunTime:0.003357s ]
SQL: SHOW COLUMNS FROM `php41_manager` [ RunTime:0.0121s ]
SQL: SELECT r.role_auth_ac FROM php41_manager m INNER JOIN php41_role r on m.mg_role_id=r.role_id  WHERE `mg_id` = '3' LIMIT 1   [ RunTime:0.0007s ]
SQL: SHOW COLUMNS FROM `php41_goods` [ RunTime:0.0114s ]
SQL: SELECT * FROM `php41_goods` WHERE `goods_id` = 31 LIMIT 1   [ RunTime:0.0008s ]
SQL: SHOW COLUMNS FROM `php41_attribute` [ RunTime:0.0106s ]
SQL: SELECT * FROM `php41_attribute` WHERE `type_id` = 4  [ RunTime:0.0013s ]
INFO: [ app_end ] --START--
INFO: Run Behavior\ShowPageTraceBehavior [ RunTime:0.002247s ]
INFO: [ app_end ] --END-- [ RunTime:0.002459s ]

[ 2015-12-27T15:14:14+08:00 ] 127.0.0.1 /index.php/Back/Goods/getAttributeByTypeUpd.html?type_id=4&goods_id=31
INFO: [ app_begin ] --START--
INFO: Run Behavior\ReadHtmlCacheBehavior [ RunTime:0.001594s ]
INFO: [ app_begin ] --END-- [ RunTime:0.002811s ]
SQL: SHOW COLUMNS FROM `php41_manager` [ RunTime:0.0103s ]
SQL: SELECT r.role_auth_ac FROM php41_manager m INNER JOIN php41_role r on m.mg_role_id=r.role_id  WHERE `mg_id` = '3' LIMIT 1   [ RunTime:0.0008s ]
SQL: SHOW COLUMNS FROM `php41_goods` [ RunTime:0.0116s ]
SQL: SELECT * FROM `php41_goods` WHERE `goods_id` = 31 LIMIT 1   [ RunTime:0.0009s ]
SQL: SHOW COLUMNS FROM `php41_goods_attr` [ RunTime:0.0105s ]
SQL: SELECT g.attr_id,g.attr_value,a.attr_name,a.attr_is_sel,a.attr_sel_opt FROM php41_goods_attr g INNER JOIN php41_attribute a on g.attr_id=a.attr_id  WHERE `goods_id` = '31'  [ RunTime:0.0043s ]
INFO: [ app_end ] --START--
INFO: Run Behavior\ShowPageTraceBehavior [ RunTime:0.001957s ]
INFO: [ app_end ] --END-- [ RunTime:0.002193s ]

[ 2015-12-27T16:04:44+08:00 ] 127.0.0.1 /index.php/Back/Category/tianjia.html
ERR: SQLSTATE[HY000]: General error: 1364 Field 'cat_path' doesn't have a default value

[ 2015-12-27T16:27:05+08:00 ] 127.0.0.1 /index.php/Back/Goods/getAttributeByTypeUpd.html?type_id=1&goods_id=29
INFO: [ app_begin ] --START--
INFO: Run Behavior\ReadHtmlCacheBehavior [ RunTime:0.001421s ]
INFO: [ app_begin ] --END-- [ RunTime:0.002654s ]
SQL: SHOW COLUMNS FROM `php41_manager` [ RunTime:0.0103s ]
SQL: SELECT r.role_auth_ac FROM php41_manager m INNER JOIN php41_role r on m.mg_role_id=r.role_id  WHERE `mg_id` = '3' LIMIT 1   [ RunTime:0.0329s ]
SQL: SHOW COLUMNS FROM `php41_goods` [ RunTime:0.0359s ]
SQL: SELECT * FROM `php41_goods` WHERE `goods_id` = 29 LIMIT 1   [ RunTime:0.0009s ]
SQL: SHOW COLUMNS FROM `php41_goods_attr` [ RunTime:0.0139s ]
SQL: SELECT g.attr_id,g.attr_value,a.attr_name,a.attr_is_sel,a.attr_sel_opt FROM php41_goods_attr g INNER JOIN php41_attribute a on g.attr_id=a.attr_id  WHERE `goods_id` = '29'  [ RunTime:0.0158s ]
INFO: [ app_end ] --START--
INFO: Run Behavior\ShowPageTraceBehavior [ RunTime:0.002426s ]
INFO: [ app_end ] --END-- [ RunTime:0.002602s ]

[ 2015-12-27T17:16:20+08:00 ] 127.0.0.1 /index.php/Back/Goods/getAttributeByTypeUpd.html?type_id=0&goods_id=32
INFO: [ app_begin ] --START--
INFO: Run Behavior\ReadHtmlCacheBehavior [ RunTime:0.001362s ]
INFO: [ app_begin ] --END-- [ RunTime:0.002494s ]
SQL: SHOW COLUMNS FROM `php41_manager` [ RunTime:0.0131s ]
SQL: SELECT r.role_auth_ac FROM php41_manager m INNER JOIN php41_role r on m.mg_role_id=r.role_id  WHERE `mg_id` = '3' LIMIT 1   [ RunTime:0.0006s ]
SQL: SHOW COLUMNS FROM `php41_goods` [ RunTime:0.0108s ]
SQL: SELECT * FROM `php41_goods` WHERE `goods_id` = 32 LIMIT 1   [ RunTime:0.0009s ]
SQL: SHOW COLUMNS FROM `php41_goods_attr` [ RunTime:0.0132s ]
SQL: SELECT g.attr_id,g.attr_value,a.attr_name,a.attr_is_sel,a.attr_sel_opt FROM php41_goods_attr g INNER JOIN php41_attribute a on g.attr_id=a.attr_id  WHERE `goods_id` = '32'  [ RunTime:0.0053s ]
INFO: [ app_end ] --START--
INFO: Run Behavior\ShowPageTraceBehavior [ RunTime:0.001841s ]
INFO: [ app_end ] --END-- [ RunTime:0.001993s ]

[ 2015-12-27T17:18:12+08:00 ] 127.0.0.1 /index.php/Back/Goods/getAttributeByTypeUpd.html?type_id=0&goods_id=32
INFO: [ app_begin ] --START--
INFO: Run Behavior\ReadHtmlCacheBehavior [ RunTime:0.001723s ]
INFO: [ app_begin ] --END-- [ RunTime:0.002907s ]
SQL: SHOW COLUMNS FROM `php41_manager` [ RunTime:0.0112s ]
SQL: SELECT r.role_auth_ac FROM php41_manager m INNER JOIN php41_role r on m.mg_role_id=r.role_id  WHERE `mg_id` = '3' LIMIT 1   [ RunTime:0.0007s ]
SQL: SHOW COLUMNS FROM `php41_goods` [ RunTime:0.0108s ]
SQL: SELECT * FROM `php41_goods` WHERE `goods_id` = 32 LIMIT 1   [ RunTime:0.0009s ]
SQL: SHOW COLUMNS FROM `php41_goods_attr` [ RunTime:0.0096s ]
SQL: SELECT g.attr_id,g.attr_value,a.attr_name,a.attr_is_sel,a.attr_sel_opt FROM php41_goods_attr g INNER JOIN php41_attribute a on g.attr_id=a.attr_id  WHERE `goods_id` = '32'  [ RunTime:0.0007s ]
INFO: [ app_end ] --START--
INFO: Run Behavior\ShowPageTraceBehavior [ RunTime:0.001709s ]
INFO: [ app_end ] --END-- [ RunTime:0.001897s ]

[ 2015-12-27T17:20:05+08:00 ] 127.0.0.1 /index.php/Back/Goods/getAttributeByTypeUpd.html?type_id=0&goods_id=32
INFO: [ app_begin ] --START--
INFO: Run Behavior\ReadHtmlCacheBehavior [ RunTime:0.001997s ]
INFO: [ app_begin ] --END-- [ RunTime:0.003158s ]
SQL: SHOW COLUMNS FROM `php41_manager` [ RunTime:0.0101s ]
SQL: SELECT r.role_auth_ac FROM php41_manager m INNER JOIN php41_role r on m.mg_role_id=r.role_id  WHERE `mg_id` = '3' LIMIT 1   [ RunTime:0.0008s ]
SQL: SHOW COLUMNS FROM `php41_goods` [ RunTime:0.0108s ]
SQL: SELECT * FROM `php41_goods` WHERE `goods_id` = 32 LIMIT 1   [ RunTime:0.0011s ]
SQL: SHOW COLUMNS FROM `php41_goods_attr` [ RunTime:0.0101s ]
SQL: SELECT g.attr_id,g.attr_value,a.attr_name,a.attr_is_sel,a.attr_sel_opt FROM php41_goods_attr g INNER JOIN php41_attribute a on g.attr_id=a.attr_id  WHERE `goods_id` = '32'  [ RunTime:0.0006s ]
INFO: [ app_end ] --START--
INFO: Run Behavior\ShowPageTraceBehavior [ RunTime:0.002172s ]
INFO: [ app_end ] --END-- [ RunTime:0.002338s ]

[ 2015-12-27T17:20:07+08:00 ] 127.0.0.1 /index.php/Back/Goods/getAttributeByTypeUpd.html?type_id=0&goods_id=32
INFO: [ app_begin ] --START--
INFO: Run Behavior\ReadHtmlCacheBehavior [ RunTime:0.002399s ]
INFO: [ app_begin ] --END-- [ RunTime:0.003603s ]
SQL: SHOW COLUMNS FROM `php41_manager` [ RunTime:0.0095s ]
SQL: SELECT r.role_auth_ac FROM php41_manager m INNER JOIN php41_role r on m.mg_role_id=r.role_id  WHERE `mg_id` = '3' LIMIT 1   [ RunTime:0.0006s ]
SQL: SHOW COLUMNS FROM `php41_goods` [ RunTime:0.0178s ]
SQL: SELECT * FROM `php41_goods` WHERE `goods_id` = 32 LIMIT 1   [ RunTime:0.0009s ]
SQL: SHOW COLUMNS FROM `php41_goods_attr` [ RunTime:0.0108s ]
SQL: SELECT g.attr_id,g.attr_value,a.attr_name,a.attr_is_sel,a.attr_sel_opt FROM php41_goods_attr g INNER JOIN php41_attribute a on g.attr_id=a.attr_id  WHERE `goods_id` = '32'  [ RunTime:0.0006s ]
INFO: [ app_end ] --START--
INFO: Run Behavior\ShowPageTraceBehavior [ RunTime:0.002133s ]
INFO: [ app_end ] --END-- [ RunTime:0.002316s ]

[ 2015-12-27T17:26:26+08:00 ] 127.0.0.1 /index.php/Back/Goods/getAttributeByTypeUpd.html?type_id=0&goods_id=32
INFO: [ app_begin ] --START--
INFO: Run Behavior\ReadHtmlCacheBehavior [ RunTime:0.001921s ]
INFO: [ app_begin ] --END-- [ RunTime:0.003318s ]
SQL: SHOW COLUMNS FROM `php41_manager` [ RunTime:0.0190s ]
SQL: SELECT r.role_auth_ac FROM php41_manager m INNER JOIN php41_role r on m.mg_role_id=r.role_id  WHERE `mg_id` = '3' LIMIT 1   [ RunTime:0.0065s ]
SQL: SHOW COLUMNS FROM `php41_goods` [ RunTime:0.0109s ]
SQL: SELECT * FROM `php41_goods` WHERE `goods_id` = 32 LIMIT 1   [ RunTime:0.0012s ]
SQL: SHOW COLUMNS FROM `php41_goods_attr` [ RunTime:0.0099s ]
SQL: SELECT g.attr_id,g.attr_value,a.attr_name,a.attr_is_sel,a.attr_sel_opt FROM php41_goods_attr g INNER JOIN php41_attribute a on g.attr_id=a.attr_id  WHERE `goods_id` = '32'  [ RunTime:0.0007s ]
INFO: [ app_end ] --START--
INFO: Run Behavior\ShowPageTraceBehavior [ RunTime:0.040698s ]
INFO: [ app_end ] --END-- [ RunTime:0.040886s ]

[ 2015-12-27T17:29:39+08:00 ] 127.0.0.1 /index.php/Back/Goods/getAttributeByTypeUpd.html?type_id=0&goods_id=32
INFO: [ app_begin ] --START--
INFO: Run Behavior\ReadHtmlCacheBehavior [ RunTime:0.001835s ]
INFO: [ app_begin ] --END-- [ RunTime:0.003061s ]
SQL: SHOW COLUMNS FROM `php41_manager` [ RunTime:0.0093s ]
SQL: SELECT r.role_auth_ac FROM php41_manager m INNER JOIN php41_role r on m.mg_role_id=r.role_id  WHERE `mg_id` = '3' LIMIT 1   [ RunTime:0.0007s ]
SQL: SHOW COLUMNS FROM `php41_goods` [ RunTime:0.0122s ]
SQL: SELECT * FROM `php41_goods` WHERE `goods_id` = 32 LIMIT 1   [ RunTime:0.0114s ]
SQL: SHOW COLUMNS FROM `php41_goods_attr` [ RunTime:0.0135s ]
SQL: SELECT g.attr_id,g.attr_value,a.attr_name,a.attr_is_sel,a.attr_sel_opt FROM php41_goods_attr g INNER JOIN php41_attribute a on g.attr_id=a.attr_id  WHERE `goods_id` = '32'  [ RunTime:0.0031s ]
INFO: [ app_end ] --START--
INFO: Run Behavior\ShowPageTraceBehavior [ RunTime:0.002249s ]
INFO: [ app_end ] --END-- [ RunTime:0.002416s ]

[ 2015-12-27T17:30:44+08:00 ] 127.0.0.1 /index.php/Back/Goods/getAttributeByTypeUpd.html?type_id=0&goods_id=32
INFO: [ app_begin ] --START--
INFO: Run Behavior\ReadHtmlCacheBehavior [ RunTime:0.001816s ]
INFO: [ app_begin ] --END-- [ RunTime:0.002791s ]
SQL: SHOW COLUMNS FROM `php41_manager` [ RunTime:0.0097s ]
SQL: SELECT r.role_auth_ac FROM php41_manager m INNER JOIN php41_role r on m.mg_role_id=r.role_id  WHERE `mg_id` = '3' LIMIT 1   [ RunTime:0.0006s ]
SQL: SHOW COLUMNS FROM `php41_goods` [ RunTime:0.0120s ]
SQL: SELECT * FROM `php41_goods` WHERE `goods_id` = 32 LIMIT 1   [ RunTime:0.0008s ]
SQL: SHOW COLUMNS FROM `php41_goods_attr` [ RunTime:0.0171s ]
SQL: SELECT g.attr_id,g.attr_value,a.attr_name,a.attr_is_sel,a.attr_sel_opt FROM php41_goods_attr g INNER JOIN php41_attribute a on g.attr_id=a.attr_id  WHERE `goods_id` = '32'  [ RunTime:0.0012s ]
INFO: [ app_end ] --START--
INFO: Run Behavior\ShowPageTraceBehavior [ RunTime:0.002142s ]
INFO: [ app_end ] --END-- [ RunTime:0.002318s ]

[ 2015-12-27T17:31:19+08:00 ] 127.0.0.1 /index.php/Back/Goods/getAttributeByTypeUpd.html?type_id=0&goods_id=32
INFO: [ app_begin ] --START--
INFO: Run Behavior\ReadHtmlCacheBehavior [ RunTime:0.003495s ]
INFO: [ app_begin ] --END-- [ RunTime:0.006831s ]
SQL: SHOW COLUMNS FROM `php41_manager` [ RunTime:0.0091s ]
SQL: SELECT r.role_auth_ac FROM php41_manager m INNER JOIN php41_role r on m.mg_role_id=r.role_id  WHERE `mg_id` = '3' LIMIT 1   [ RunTime:0.0006s ]
SQL: SHOW COLUMNS FROM `php41_goods` [ RunTime:0.0110s ]
SQL: SELECT * FROM `php41_goods` WHERE `goods_id` = 32 LIMIT 1   [ RunTime:0.0008s ]
SQL: SHOW COLUMNS FROM `php41_goods_attr` [ RunTime:0.0094s ]
SQL: SELECT g.attr_id,g.attr_value,a.attr_name,a.attr_is_sel,a.attr_sel_opt FROM php41_goods_attr g INNER JOIN php41_attribute a on g.attr_id=a.attr_id  WHERE `goods_id` = '32'  [ RunTime:0.0008s ]
INFO: [ app_end ] --START--
INFO: Run Behavior\ShowPageTraceBehavior [ RunTime:0.002068s ]
INFO: [ app_end ] --END-- [ RunTime:0.002239s ]

[ 2015-12-27T17:31:27+08:00 ] 127.0.0.1 /index.php/Back/Goods/getAttributeByTypeUpd.html?type_id=0&goods_id=32
INFO: [ app_begin ] --START--
INFO: Run Behavior\ReadHtmlCacheBehavior [ RunTime:0.001452s ]
INFO: [ app_begin ] --END-- [ RunTime:0.002602s ]
SQL: SHOW COLUMNS FROM `php41_manager` [ RunTime:0.0100s ]
SQL: SELECT r.role_auth_ac FROM php41_manager m INNER JOIN php41_role r on m.mg_role_id=r.role_id  WHERE `mg_id` = '3' LIMIT 1   [ RunTime:0.0010s ]
SQL: SHOW COLUMNS FROM `php41_goods` [ RunTime:0.0119s ]
SQL: SELECT * FROM `php41_goods` WHERE `goods_id` = 32 LIMIT 1   [ RunTime:0.0010s ]
SQL: SHOW COLUMNS FROM `php41_goods_attr` [ RunTime:0.0094s ]
SQL: SELECT g.attr_id,g.attr_value,a.attr_name,a.attr_is_sel,a.attr_sel_opt FROM php41_goods_attr g INNER JOIN php41_attribute a on g.attr_id=a.attr_id  WHERE `goods_id` = '32'  [ RunTime:0.0007s ]
INFO: [ app_end ] --START--
INFO: Run Behavior\ShowPageTraceBehavior [ RunTime:0.001647s ]
INFO: [ app_end ] --END-- [ RunTime:0.001819s ]

[ 2015-12-27T17:32:43+08:00 ] 127.0.0.1 /index.php/Back/Goods/getAttributeByTypeUpd.html?type_id=0&goods_id=32
INFO: [ app_begin ] --START--
INFO: Run Behavior\ReadHtmlCacheBehavior [ RunTime:0.001866s ]
INFO: [ app_begin ] --END-- [ RunTime:0.002979s ]
SQL: SHOW COLUMNS FROM `php41_manager` [ RunTime:0.0703s ]
SQL: SELECT r.role_auth_ac FROM php41_manager m INNER JOIN php41_role r on m.mg_role_id=r.role_id  WHERE `mg_id` = '3' LIMIT 1   [ RunTime:0.0007s ]
SQL: SHOW COLUMNS FROM `php41_goods` [ RunTime:0.0108s ]
SQL: SELECT * FROM `php41_goods` WHERE `goods_id` = 32 LIMIT 1   [ RunTime:0.0018s ]
SQL: SHOW COLUMNS FROM `php41_goods_attr` [ RunTime:0.0113s ]
SQL: SELECT g.attr_id,g.attr_value,a.attr_name,a.attr_is_sel,a.attr_sel_opt FROM php41_goods_attr g INNER JOIN php41_attribute a on g.attr_id=a.attr_id  WHERE `goods_id` = '32'  [ RunTime:0.0007s ]
INFO: [ app_end ] --START--
INFO: Run Behavior\ShowPageTraceBehavior [ RunTime:0.001703s ]
INFO: [ app_end ] --END-- [ RunTime:0.001871s ]

[ 2015-12-27T17:33:11+08:00 ] 127.0.0.1 /index.php/Back/Goods/getAttributeByTypeUpd.html?type_id=0&goods_id=32
INFO: [ app_begin ] --START--
INFO: Run Behavior\ReadHtmlCacheBehavior [ RunTime:0.002573s ]
INFO: [ app_begin ] --END-- [ RunTime:0.004187s ]
SQL: SHOW COLUMNS FROM `php41_manager` [ RunTime:0.0187s ]
SQL: SELECT r.role_auth_ac FROM php41_manager m INNER JOIN php41_role r on m.mg_role_id=r.role_id  WHERE `mg_id` = '3' LIMIT 1   [ RunTime:0.0008s ]
SQL: SHOW COLUMNS FROM `php41_goods` [ RunTime:0.0101s ]
SQL: SELECT * FROM `php41_goods` WHERE `goods_id` = 32 LIMIT 1   [ RunTime:0.0010s ]
SQL: SHOW COLUMNS FROM `php41_goods_attr` [ RunTime:0.0088s ]
SQL: SELECT g.attr_id,g.attr_value,a.attr_name,a.attr_is_sel,a.attr_sel_opt FROM php41_goods_attr g INNER JOIN php41_attribute a on g.attr_id=a.attr_id  WHERE `goods_id` = '32'  [ RunTime:0.0005s ]
INFO: [ app_end ] --START--
INFO: Run Behavior\ShowPageTraceBehavior [ RunTime:0.001995s ]
INFO: [ app_end ] --END-- [ RunTime:0.002168s ]

[ 2015-12-27T17:40:48+08:00 ] 127.0.0.1 /index.php/Back/Goods/getAttributeByTypeUpd.html?type_id=0&goods_id=32
INFO: [ app_begin ] --START--
INFO: Run Behavior\ReadHtmlCacheBehavior [ RunTime:0.002123s ]
INFO: [ app_begin ] --END-- [ RunTime:0.003382s ]
SQL: SHOW COLUMNS FROM `php41_manager` [ RunTime:0.0110s ]
SQL: SELECT r.role_auth_ac FROM php41_manager m INNER JOIN php41_role r on m.mg_role_id=r.role_id  WHERE `mg_id` = '3' LIMIT 1   [ RunTime:0.0013s ]
SQL: SHOW COLUMNS FROM `php41_goods` [ RunTime:0.0119s ]
SQL: SELECT * FROM `php41_goods` WHERE `goods_id` = 32 LIMIT 1   [ RunTime:0.0009s ]
SQL: SHOW COLUMNS FROM `php41_goods_attr` [ RunTime:0.0116s ]
SQL: SELECT g.attr_id,g.attr_value,a.attr_name,a.attr_is_sel,a.attr_sel_opt FROM php41_goods_attr g INNER JOIN php41_attribute a on g.attr_id=a.attr_id  WHERE `goods_id` = '32'  [ RunTime:0.0009s ]
INFO: [ app_end ] --START--
INFO: Run Behavior\ShowPageTraceBehavior [ RunTime:0.001748s ]
INFO: [ app_end ] --END-- [ RunTime:0.001904s ]

[ 2015-12-27T17:41:26+08:00 ] 127.0.0.1 /index.php/Back/Goods/getAttributeByTypeUpd.html?type_id=0&goods_id=32
INFO: [ app_begin ] --START--
INFO: Run Behavior\ReadHtmlCacheBehavior [ RunTime:0.001860s ]
INFO: [ app_begin ] --END-- [ RunTime:0.003253s ]
SQL: SHOW COLUMNS FROM `php41_manager` [ RunTime:0.0097s ]
SQL: SELECT r.role_auth_ac FROM php41_manager m INNER JOIN php41_role r on m.mg_role_id=r.role_id  WHERE `mg_id` = '3' LIMIT 1   [ RunTime:0.0007s ]
SQL: SHOW COLUMNS FROM `php41_goods` [ RunTime:0.0104s ]
SQL: SELECT * FROM `php41_goods` WHERE `goods_id` = 32 LIMIT 1   [ RunTime:0.0008s ]
SQL: SHOW COLUMNS FROM `php41_goods_attr` [ RunTime:0.0101s ]
SQL: SELECT g.attr_id,g.attr_value,a.attr_name,a.attr_is_sel,a.attr_sel_opt FROM php41_goods_attr g INNER JOIN php41_attribute a on g.attr_id=a.attr_id  WHERE `goods_id` = '32'  [ RunTime:0.0006s ]
INFO: [ app_end ] --START--
INFO: Run Behavior\ShowPageTraceBehavior [ RunTime:0.002282s ]
INFO: [ app_end ] --END-- [ RunTime:0.002452s ]

[ 2015-12-27T17:41:58+08:00 ] 127.0.0.1 /index.php/Back/Goods/getAttributeByTypeUpd.html?type_id=0&goods_id=32
INFO: [ app_begin ] --START--
INFO: Run Behavior\ReadHtmlCacheBehavior [ RunTime:0.001797s ]
INFO: [ app_begin ] --END-- [ RunTime:0.003170s ]
SQL: SHOW COLUMNS FROM `php41_manager` [ RunTime:0.0102s ]
SQL: SELECT r.role_auth_ac FROM php41_manager m INNER JOIN php41_role r on m.mg_role_id=r.role_id  WHERE `mg_id` = '3' LIMIT 1   [ RunTime:0.0006s ]
SQL: SHOW COLUMNS FROM `php41_goods` [ RunTime:0.0113s ]
SQL: SELECT * FROM `php41_goods` WHERE `goods_id` = 32 LIMIT 1   [ RunTime:0.0008s ]
SQL: SHOW COLUMNS FROM `php41_goods_attr` [ RunTime:0.0113s ]
SQL: SELECT g.attr_id,g.attr_value,a.attr_name,a.attr_is_sel,a.attr_sel_opt FROM php41_goods_attr g INNER JOIN php41_attribute a on g.attr_id=a.attr_id  WHERE `goods_id` = '32'  [ RunTime:0.0007s ]
INFO: [ app_end ] --START--
INFO: Run Behavior\ShowPageTraceBehavior [ RunTime:0.002383s ]
INFO: [ app_end ] --END-- [ RunTime:0.002557s ]

[ 2015-12-27T18:02:07+08:00 ] 127.0.0.1 /index.php/Back/Admin/checkCode.html?code=7gx5
INFO: [ app_begin ] --START--
INFO: Run Behavior\ReadHtmlCacheBehavior [ RunTime:0.002201s ]
INFO: [ app_begin ] --END-- [ RunTime:0.003375s ]
INFO: [ app_end ] --START--
INFO: Run Behavior\ShowPageTraceBehavior [ RunTime:0.002074s ]
INFO: [ app_end ] --END-- [ RunTime:0.002209s ]

[ 2015-12-27T18:02:14+08:00 ] 127.0.0.1 /index.php/Back/Goods/getAttributeByTypeUpd.html?type_id=0&goods_id=32
INFO: [ app_begin ] --START--
INFO: Run Behavior\ReadHtmlCacheBehavior [ RunTime:0.001751s ]
INFO: [ app_begin ] --END-- [ RunTime:0.003116s ]
SQL: SHOW COLUMNS FROM `php41_manager` [ RunTime:0.0135s ]
SQL: SELECT r.role_auth_ac FROM php41_manager m INNER JOIN php41_role r on m.mg_role_id=r.role_id  WHERE `mg_id` = '3' LIMIT 1   [ RunTime:0.0006s ]
SQL: SHOW COLUMNS FROM `php41_goods` [ RunTime:0.0128s ]
SQL: SELECT * FROM `php41_goods` WHERE `goods_id` = 32 LIMIT 1   [ RunTime:0.0011s ]
SQL: SHOW COLUMNS FROM `php41_goods_attr` [ RunTime:0.0145s ]
SQL: SELECT g.attr_id,g.attr_value,a.attr_name,a.attr_is_sel,a.attr_sel_opt FROM php41_goods_attr g INNER JOIN php41_attribute a on g.attr_id=a.attr_id  WHERE `goods_id` = '32'  [ RunTime:0.0027s ]
INFO: [ app_end ] --START--
INFO: Run Behavior\ShowPageTraceBehavior [ RunTime:0.001422s ]
INFO: [ app_end ] --END-- [ RunTime:0.001587s ]

[ 2015-12-27T18:08:11+08:00 ] 127.0.0.1 /index.php/Back/Goods/getAttributeByTypeUpd.html?type_id=4&goods_id=31
INFO: [ app_begin ] --START--
INFO: Run Behavior\ReadHtmlCacheBehavior [ RunTime:0.001789s ]
INFO: [ app_begin ] --END-- [ RunTime:0.002928s ]
SQL: SHOW COLUMNS FROM `php41_manager` [ RunTime:0.0111s ]
SQL: SELECT r.role_auth_ac FROM php41_manager m INNER JOIN php41_role r on m.mg_role_id=r.role_id  WHERE `mg_id` = '3' LIMIT 1   [ RunTime:0.0007s ]
SQL: SHOW COLUMNS FROM `php41_goods` [ RunTime:0.0125s ]
SQL: SELECT * FROM `php41_goods` WHERE `goods_id` = 31 LIMIT 1   [ RunTime:0.0009s ]
SQL: SHOW COLUMNS FROM `php41_goods_attr` [ RunTime:0.0112s ]
SQL: SELECT g.attr_id,g.attr_value,a.attr_name,a.attr_is_sel,a.attr_sel_opt FROM php41_goods_attr g INNER JOIN php41_attribute a on g.attr_id=a.attr_id  WHERE `goods_id` = '31'  [ RunTime:0.0010s ]
INFO: [ app_end ] --START--
INFO: Run Behavior\ShowPageTraceBehavior [ RunTime:0.001907s ]
INFO: [ app_end ] --END-- [ RunTime:0.002077s ]

[ 2015-12-27T18:08:20+08:00 ] 127.0.0.1 /index.php/Back/Goods/getAttributeByTypeUpd.html?type_id=1&goods_id=31
INFO: [ app_begin ] --START--
INFO: Run Behavior\ReadHtmlCacheBehavior [ RunTime:0.001715s ]
INFO: [ app_begin ] --END-- [ RunTime:0.002812s ]
SQL: SHOW COLUMNS FROM `php41_manager` [ RunTime:0.0106s ]
SQL: SELECT r.role_auth_ac FROM php41_manager m INNER JOIN php41_role r on m.mg_role_id=r.role_id  WHERE `mg_id` = '3' LIMIT 1   [ RunTime:0.0007s ]
SQL: SHOW COLUMNS FROM `php41_goods` [ RunTime:0.0112s ]
SQL: SELECT * FROM `php41_goods` WHERE `goods_id` = 31 LIMIT 1   [ RunTime:0.0009s ]
SQL: SHOW COLUMNS FROM `php41_attribute` [ RunTime:0.0094s ]
SQL: SELECT * FROM `php41_attribute` WHERE `type_id` = 1  [ RunTime:0.0008s ]
INFO: [ app_end ] --START--
INFO: Run Behavior\ShowPageTraceBehavior [ RunTime:0.001151s ]
INFO: [ app_end ] --END-- [ RunTime:0.001262s ]

